<?xml version="1.0" encoding="UTF-8"?>
<!-- Generated by org.testng.reporters.JUnitXMLReporter -->
<testsuite hostname="Sambeets-MacBook-Air.local" ignored="24" name="iOSTest" tests="13" failures="0" timestamp="26 Jul 2017 00:32:44 GMT" time="1335.945" errors="0">
  <testcase name="test_01_Launch_UI_Catalog_HomePage" time="79.372" classname="ios.scripts.Test_01_Launch_UI_Catalog_HomePage"/>
  <testcase name="test_02_UI_Catalog_ActionSheets" time="67.044" classname="ios.scripts.Test_02_UI_Catalog_ActionSheets"/>
  <testcase name="test_03_UI_Catalog_ActivityIndicators" time="36.151" classname="ios.scripts.Test_03_UI_Catalog_ActivityIndicators"/>
  <testcase name="test_04_UI_Catalog_AlertViews" time="168.205" classname="ios.scripts.Test_04_UI_Catalog_AlertViews"/>
  <testcase name="test_05_UI_Catalog_Buttons" time="55.74" classname="ios.scripts.Test_05_UI_Catalog_Buttons"/>
  <testcase name="test_06_UI_Catalog_DatePicker" time="58.351" classname="ios.scripts.Test_06_UI_Catalog_DatePicker"/>
  <testcase name="test_07_UI_Catalog_SegmentedControls" time="139.649" classname="ios.scripts.Test_07_UI_Catalog_SegmentedControls"/>
  <testcase name="test_08_UI_Catalog_Sliders" time="61.653" classname="ios.scripts.Test_08_UI_Catalog_Sliders"/>
  <testcase name="test_09_UI_Catalog_Steppers" time="284.743" classname="ios.scripts.Test_09_UI_Catalog_Steppers"/>
  <testcase name="test_10_UI_Catalog_Switches" time="62.847" classname="ios.scripts.Test_10_UI_Catalog_Switches"/>
  <testcase name="test_11_UI_Catalog_TextFields" time="143.545" classname="ios.scripts.Test_11_UI_Catalog_TextFields"/>
  <testcase name="test_12_UI_Catalog_TextView" time="62.802" classname="ios.scripts.Test_12_UI_Catalog_TextView"/>
  <testcase name="test_13_UI_Catalog_TextView" time="115.741" classname="ios.scripts.Test_13_UI_Catalog_SearchBars"/>
  <testcase name="@BeforeSuite before_Suite" time="0.0" classname="ios.common.functions.Base_Class">
    <ignored/>
  </testcase> <!-- @BeforeSuite before_Suite -->
  <testcase name="@BeforeSuite before_Suite" time="0.0" classname="ios.common.functions.Base_Class">
    <ignored/>
  </testcase> <!-- @BeforeSuite before_Suite -->
  <testcase name="@BeforeSuite before_Suite" time="0.0" classname="ios.common.functions.Base_Class">
    <ignored/>
  </testcase> <!-- @BeforeSuite before_Suite -->
  <testcase name="@BeforeSuite before_Suite" time="0.0" classname="ios.common.functions.Base_Class">
    <ignored/>
  </testcase> <!-- @BeforeSuite before_Suite -->
  <testcase name="@BeforeSuite before_Suite" time="0.0" classname="ios.common.functions.Base_Class">
    <ignored/>
  </testcase> <!-- @BeforeSuite before_Suite -->
  <testcase name="@BeforeSuite before_Suite" time="0.0" classname="ios.common.functions.Base_Class">
    <ignored/>
  </testcase> <!-- @BeforeSuite before_Suite -->
  <testcase name="@BeforeSuite before_Suite" time="0.0" classname="ios.common.functions.Base_Class">
    <ignored/>
  </testcase> <!-- @BeforeSuite before_Suite -->
  <testcase name="@BeforeSuite before_Suite" time="0.0" classname="ios.common.functions.Base_Class">
    <ignored/>
  </testcase> <!-- @BeforeSuite before_Suite -->
  <testcase name="@BeforeSuite before_Suite" time="0.0" classname="ios.common.functions.Base_Class">
    <ignored/>
  </testcase> <!-- @BeforeSuite before_Suite -->
  <testcase name="@BeforeSuite before_Suite" time="0.0" classname="ios.common.functions.Base_Class">
    <ignored/>
  </testcase> <!-- @BeforeSuite before_Suite -->
  <testcase name="@BeforeSuite before_Suite" time="0.0" classname="ios.common.functions.Base_Class">
    <ignored/>
  </testcase> <!-- @BeforeSuite before_Suite -->
  <testcase name="@BeforeSuite before_Suite" time="0.0" classname="ios.common.functions.Base_Class">
    <ignored/>
  </testcase> <!-- @BeforeSuite before_Suite -->
  <testcase name="@AfterSuite after_Suite" time="0.0" classname="ios.common.functions.Base_Class">
    <ignored/>
  </testcase> <!-- @AfterSuite after_Suite -->
  <testcase name="@AfterSuite after_Suite" time="0.0" classname="ios.common.functions.Base_Class">
    <ignored/>
  </testcase> <!-- @AfterSuite after_Suite -->
  <testcase name="@AfterSuite after_Suite" time="0.0" classname="ios.common.functions.Base_Class">
    <ignored/>
  </testcase> <!-- @AfterSuite after_Suite -->
  <testcase name="@AfterSuite after_Suite" time="0.0" classname="ios.common.functions.Base_Class">
    <ignored/>
  </testcase> <!-- @AfterSuite after_Suite -->
  <testcase name="@AfterSuite after_Suite" time="0.0" classname="ios.common.functions.Base_Class">
    <ignored/>
  </testcase> <!-- @AfterSuite after_Suite -->
  <testcase name="@AfterSuite after_Suite" time="0.0" classname="ios.common.functions.Base_Class">
    <ignored/>
  </testcase> <!-- @AfterSuite after_Suite -->
  <testcase name="@AfterSuite after_Suite" time="0.0" classname="ios.common.functions.Base_Class">
    <ignored/>
  </testcase> <!-- @AfterSuite after_Suite -->
  <testcase name="@AfterSuite after_Suite" time="0.0" classname="ios.common.functions.Base_Class">
    <ignored/>
  </testcase> <!-- @AfterSuite after_Suite -->
  <testcase name="@AfterSuite after_Suite" time="0.0" classname="ios.common.functions.Base_Class">
    <ignored/>
  </testcase> <!-- @AfterSuite after_Suite -->
  <testcase name="@AfterSuite after_Suite" time="0.0" classname="ios.common.functions.Base_Class">
    <ignored/>
  </testcase> <!-- @AfterSuite after_Suite -->
  <testcase name="@AfterSuite after_Suite" time="0.0" classname="ios.common.functions.Base_Class">
    <ignored/>
  </testcase> <!-- @AfterSuite after_Suite -->
  <testcase name="@AfterSuite after_Suite" time="0.0" classname="ios.common.functions.Base_Class">
    <ignored/>
  </testcase> <!-- @AfterSuite after_Suite -->
</testsuite> <!-- iOSTest -->
