<?xml version="1.0" encoding="UTF-8"?>
<testng-results skipped="0" failed="0" ignored="0" total="1" passed="1">
  <reporter-output>
    <line>
      <![CDATA[07_29_2017_11_24_32_843 ***** Suite Execution Started *****]]>
    </line>
    <line>
      <![CDATA[07_29_2017_11_24_33_767 Set Desired Capabilities - iOS : iPhone]]>
    </line>
    <line>
      <![CDATA[07_29_2017_11_24_33_776 Launch iOSDriver : Capabilities [{noReset=true, platformVersion=10.3, bundleId=com.example.apple-samplecode.UICatalog, platformName=iOS, deviceName=iPhone 6}]]]>
    </line>
    <line>
      <![CDATA[********************* IOS.SCRIPTS.TEST_15_UI_CATALOG_WEBVIEW *********************]]>
    </line>
    <line>
      <![CDATA[07_29_2017_11_25_03_979 - Swiping Vertically Down ]]>
    </line>
    <line>
      <![CDATA[07_29_2017_11_25_08_687 -  Waiting For Element : [[IOSDriver:  on MAC (9ced20f9-3e18-40fa-aa7c-5a86ec5ae50d)] -> accessibility id: Web View]]]>
    </line>
    <line>
      <![CDATA[07_29_2017_11_25_09_268 -  Is the Element Displayed on Screen : [[IOSDriver:  on MAC (9ced20f9-3e18-40fa-aa7c-5a86ec5ae50d)] -> accessibility id: Web View]]]>
    </line>
    <line>
      <![CDATA[07_29_2017_11_25_09_714 -  Waiting For Element : [[IOSDriver:  on MAC (9ced20f9-3e18-40fa-aa7c-5a86ec5ae50d)] -> accessibility id: Web View]]]>
    </line>
    <line>
      <![CDATA[07_29_2017_11_25_10_208 - Fetching the text : [[IOSDriver:  on MAC (9ced20f9-3e18-40fa-aa7c-5a86ec5ae50d)] -> accessibility id: Web View]]]>
    </line>
    <line>
      <![CDATA[07_29_2017_11_25_10_711 -  Waiting For Element : [[IOSDriver:  on MAC (9ced20f9-3e18-40fa-aa7c-5a86ec5ae50d)] -> accessibility id: Web View]]]>
    </line>
    <line>
      <![CDATA[07_29_2017_11_25_12_220 - Clicked :  [[IOSDriver:  on MAC (9ced20f9-3e18-40fa-aa7c-5a86ec5ae50d)] -> accessibility id: Web View]]]>
    </line>
    <line>
      <![CDATA[07_29_2017_11_25_12_220 -  Is the Element Displayed on Screen : [[IOSDriver:  on MAC (9ced20f9-3e18-40fa-aa7c-5a86ec5ae50d)] -> accessibility id: Web View]]]>
    </line>
    <line>
      <![CDATA[07_29_2017_11_25_13_409 -  Waiting For Element : [[IOSDriver:  on MAC (9ced20f9-3e18-40fa-aa7c-5a86ec5ae50d)] -> accessibility id: Web View]]]>
    </line>
    <line>
      <![CDATA[07_29_2017_11_25_13_920 - Fetching the Attribute : name - Element : [[IOSDriver:  on MAC (9ced20f9-3e18-40fa-aa7c-5a86ec5ae50d)] -> accessibility id: Web View]]]>
    </line>
    <line>
      <![CDATA[07_29_2017_11_25_22_712 -  Waiting For Element : [[IOSDriver:  on MAC (9ced20f9-3e18-40fa-aa7c-5a86ec5ae50d)] -> xpath: //XCUIElementTypeNavigationBar[@name='Web View']/following-sibling::XCUIElementTypeOther//XCUIElementTypeTextField[1]]]]>
    </line>
    <line>
      <![CDATA[07_29_2017_11_25_24_264 -  Waiting For Element : [[IOSDriver:  on MAC (9ced20f9-3e18-40fa-aa7c-5a86ec5ae50d)] -> xpath: //XCUIElementTypeNavigationBar[@name='Web View']/following-sibling::XCUIElementTypeOther//XCUIElementTypeTextField[1]]]]>
    </line>
    <line>
      <![CDATA[07_29_2017_11_25_25_909 - Fetching the Attribute : value - Element : [[IOSDriver:  on MAC (9ced20f9-3e18-40fa-aa7c-5a86ec5ae50d)] -> xpath: //XCUIElementTypeNavigationBar[@name='Web View']/following-sibling::XCUIElementTypeOther//XCUIElementTypeTextField[1]]]]>
    </line>
    <line>
      <![CDATA[07_29_2017_11_25_39_982 - Waiting for : 1 second(s)]]>
    </line>
    <line>
      <![CDATA[07_29_2017_11_25_40_985 - Fetch The App Context Handles - Hybrid App]]>
    </line>
    <line>
      <![CDATA[07_29_2017_11_25_42_487 - Switching to Web View for Hybrid App ]]>
    </line>
    <line>
      <![CDATA[07_29_2017_11_25_43_223 - Waiting for : 1 second(s)]]>
    </line>
    <line>
      <![CDATA[07_29_2017_11_25_44_229 Capturing Screenshot and Adding to Extent Reports]]>
    </line>
    <line>
      <![CDATA[07_29_2017_11_25_44_543 -  Waiting For Element : [[IOSDriver:  on MAC (9ced20f9-3e18-40fa-aa7c-5a86ec5ae50d)] -> id: search_query_top]]]>
    </line>
    <line>
      <![CDATA[07_29_2017_11_25_45_772 - Send Keys :  [[IOSDriver:  on MAC (9ced20f9-3e18-40fa-aa7c-5a86ec5ae50d)] -> id: search_query_top]]]>
    </line>
    <line>
      <![CDATA[07_29_2017_11_25_46_169 -  Is the Element Displayed on Screen : [[IOSDriver:  on MAC (9ced20f9-3e18-40fa-aa7c-5a86ec5ae50d)] -> xpath: //h5[@itemprop='name']//a[normalize-space()='Printed Chiffon Dress'][@class='product-name']]]]>
    </line>
    <line>
      <![CDATA[07_29_2017_11_25_46_362 -  Waiting For Element : [[IOSDriver:  on MAC (9ced20f9-3e18-40fa-aa7c-5a86ec5ae50d)] -> xpath: //h5[@itemprop='name']//a[normalize-space()='Printed Chiffon Dress'][@class='product-name']]]]>
    </line>
    <line>
      <![CDATA[07_29_2017_11_25_46_717 - Fetching the text : [[IOSDriver:  on MAC (9ced20f9-3e18-40fa-aa7c-5a86ec5ae50d)] -> xpath: //h5[@itemprop='name']//a[normalize-space()='Printed Chiffon Dress'][@class='product-name']]]]>
    </line>
    <line>
      <![CDATA[07_29_2017_11_25_47_072 -  Waiting For Element : [[IOSDriver:  on MAC (9ced20f9-3e18-40fa-aa7c-5a86ec5ae50d)] -> xpath: //h5[@itemprop='name']//a[normalize-space()='Printed Chiffon Dress']/../following-sibling::div/a[@title='Add to cart']]]]>
    </line>
    <line>
      <![CDATA[07_29_2017_11_25_47_419 - Clicked :  [[IOSDriver:  on MAC (9ced20f9-3e18-40fa-aa7c-5a86ec5ae50d)] -> xpath: //h5[@itemprop='name']//a[normalize-space()='Printed Chiffon Dress']/../following-sibling::div/a[@title='Add to cart']]]]>
    </line>
    <line>
      <![CDATA[07_29_2017_11_25_47_721 -  Waiting For Element : [[IOSDriver:  on MAC (9ced20f9-3e18-40fa-aa7c-5a86ec5ae50d)] -> xpath: //div[@id='layer_cart']//span[@title='Close window']]]]>
    </line>
    <line>
      <![CDATA[07_29_2017_11_25_48_656 -  Waiting For Element : [[IOSDriver:  on MAC (9ced20f9-3e18-40fa-aa7c-5a86ec5ae50d)] -> xpath: //div[@id='layer_cart']//span[@title='Close window']]]]>
    </line>
    <line>
      <![CDATA[07_29_2017_11_25_49_183 - Clicked :  [[IOSDriver:  on MAC (9ced20f9-3e18-40fa-aa7c-5a86ec5ae50d)] -> xpath: //div[@id='layer_cart']//span[@title='Close window']]]]>
    </line>
    <line>
      <![CDATA[07_29_2017_11_25_49_318 - Waiting for : 1 second(s)]]>
    </line>
    <line>
      <![CDATA[07_29_2017_11_25_50_320 Capturing Screenshot and Adding to Extent Reports]]>
    </line>
    <line>
      <![CDATA[07_29_2017_11_25_50_908 -  Waiting For Element : [[IOSDriver:  on MAC (9ced20f9-3e18-40fa-aa7c-5a86ec5ae50d)] -> xpath: //a[@title='View my shopping cart']]]]>
    </line>
    <line>
      <![CDATA[07_29_2017_11_25_51_181 -  Is the Element Displayed on Screen : [[IOSDriver:  on MAC (9ced20f9-3e18-40fa-aa7c-5a86ec5ae50d)] -> xpath: //a[@title='View my shopping cart']]]]>
    </line>
    <line>
      <![CDATA[07_29_2017_11_25_51_369 -  Waiting For Element : [[IOSDriver:  on MAC (9ced20f9-3e18-40fa-aa7c-5a86ec5ae50d)] -> xpath: //a[@title='View my shopping cart']]]]>
    </line>
    <line>
      <![CDATA[07_29_2017_11_25_52_063 - Clicked :  [[IOSDriver:  on MAC (9ced20f9-3e18-40fa-aa7c-5a86ec5ae50d)] -> xpath: //a[@title='View my shopping cart']]]]>
    </line>
    <line>
      <![CDATA[07_29_2017_11_25_52_380 -  Waiting For Element : [[IOSDriver:  on MAC (9ced20f9-3e18-40fa-aa7c-5a86ec5ae50d)] -> xpath: //a[@id='button_order_cart']]]]>
    </line>
    <line>
      <![CDATA[07_29_2017_11_25_52_915 - Clicked :  [[IOSDriver:  on MAC (9ced20f9-3e18-40fa-aa7c-5a86ec5ae50d)] -> xpath: //a[@id='button_order_cart']]]]>
    </line>
    <line>
      <![CDATA[07_29_2017_11_25_52_964 -  Waiting For Element : [[IOSDriver:  on MAC (9ced20f9-3e18-40fa-aa7c-5a86ec5ae50d)] -> xpath: //h1[@id='cart_title']]]]>
    </line>
    <line>
      <![CDATA[07_29_2017_11_25_54_770 -  Is the Element Displayed on Screen : [[IOSDriver:  on MAC (9ced20f9-3e18-40fa-aa7c-5a86ec5ae50d)] -> xpath: //h1[@id='cart_title']]]]>
    </line>
    <line>
      <![CDATA[07_29_2017_11_25_54_918 -  Web View : Scrolling Down : ]]>
    </line>
    <line>
      <![CDATA[07_29_2017_11_25_55_077 - Waiting for : 1 second(s)]]>
    </line>
    <line>
      <![CDATA[07_29_2017_11_25_56_083 - Waiting for : 1 second(s)]]>
    </line>
    <line>
      <![CDATA[07_29_2017_11_25_57_087 Capturing Screenshot and Adding to Extent Reports]]>
    </line>
    <line>
      <![CDATA[07_29_2017_11_25_57_362 - Go Back]]>
    </line>
    <line>
      <![CDATA[07_29_2017_11_25_57_368***************** Execution Complete : TEST_15_UI_CATALOG_WEBVIEW ******************]]>
    </line>
    <line>
      <![CDATA[07_29_2017_11_25_58_726 App Closed ]]>
    </line>
    <line>
      <![CDATA[07_29_2017_11_25_59_704*** iPhone ;  ***** Suite Execution Completed *****]]>
    </line>
  </reporter-output>
  <suite name="Default suite" duration-ms="54559" started-at="2017-07-29T17:55:02Z" finished-at="2017-07-29T17:55:57Z">
    <groups>
    </groups>
    <test name="Default test" duration-ms="54559" started-at="2017-07-29T17:55:02Z" finished-at="2017-07-29T17:55:57Z">
      <class name="ios.scripts.Test_15_UI_Catalog_WebView">
        <test-method status="PASS" signature="before_Suite()[pri:0, instance:ios.scripts.Test_15_UI_Catalog_WebView@2d928643]" name="before_Suite" is-config="true" duration-ms="30014" started-at="2017-07-29T23:24:32Z" finished-at="2017-07-29T23:25:02Z">
          <reporter-output>
            <line>
              <![CDATA[07_29_2017_11_24_32_843 ***** Suite Execution Started *****]]>
            </line>
            <line>
              <![CDATA[07_29_2017_11_24_33_767 Set Desired Capabilities - iOS : iPhone]]>
            </line>
            <line>
              <![CDATA[07_29_2017_11_24_33_776 Launch iOSDriver : Capabilities [{noReset=true, platformVersion=10.3, bundleId=com.example.apple-samplecode.UICatalog, platformName=iOS, deviceName=iPhone 6}]]]>
            </line>
          </reporter-output>
        </test-method> <!-- before_Suite -->
        <test-method status="PASS" signature="before_Method()[pri:0, instance:ios.scripts.Test_15_UI_Catalog_WebView@2d928643]" name="before_Method" is-config="true" duration-ms="8" started-at="2017-07-29T23:25:03Z" finished-at="2017-07-29T23:25:03Z">
          <reporter-output>
            <line>
              <![CDATA[********************* IOS.SCRIPTS.TEST_15_UI_CATALOG_WEBVIEW *********************]]>
            </line>
          </reporter-output>
        </test-method> <!-- before_Method -->
        <test-method status="PASS" signature="test_15_UI_Catalog_WebView(java.util.Map)[pri:0, instance:ios.scripts.Test_15_UI_Catalog_WebView@2d928643]" name="test_15_UI_Catalog_WebView" duration-ms="53838" started-at="2017-07-29T23:25:03Z" data-provider="dp_Test_15_UI_Catalog_WebView" finished-at="2017-07-29T23:25:57Z">
          <params>
            <param index="0">
              <value>
                <![CDATA[{Script_name=Test_15_UI_Catalog_WebView, TestData_2=Printed Chiffon Dress, TestData_1=Printed Dress, TestData_10=, TestData_11=, TestData_12=, TestData_13=, TestData_14=, TestData_4=, TestData_3=, TestData_6=, TestData_5=, TestData_8=, TestData_7=, TestData_9=}]]>
              </value>
            </param>
          </params>
          <reporter-output>
            <line>
              <![CDATA[07_29_2017_11_25_03_979 - Swiping Vertically Down ]]>
            </line>
            <line>
              <![CDATA[07_29_2017_11_25_08_687 -  Waiting For Element : [[IOSDriver:  on MAC (9ced20f9-3e18-40fa-aa7c-5a86ec5ae50d)] -> accessibility id: Web View]]]>
            </line>
            <line>
              <![CDATA[07_29_2017_11_25_09_268 -  Is the Element Displayed on Screen : [[IOSDriver:  on MAC (9ced20f9-3e18-40fa-aa7c-5a86ec5ae50d)] -> accessibility id: Web View]]]>
            </line>
            <line>
              <![CDATA[07_29_2017_11_25_09_714 -  Waiting For Element : [[IOSDriver:  on MAC (9ced20f9-3e18-40fa-aa7c-5a86ec5ae50d)] -> accessibility id: Web View]]]>
            </line>
            <line>
              <![CDATA[07_29_2017_11_25_10_208 - Fetching the text : [[IOSDriver:  on MAC (9ced20f9-3e18-40fa-aa7c-5a86ec5ae50d)] -> accessibility id: Web View]]]>
            </line>
            <line>
              <![CDATA[07_29_2017_11_25_10_711 -  Waiting For Element : [[IOSDriver:  on MAC (9ced20f9-3e18-40fa-aa7c-5a86ec5ae50d)] -> accessibility id: Web View]]]>
            </line>
            <line>
              <![CDATA[07_29_2017_11_25_12_220 - Clicked :  [[IOSDriver:  on MAC (9ced20f9-3e18-40fa-aa7c-5a86ec5ae50d)] -> accessibility id: Web View]]]>
            </line>
            <line>
              <![CDATA[07_29_2017_11_25_12_220 -  Is the Element Displayed on Screen : [[IOSDriver:  on MAC (9ced20f9-3e18-40fa-aa7c-5a86ec5ae50d)] -> accessibility id: Web View]]]>
            </line>
            <line>
              <![CDATA[07_29_2017_11_25_13_409 -  Waiting For Element : [[IOSDriver:  on MAC (9ced20f9-3e18-40fa-aa7c-5a86ec5ae50d)] -> accessibility id: Web View]]]>
            </line>
            <line>
              <![CDATA[07_29_2017_11_25_13_920 - Fetching the Attribute : name - Element : [[IOSDriver:  on MAC (9ced20f9-3e18-40fa-aa7c-5a86ec5ae50d)] -> accessibility id: Web View]]]>
            </line>
            <line>
              <![CDATA[07_29_2017_11_25_22_712 -  Waiting For Element : [[IOSDriver:  on MAC (9ced20f9-3e18-40fa-aa7c-5a86ec5ae50d)] -> xpath: //XCUIElementTypeNavigationBar[@name='Web View']/following-sibling::XCUIElementTypeOther//XCUIElementTypeTextField[1]]]]>
            </line>
            <line>
              <![CDATA[07_29_2017_11_25_24_264 -  Waiting For Element : [[IOSDriver:  on MAC (9ced20f9-3e18-40fa-aa7c-5a86ec5ae50d)] -> xpath: //XCUIElementTypeNavigationBar[@name='Web View']/following-sibling::XCUIElementTypeOther//XCUIElementTypeTextField[1]]]]>
            </line>
            <line>
              <![CDATA[07_29_2017_11_25_25_909 - Fetching the Attribute : value - Element : [[IOSDriver:  on MAC (9ced20f9-3e18-40fa-aa7c-5a86ec5ae50d)] -> xpath: //XCUIElementTypeNavigationBar[@name='Web View']/following-sibling::XCUIElementTypeOther//XCUIElementTypeTextField[1]]]]>
            </line>
            <line>
              <![CDATA[07_29_2017_11_25_39_982 - Waiting for : 1 second(s)]]>
            </line>
            <line>
              <![CDATA[07_29_2017_11_25_40_985 - Fetch The App Context Handles - Hybrid App]]>
            </line>
            <line>
              <![CDATA[07_29_2017_11_25_42_487 - Switching to Web View for Hybrid App ]]>
            </line>
            <line>
              <![CDATA[07_29_2017_11_25_43_223 - Waiting for : 1 second(s)]]>
            </line>
            <line>
              <![CDATA[07_29_2017_11_25_44_229 Capturing Screenshot and Adding to Extent Reports]]>
            </line>
            <line>
              <![CDATA[07_29_2017_11_25_44_543 -  Waiting For Element : [[IOSDriver:  on MAC (9ced20f9-3e18-40fa-aa7c-5a86ec5ae50d)] -> id: search_query_top]]]>
            </line>
            <line>
              <![CDATA[07_29_2017_11_25_45_772 - Send Keys :  [[IOSDriver:  on MAC (9ced20f9-3e18-40fa-aa7c-5a86ec5ae50d)] -> id: search_query_top]]]>
            </line>
            <line>
              <![CDATA[07_29_2017_11_25_46_169 -  Is the Element Displayed on Screen : [[IOSDriver:  on MAC (9ced20f9-3e18-40fa-aa7c-5a86ec5ae50d)] -> xpath: //h5[@itemprop='name']//a[normalize-space()='Printed Chiffon Dress'][@class='product-name']]]]>
            </line>
            <line>
              <![CDATA[07_29_2017_11_25_46_362 -  Waiting For Element : [[IOSDriver:  on MAC (9ced20f9-3e18-40fa-aa7c-5a86ec5ae50d)] -> xpath: //h5[@itemprop='name']//a[normalize-space()='Printed Chiffon Dress'][@class='product-name']]]]>
            </line>
            <line>
              <![CDATA[07_29_2017_11_25_46_717 - Fetching the text : [[IOSDriver:  on MAC (9ced20f9-3e18-40fa-aa7c-5a86ec5ae50d)] -> xpath: //h5[@itemprop='name']//a[normalize-space()='Printed Chiffon Dress'][@class='product-name']]]]>
            </line>
            <line>
              <![CDATA[07_29_2017_11_25_47_072 -  Waiting For Element : [[IOSDriver:  on MAC (9ced20f9-3e18-40fa-aa7c-5a86ec5ae50d)] -> xpath: //h5[@itemprop='name']//a[normalize-space()='Printed Chiffon Dress']/../following-sibling::div/a[@title='Add to cart']]]]>
            </line>
            <line>
              <![CDATA[07_29_2017_11_25_47_419 - Clicked :  [[IOSDriver:  on MAC (9ced20f9-3e18-40fa-aa7c-5a86ec5ae50d)] -> xpath: //h5[@itemprop='name']//a[normalize-space()='Printed Chiffon Dress']/../following-sibling::div/a[@title='Add to cart']]]]>
            </line>
            <line>
              <![CDATA[07_29_2017_11_25_47_721 -  Waiting For Element : [[IOSDriver:  on MAC (9ced20f9-3e18-40fa-aa7c-5a86ec5ae50d)] -> xpath: //div[@id='layer_cart']//span[@title='Close window']]]]>
            </line>
            <line>
              <![CDATA[07_29_2017_11_25_48_656 -  Waiting For Element : [[IOSDriver:  on MAC (9ced20f9-3e18-40fa-aa7c-5a86ec5ae50d)] -> xpath: //div[@id='layer_cart']//span[@title='Close window']]]]>
            </line>
            <line>
              <![CDATA[07_29_2017_11_25_49_183 - Clicked :  [[IOSDriver:  on MAC (9ced20f9-3e18-40fa-aa7c-5a86ec5ae50d)] -> xpath: //div[@id='layer_cart']//span[@title='Close window']]]]>
            </line>
            <line>
              <![CDATA[07_29_2017_11_25_49_318 - Waiting for : 1 second(s)]]>
            </line>
            <line>
              <![CDATA[07_29_2017_11_25_50_320 Capturing Screenshot and Adding to Extent Reports]]>
            </line>
            <line>
              <![CDATA[07_29_2017_11_25_50_908 -  Waiting For Element : [[IOSDriver:  on MAC (9ced20f9-3e18-40fa-aa7c-5a86ec5ae50d)] -> xpath: //a[@title='View my shopping cart']]]]>
            </line>
            <line>
              <![CDATA[07_29_2017_11_25_51_181 -  Is the Element Displayed on Screen : [[IOSDriver:  on MAC (9ced20f9-3e18-40fa-aa7c-5a86ec5ae50d)] -> xpath: //a[@title='View my shopping cart']]]]>
            </line>
            <line>
              <![CDATA[07_29_2017_11_25_51_369 -  Waiting For Element : [[IOSDriver:  on MAC (9ced20f9-3e18-40fa-aa7c-5a86ec5ae50d)] -> xpath: //a[@title='View my shopping cart']]]]>
            </line>
            <line>
              <![CDATA[07_29_2017_11_25_52_063 - Clicked :  [[IOSDriver:  on MAC (9ced20f9-3e18-40fa-aa7c-5a86ec5ae50d)] -> xpath: //a[@title='View my shopping cart']]]]>
            </line>
            <line>
              <![CDATA[07_29_2017_11_25_52_380 -  Waiting For Element : [[IOSDriver:  on MAC (9ced20f9-3e18-40fa-aa7c-5a86ec5ae50d)] -> xpath: //a[@id='button_order_cart']]]]>
            </line>
            <line>
              <![CDATA[07_29_2017_11_25_52_915 - Clicked :  [[IOSDriver:  on MAC (9ced20f9-3e18-40fa-aa7c-5a86ec5ae50d)] -> xpath: //a[@id='button_order_cart']]]]>
            </line>
            <line>
              <![CDATA[07_29_2017_11_25_52_964 -  Waiting For Element : [[IOSDriver:  on MAC (9ced20f9-3e18-40fa-aa7c-5a86ec5ae50d)] -> xpath: //h1[@id='cart_title']]]]>
            </line>
            <line>
              <![CDATA[07_29_2017_11_25_54_770 -  Is the Element Displayed on Screen : [[IOSDriver:  on MAC (9ced20f9-3e18-40fa-aa7c-5a86ec5ae50d)] -> xpath: //h1[@id='cart_title']]]]>
            </line>
            <line>
              <![CDATA[07_29_2017_11_25_54_918 -  Web View : Scrolling Down : ]]>
            </line>
            <line>
              <![CDATA[07_29_2017_11_25_55_077 - Waiting for : 1 second(s)]]>
            </line>
            <line>
              <![CDATA[07_29_2017_11_25_56_083 - Waiting for : 1 second(s)]]>
            </line>
            <line>
              <![CDATA[07_29_2017_11_25_57_087 Capturing Screenshot and Adding to Extent Reports]]>
            </line>
            <line>
              <![CDATA[07_29_2017_11_25_57_362 - Go Back]]>
            </line>
          </reporter-output>
        </test-method> <!-- test_15_UI_Catalog_WebView -->
        <test-method status="PASS" signature="after_Method(org.testng.ITestResult)[pri:0, instance:ios.scripts.Test_15_UI_Catalog_WebView@2d928643]" name="after_Method" is-config="true" duration-ms="25" started-at="2017-07-29T23:25:57Z" finished-at="2017-07-29T23:25:57Z">
          <params>
            <param index="0">
              <value>
                <![CDATA[[TestResult name=test_15_UI_Catalog_WebView status=SUCCESS method=Test_15_UI_Catalog_WebView.test_15_UI_Catalog_WebView(java.util.Map)[pri:0, instance:ios.scripts.Test_15_UI_Catalog_WebView@2d928643] output=07_29_2017_11_25_03_979 - Swiping Vertically Down ]]]>
              </value>
            </param>
          </params>
          <reporter-output>
            <line>
              <![CDATA[07_29_2017_11_25_57_368***************** Execution Complete : TEST_15_UI_CATALOG_WEBVIEW ******************]]>
            </line>
          </reporter-output>
        </test-method> <!-- after_Method -->
        <test-method status="PASS" signature="after_Suite()[pri:0, instance:ios.scripts.Test_15_UI_Catalog_WebView@2d928643]" name="after_Suite" is-config="true" duration-ms="2243" started-at="2017-07-29T23:25:57Z" finished-at="2017-07-29T23:25:59Z">
          <reporter-output>
            <line>
              <![CDATA[07_29_2017_11_25_58_726 App Closed ]]>
            </line>
            <line>
              <![CDATA[07_29_2017_11_25_59_704*** iPhone ;  ***** Suite Execution Completed *****]]>
            </line>
          </reporter-output>
        </test-method> <!-- after_Suite -->
      </class> <!-- ios.scripts.Test_15_UI_Catalog_WebView -->
    </test> <!-- Default test -->
  </suite> <!-- Default suite -->
</testng-results>
