<?xml version="1.0" encoding="UTF-8"?>
<testng-results skipped="0" failed="0" ignored="28" total="43" passed="15">
  <reporter-output>
    <line>
      <![CDATA[08_04_2017_02_47_54_712 ***** Suite Execution Started *****]]>
    </line>
    <line>
      <![CDATA[08_04_2017_02_47_55_566 -  Set Desired Capabilities - iOS : iPhone]]>
    </line>
    <line>
      <![CDATA[08_04_2017_02_47_55_568 - Launch iOSDriver : Capabilities [{noReset=true, platformVersion=10.3, bundleId=com.example.apple-samplecode.UICatalog, platformName=iOS, deviceName=iPhone 7}]]]>
    </line>
    <line>
      <![CDATA[08_04_2017_02_48_20_116  ********************* IOS.SCRIPTS.TEST_01_LAUNCH_UI_CATALOG_HOMEPAGE *********************]]>
    </line>
    <line>
      <![CDATA[08_04_2017_02_48_20_502 -  Waiting For Element : [[IOSDriver:  on MAC (c660f2ee-e99c-4a5b-820c-a7151cf79f5b)] -> accessibility id: Action Sheets]]]>
    </line>
    <line>
      <![CDATA[08_04_2017_02_48_20_889 -  Is the Element Displayed on Screen : [[IOSDriver:  on MAC (c660f2ee-e99c-4a5b-820c-a7151cf79f5b)] -> accessibility id: Action Sheets]]]>
    </line>
    <line>
      <![CDATA[08_04_2017_02_48_21_361 -  Waiting For Element : [[IOSDriver:  on MAC (c660f2ee-e99c-4a5b-820c-a7151cf79f5b)] -> accessibility id: Action Sheets]]]>
    </line>
    <line>
      <![CDATA[08_04_2017_02_48_21_761 -  Fetching the text : [[IOSDriver:  on MAC (c660f2ee-e99c-4a5b-820c-a7151cf79f5b)] -> accessibility id: Action Sheets]]]>
    </line>
    <line>
      <![CDATA[08_04_2017_02_48_22_187 -  Waiting For Element : [[IOSDriver:  on MAC (c660f2ee-e99c-4a5b-820c-a7151cf79f5b)] -> accessibility id: Action Sheets]]]>
    </line>
    <line>
      <![CDATA[08_04_2017_02_48_23_427 -  Clicked :  [[IOSDriver:  on MAC (c660f2ee-e99c-4a5b-820c-a7151cf79f5b)] -> accessibility id: Action Sheets]]]>
    </line>
    <line>
      <![CDATA[08_04_2017_02_48_23_427 -  Waiting for : 1 second(s)]]>
    </line>
    <line>
      <![CDATA[08_04_2017_02_48_24_483 - Capturing Screenshot and Adding to Extent Reports]]>
    </line>
    <line>
      <![CDATA[08_04_2017_02_48_25_814 -  Go Back]]>
    </line>
    <line>
      <![CDATA[08_04_2017_02_48_25_814 -  Is the Element Displayed on Screen : [[IOSDriver:  on MAC (c660f2ee-e99c-4a5b-820c-a7151cf79f5b)] -> accessibility id: Action Sheets]]]>
    </line>
    <line>
      <![CDATA[08_04_2017_02_48_26_208 -  Waiting For Element : [[IOSDriver:  on MAC (c660f2ee-e99c-4a5b-820c-a7151cf79f5b)] -> accessibility id: Action Sheets]]]>
    </line>
    <line>
      <![CDATA[08_04_2017_02_48_26_592 -  Fetching the text : [[IOSDriver:  on MAC (c660f2ee-e99c-4a5b-820c-a7151cf79f5b)] -> accessibility id: Action Sheets]]]>
    </line>
    <line>
      <![CDATA[08_04_2017_02_48_27_952 -  Swiping Down to Element[[IOSDriver:  on MAC (c660f2ee-e99c-4a5b-820c-a7151cf79f5b)] -> accessibility id: Toolbars]]]>
    </line>
    <line>
      <![CDATA[08_04_2017_02_48_32_480 -  Swiping Down to Element[[IOSDriver:  on MAC (c660f2ee-e99c-4a5b-820c-a7151cf79f5b)] -> accessibility id: Toolbars]]]>
    </line>
    <line>
      <![CDATA[08_04_2017_02_48_39_983 -  Single Tap On Element : [[IOSDriver:  on MAC (c660f2ee-e99c-4a5b-820c-a7151cf79f5b)] -> accessibility id: Toolbars]]]>
    </line>
    <line>
      <![CDATA[08_04_2017_02_48_40_233 -  Waiting For Element : [[IOSDriver:  on MAC (c660f2ee-e99c-4a5b-820c-a7151cf79f5b)] -> accessibility id: Toolbars]]]>
    </line>
    <line>
      <![CDATA[08_04_2017_02_48_40_432 -  Waiting for : 1 second(s)]]>
    </line>
    <line>
      <![CDATA[08_04_2017_02_48_41_504 - Capturing Screenshot and Adding to Extent Reports]]>
    </line>
    <line>
      <![CDATA[08_04_2017_02_48_42_951 -  Go Back]]>
    </line>
    <line>
      <![CDATA[08_04_2017_02_48_42_951 -  Waiting For Element : [[IOSDriver:  on MAC (c660f2ee-e99c-4a5b-820c-a7151cf79f5b)] -> accessibility id: Toolbars]]]>
    </line>
    <line>
      <![CDATA[08_04_2017_02_48_43_319 -  Fetching the text : [[IOSDriver:  on MAC (c660f2ee-e99c-4a5b-820c-a7151cf79f5b)] -> accessibility id: Toolbars]]]>
    </line>
    <line>
      <![CDATA[08_04_2017_02_48_44_543 -  Swiping Down to Element[[IOSDriver:  on MAC (c660f2ee-e99c-4a5b-820c-a7151cf79f5b)] -> accessibility id: Action Sheets]]]>
    </line>
    <line>
      <![CDATA[08_04_2017_02_48_49_087 -  Swiping Down to Element[[IOSDriver:  on MAC (c660f2ee-e99c-4a5b-820c-a7151cf79f5b)] -> accessibility id: Action Sheets]]]>
    </line>
    <line>
      <![CDATA[08_04_2017_02_48_53_625  ***************** Execution Complete : TEST_01_LAUNCH_UI_CATALOG_HOMEPAGE ******************]]>
    </line>
    <line>
      <![CDATA[08_04_2017_02_48_53_628  ********************* IOS.SCRIPTS.TEST_02_UI_CATALOG_ACTIONSHEETS *********************]]>
    </line>
    <line>
      <![CDATA[08_04_2017_02_48_53_933 -  Waiting For Element : [[IOSDriver:  on MAC (c660f2ee-e99c-4a5b-820c-a7151cf79f5b)] -> accessibility id: Action Sheets]]]>
    </line>
    <line>
      <![CDATA[08_04_2017_02_48_54_260 -  Is the Element Displayed on Screen : [[IOSDriver:  on MAC (c660f2ee-e99c-4a5b-820c-a7151cf79f5b)] -> accessibility id: Action Sheets]]]>
    </line>
    <line>
      <![CDATA[08_04_2017_02_48_54_535 -  Waiting For Element : [[IOSDriver:  on MAC (c660f2ee-e99c-4a5b-820c-a7151cf79f5b)] -> accessibility id: Action Sheets]]]>
    </line>
    <line>
      <![CDATA[08_04_2017_02_48_54_802 -  Fetching the text : [[IOSDriver:  on MAC (c660f2ee-e99c-4a5b-820c-a7151cf79f5b)] -> accessibility id: Action Sheets]]]>
    </line>
    <line>
      <![CDATA[08_04_2017_02_48_55_079 -  Waiting For Element : [[IOSDriver:  on MAC (c660f2ee-e99c-4a5b-820c-a7151cf79f5b)] -> accessibility id: Action Sheets]]]>
    </line>
    <line>
      <![CDATA[08_04_2017_02_48_56_088 -  Clicked :  [[IOSDriver:  on MAC (c660f2ee-e99c-4a5b-820c-a7151cf79f5b)] -> accessibility id: Action Sheets]]]>
    </line>
    <line>
      <![CDATA[08_04_2017_02_48_56_486 -  Waiting For Element : [[IOSDriver:  on MAC (c660f2ee-e99c-4a5b-820c-a7151cf79f5b)] -> accessibility id: Action Sheets]]]>
    </line>
    <line>
      <![CDATA[08_04_2017_02_48_56_771 -  Is the Element Displayed on Screen : [[IOSDriver:  on MAC (c660f2ee-e99c-4a5b-820c-a7151cf79f5b)] -> accessibility id: Action Sheets]]]>
    </line>
    <line>
      <![CDATA[08_04_2017_02_48_57_185 -  Waiting For Element : [[IOSDriver:  on MAC (c660f2ee-e99c-4a5b-820c-a7151cf79f5b)] -> accessibility id: Okay / Cancel]]]>
    </line>
    <line>
      <![CDATA[08_04_2017_02_48_57_387 -  Is the Element Displayed on Screen : [[IOSDriver:  on MAC (c660f2ee-e99c-4a5b-820c-a7151cf79f5b)] -> accessibility id: Okay / Cancel]]]>
    </line>
    <line>
      <![CDATA[08_04_2017_02_48_57_829 -  Waiting For Element : [[IOSDriver:  on MAC (c660f2ee-e99c-4a5b-820c-a7151cf79f5b)] -> accessibility id: Other]]]>
    </line>
    <line>
      <![CDATA[08_04_2017_02_48_58_016 -  Is the Element Displayed on Screen : [[IOSDriver:  on MAC (c660f2ee-e99c-4a5b-820c-a7151cf79f5b)] -> accessibility id: Other]]]>
    </line>
    <line>
      <![CDATA[08_04_2017_02_48_58_537 -  Waiting For Element : [[IOSDriver:  on MAC (c660f2ee-e99c-4a5b-820c-a7151cf79f5b)] -> accessibility id: Back]]]>
    </line>
    <line>
      <![CDATA[08_04_2017_02_48_58_732 -  Is the Element Displayed on Screen : [[IOSDriver:  on MAC (c660f2ee-e99c-4a5b-820c-a7151cf79f5b)] -> accessibility id: Back]]]>
    </line>
    <line>
      <![CDATA[08_04_2017_02_48_59_164 -  Waiting For Element : [[IOSDriver:  on MAC (c660f2ee-e99c-4a5b-820c-a7151cf79f5b)] -> accessibility id: UICatalog]]]>
    </line>
    <line>
      <![CDATA[08_04_2017_02_48_59_367 -  Is the Element Displayed on Screen : [[IOSDriver:  on MAC (c660f2ee-e99c-4a5b-820c-a7151cf79f5b)] -> accessibility id: UICatalog]]]>
    </line>
    <line>
      <![CDATA[08_04_2017_02_48_59_753 -  Waiting For Element : [[IOSDriver:  on MAC (c660f2ee-e99c-4a5b-820c-a7151cf79f5b)] -> accessibility id: Okay / Cancel]]]>
    </line>
    <line>
      <![CDATA[08_04_2017_02_49_00_506 -  Clicked :  [[IOSDriver:  on MAC (c660f2ee-e99c-4a5b-820c-a7151cf79f5b)] -> accessibility id: Okay / Cancel]]]>
    </line>
    <line>
      <![CDATA[08_04_2017_02_49_00_721 -  Waiting For Element : [[IOSDriver:  on MAC (c660f2ee-e99c-4a5b-820c-a7151cf79f5b)] -> accessibility id: OK]]]>
    </line>
    <line>
      <![CDATA[08_04_2017_02_49_00_879 -  Is the Element Displayed on Screen : [[IOSDriver:  on MAC (c660f2ee-e99c-4a5b-820c-a7151cf79f5b)] -> accessibility id: OK]]]>
    </line>
    <line>
      <![CDATA[08_04_2017_02_49_01_190 -  Waiting For Element : [[IOSDriver:  on MAC (c660f2ee-e99c-4a5b-820c-a7151cf79f5b)] -> accessibility id: Cancel]]]>
    </line>
    <line>
      <![CDATA[08_04_2017_02_49_01_336 -  Is the Element Displayed on Screen : [[IOSDriver:  on MAC (c660f2ee-e99c-4a5b-820c-a7151cf79f5b)] -> accessibility id: Cancel]]]>
    </line>
    <line>
      <![CDATA[08_04_2017_02_49_01_620 -  Waiting For Element : [[IOSDriver:  on MAC (c660f2ee-e99c-4a5b-820c-a7151cf79f5b)] -> accessibility id: OK]]]>
    </line>
    <line>
      <![CDATA[08_04_2017_02_49_01_760 -  Fetching the text : [[IOSDriver:  on MAC (c660f2ee-e99c-4a5b-820c-a7151cf79f5b)] -> accessibility id: OK]]]>
    </line>
    <line>
      <![CDATA[08_04_2017_02_49_01_888 -  Waiting for : 1 second(s)]]>
    </line>
    <line>
      <![CDATA[08_04_2017_02_49_02_960 - Capturing Screenshot and Adding to Extent Reports]]>
    </line>
    <line>
      <![CDATA[08_04_2017_02_49_03_217 -  Waiting For Element : [[IOSDriver:  on MAC (c660f2ee-e99c-4a5b-820c-a7151cf79f5b)] -> accessibility id: OK]]]>
    </line>
    <line>
      <![CDATA[08_04_2017_02_49_04_004 -  Clicked :  [[IOSDriver:  on MAC (c660f2ee-e99c-4a5b-820c-a7151cf79f5b)] -> accessibility id: OK]]]>
    </line>
    <line>
      <![CDATA[08_04_2017_02_49_05_326 -  Waiting For Element : [[IOSDriver:  on MAC (c660f2ee-e99c-4a5b-820c-a7151cf79f5b)] -> accessibility id: Action Sheets]]]>
    </line>
    <line>
      <![CDATA[08_04_2017_02_49_05_602 -  Is the Element Displayed on Screen : [[IOSDriver:  on MAC (c660f2ee-e99c-4a5b-820c-a7151cf79f5b)] -> accessibility id: Action Sheets]]]>
    </line>
    <line>
      <![CDATA[08_04_2017_02_49_06_083 -  Waiting For Element : [[IOSDriver:  on MAC (c660f2ee-e99c-4a5b-820c-a7151cf79f5b)] -> accessibility id: Okay / Cancel]]]>
    </line>
    <line>
      <![CDATA[08_04_2017_02_49_06_896 -  Clicked :  [[IOSDriver:  on MAC (c660f2ee-e99c-4a5b-820c-a7151cf79f5b)] -> accessibility id: Okay / Cancel]]]>
    </line>
    <line>
      <![CDATA[08_04_2017_02_49_07_126 -  Waiting For Element : [[IOSDriver:  on MAC (c660f2ee-e99c-4a5b-820c-a7151cf79f5b)] -> accessibility id: Cancel]]]>
    </line>
    <line>
      <![CDATA[08_04_2017_02_49_07_924 -  Clicked :  [[IOSDriver:  on MAC (c660f2ee-e99c-4a5b-820c-a7151cf79f5b)] -> accessibility id: Cancel]]]>
    </line>
    <line>
      <![CDATA[08_04_2017_02_49_09_517 -  Waiting For Element : [[IOSDriver:  on MAC (c660f2ee-e99c-4a5b-820c-a7151cf79f5b)] -> accessibility id: Action Sheets]]]>
    </line>
    <line>
      <![CDATA[08_04_2017_02_49_09_711 -  Is the Element Displayed on Screen : [[IOSDriver:  on MAC (c660f2ee-e99c-4a5b-820c-a7151cf79f5b)] -> accessibility id: Action Sheets]]]>
    </line>
    <line>
      <![CDATA[08_04_2017_02_49_12_557 -  Single Tap On Element : [[IOSDriver:  on MAC (c660f2ee-e99c-4a5b-820c-a7151cf79f5b)] -> accessibility id: Other]]]>
    </line>
    <line>
      <![CDATA[08_04_2017_02_49_12_723 -  Waiting For Element : [[IOSDriver:  on MAC (c660f2ee-e99c-4a5b-820c-a7151cf79f5b)] -> accessibility id: Safe Choice]]]>
    </line>
    <line>
      <![CDATA[08_04_2017_02_49_12_864 -  Is the Element Displayed on Screen : [[IOSDriver:  on MAC (c660f2ee-e99c-4a5b-820c-a7151cf79f5b)] -> accessibility id: Safe Choice]]]>
    </line>
    <line>
      <![CDATA[08_04_2017_02_49_13_146 -  Waiting For Element : [[IOSDriver:  on MAC (c660f2ee-e99c-4a5b-820c-a7151cf79f5b)] -> accessibility id: Destructive Choice]]]>
    </line>
    <line>
      <![CDATA[08_04_2017_02_49_13_270 -  Is the Element Displayed on Screen : [[IOSDriver:  on MAC (c660f2ee-e99c-4a5b-820c-a7151cf79f5b)] -> accessibility id: Destructive Choice]]]>
    </line>
    <line>
      <![CDATA[08_04_2017_02_49_13_552 -  Waiting For Element : [[IOSDriver:  on MAC (c660f2ee-e99c-4a5b-820c-a7151cf79f5b)] -> accessibility id: Safe Choice]]]>
    </line>
    <line>
      <![CDATA[08_04_2017_02_49_13_686 -  Fetching the text : [[IOSDriver:  on MAC (c660f2ee-e99c-4a5b-820c-a7151cf79f5b)] -> accessibility id: Safe Choice]]]>
    </line>
    <line>
      <![CDATA[08_04_2017_02_49_13_945 -  Waiting For Element : [[IOSDriver:  on MAC (c660f2ee-e99c-4a5b-820c-a7151cf79f5b)] -> accessibility id: Destructive Choice]]]>
    </line>
    <line>
      <![CDATA[08_04_2017_02_49_14_081 -  Fetching the text : [[IOSDriver:  on MAC (c660f2ee-e99c-4a5b-820c-a7151cf79f5b)] -> accessibility id: Destructive Choice]]]>
    </line>
    <line>
      <![CDATA[08_04_2017_02_49_14_196 -  Waiting for : 1 second(s)]]>
    </line>
    <line>
      <![CDATA[08_04_2017_02_49_15_269 - Capturing Screenshot and Adding to Extent Reports]]>
    </line>
    <line>
      <![CDATA[08_04_2017_02_49_17_953 -  Single Tap On Element : [[IOSDriver:  on MAC (c660f2ee-e99c-4a5b-820c-a7151cf79f5b)] -> accessibility id: Safe Choice]]]>
    </line>
    <line>
      <![CDATA[08_04_2017_02_49_20_611 -  Single Tap On Element : [[IOSDriver:  on MAC (c660f2ee-e99c-4a5b-820c-a7151cf79f5b)] -> accessibility id: Other]]]>
    </line>
    <line>
      <![CDATA[08_04_2017_02_49_23_074 -  Single Tap On Element : [[IOSDriver:  on MAC (c660f2ee-e99c-4a5b-820c-a7151cf79f5b)] -> accessibility id: Destructive Choice]]]>
    </line>
    <line>
      <![CDATA[08_04_2017_02_49_24_287 -  Go Back]]>
    </line>
    <line>
      <![CDATA[08_04_2017_02_49_24_288 -  Waiting For Element : [[IOSDriver:  on MAC (c660f2ee-e99c-4a5b-820c-a7151cf79f5b)] -> accessibility id: Action Sheets]]]>
    </line>
    <line>
      <![CDATA[08_04_2017_02_49_25_393 -  Clicked :  [[IOSDriver:  on MAC (c660f2ee-e99c-4a5b-820c-a7151cf79f5b)] -> accessibility id: Action Sheets]]]>
    </line>
    <line>
      <![CDATA[08_04_2017_02_49_28_197 -  Single Tap On Element : [[IOSDriver:  on MAC (c660f2ee-e99c-4a5b-820c-a7151cf79f5b)] -> accessibility id: Back]]]>
    </line>
    <line>
      <![CDATA[08_04_2017_02_49_28_198  ***************** Execution Complete : TEST_02_UI_CATALOG_ACTIONSHEETS ******************]]>
    </line>
    <line>
      <![CDATA[08_04_2017_02_49_28_199  ********************* IOS.SCRIPTS.TEST_03_UI_CATALOG_ACTIVITYINDICATORS *********************]]>
    </line>
    <line>
      <![CDATA[08_04_2017_02_49_28_528 -  Waiting For Element : [[IOSDriver:  on MAC (c660f2ee-e99c-4a5b-820c-a7151cf79f5b)] -> accessibility id: Activity Indicators]]]>
    </line>
    <line>
      <![CDATA[08_04_2017_02_49_28_825 -  Is the Element Displayed on Screen : [[IOSDriver:  on MAC (c660f2ee-e99c-4a5b-820c-a7151cf79f5b)] -> accessibility id: Activity Indicators]]]>
    </line>
    <line>
      <![CDATA[08_04_2017_02_49_29_126 -  Waiting For Element : [[IOSDriver:  on MAC (c660f2ee-e99c-4a5b-820c-a7151cf79f5b)] -> accessibility id: Activity Indicators]]]>
    </line>
    <line>
      <![CDATA[08_04_2017_02_49_29_415 -  Fetching the text : [[IOSDriver:  on MAC (c660f2ee-e99c-4a5b-820c-a7151cf79f5b)] -> accessibility id: Activity Indicators]]]>
    </line>
    <line>
      <![CDATA[08_04_2017_02_49_29_697 -  Waiting For Element : [[IOSDriver:  on MAC (c660f2ee-e99c-4a5b-820c-a7151cf79f5b)] -> accessibility id: Activity Indicators]]]>
    </line>
    <line>
      <![CDATA[08_04_2017_02_49_30_780 -  Clicked :  [[IOSDriver:  on MAC (c660f2ee-e99c-4a5b-820c-a7151cf79f5b)] -> accessibility id: Activity Indicators]]]>
    </line>
    <line>
      <![CDATA[08_04_2017_02_49_31_211 -  Waiting For Element : [[IOSDriver:  on MAC (c660f2ee-e99c-4a5b-820c-a7151cf79f5b)] -> accessibility id: Activity Indicators]]]>
    </line>
    <line>
      <![CDATA[08_04_2017_02_49_31_559 -  Is the Element Displayed on Screen : [[IOSDriver:  on MAC (c660f2ee-e99c-4a5b-820c-a7151cf79f5b)] -> accessibility id: Activity Indicators]]]>
    </line>
    <line>
      <![CDATA[08_04_2017_02_49_32_023 -  Waiting For Element : [[IOSDriver:  on MAC (c660f2ee-e99c-4a5b-820c-a7151cf79f5b)] -> accessibility id: GRAY]]]>
    </line>
    <line>
      <![CDATA[08_04_2017_02_49_32_242 -  Is the Element Displayed on Screen : [[IOSDriver:  on MAC (c660f2ee-e99c-4a5b-820c-a7151cf79f5b)] -> accessibility id: GRAY]]]>
    </line>
    <line>
      <![CDATA[08_04_2017_02_49_32_670 -  Waiting For Element : [[IOSDriver:  on MAC (c660f2ee-e99c-4a5b-820c-a7151cf79f5b)] -> accessibility id: TINTED]]]>
    </line>
    <line>
      <![CDATA[08_04_2017_02_49_32_870 -  Is the Element Displayed on Screen : [[IOSDriver:  on MAC (c660f2ee-e99c-4a5b-820c-a7151cf79f5b)] -> accessibility id: TINTED]]]>
    </line>
    <line>
      <![CDATA[08_04_2017_02_49_33_858 -  Waiting For Element : [[IOSDriver:  on MAC (c660f2ee-e99c-4a5b-820c-a7151cf79f5b)] -> xpath: //XCUIElementTypeActivityIndicator[1]]]]>
    </line>
    <line>
      <![CDATA[08_04_2017_02_49_34_727 -  Waiting for : 1 second(s)]]>
    </line>
    <line>
      <![CDATA[08_04_2017_02_49_35_798 - Capturing Screenshot and Adding to Extent Reports]]>
    </line>
    <line>
      <![CDATA[08_04_2017_02_49_37_187 -  Go Back]]>
    </line>
    <line>
      <![CDATA[08_04_2017_02_49_37_188 -  Waiting For Element : [[IOSDriver:  on MAC (c660f2ee-e99c-4a5b-820c-a7151cf79f5b)] -> accessibility id: Activity Indicators]]]>
    </line>
    <line>
      <![CDATA[08_04_2017_02_49_38_368 -  Clicked :  [[IOSDriver:  on MAC (c660f2ee-e99c-4a5b-820c-a7151cf79f5b)] -> accessibility id: Activity Indicators]]]>
    </line>
    <line>
      <![CDATA[08_04_2017_02_49_41_233 -  Single Tap On Element : [[IOSDriver:  on MAC (c660f2ee-e99c-4a5b-820c-a7151cf79f5b)] -> accessibility id: Back]]]>
    </line>
    <line>
      <![CDATA[08_04_2017_02_49_41_233  ***************** Execution Complete : TEST_03_UI_CATALOG_ACTIVITYINDICATORS ******************]]>
    </line>
    <line>
      <![CDATA[08_04_2017_02_49_41_256  ********************* IOS.SCRIPTS.TEST_04_UI_CATALOG_ALERTVIEWS *********************]]>
    </line>
    <line>
      <![CDATA[08_04_2017_02_49_41_613 -  Waiting For Element : [[IOSDriver:  on MAC (c660f2ee-e99c-4a5b-820c-a7151cf79f5b)] -> accessibility id: Alert Views]]]>
    </line>
    <line>
      <![CDATA[08_04_2017_02_49_41_936 -  Is the Element Displayed on Screen : [[IOSDriver:  on MAC (c660f2ee-e99c-4a5b-820c-a7151cf79f5b)] -> accessibility id: Alert Views]]]>
    </line>
    <line>
      <![CDATA[08_04_2017_02_49_42_265 -  Waiting For Element : [[IOSDriver:  on MAC (c660f2ee-e99c-4a5b-820c-a7151cf79f5b)] -> accessibility id: Alert Views]]]>
    </line>
    <line>
      <![CDATA[08_04_2017_02_49_42_579 -  Fetching the text : [[IOSDriver:  on MAC (c660f2ee-e99c-4a5b-820c-a7151cf79f5b)] -> accessibility id: Alert Views]]]>
    </line>
    <line>
      <![CDATA[08_04_2017_02_49_42_907 -  Waiting For Element : [[IOSDriver:  on MAC (c660f2ee-e99c-4a5b-820c-a7151cf79f5b)] -> accessibility id: Alert Views]]]>
    </line>
    <line>
      <![CDATA[08_04_2017_02_49_43_926 -  Clicked :  [[IOSDriver:  on MAC (c660f2ee-e99c-4a5b-820c-a7151cf79f5b)] -> accessibility id: Alert Views]]]>
    </line>
    <line>
      <![CDATA[08_04_2017_02_49_44_358 -  Waiting For Element : [[IOSDriver:  on MAC (c660f2ee-e99c-4a5b-820c-a7151cf79f5b)] -> accessibility id: Alert Views]]]>
    </line>
    <line>
      <![CDATA[08_04_2017_02_49_44_730 -  Is the Element Displayed on Screen : [[IOSDriver:  on MAC (c660f2ee-e99c-4a5b-820c-a7151cf79f5b)] -> accessibility id: Alert Views]]]>
    </line>
    <line>
      <![CDATA[08_04_2017_02_49_45_187 -  Waiting For Element : [[IOSDriver:  on MAC (c660f2ee-e99c-4a5b-820c-a7151cf79f5b)] -> accessibility id: Simple]]]>
    </line>
    <line>
      <![CDATA[08_04_2017_02_49_45_417 -  Is the Element Displayed on Screen : [[IOSDriver:  on MAC (c660f2ee-e99c-4a5b-820c-a7151cf79f5b)] -> accessibility id: Simple]]]>
    </line>
    <line>
      <![CDATA[08_04_2017_02_49_45_874 -  Waiting For Element : [[IOSDriver:  on MAC (c660f2ee-e99c-4a5b-820c-a7151cf79f5b)] -> accessibility id: Okay / Cancel]]]>
    </line>
    <line>
      <![CDATA[08_04_2017_02_49_46_078 -  Is the Element Displayed on Screen : [[IOSDriver:  on MAC (c660f2ee-e99c-4a5b-820c-a7151cf79f5b)] -> accessibility id: Okay / Cancel]]]>
    </line>
    <line>
      <![CDATA[08_04_2017_02_49_46_519 -  Waiting For Element : [[IOSDriver:  on MAC (c660f2ee-e99c-4a5b-820c-a7151cf79f5b)] -> accessibility id: Other]]]>
    </line>
    <line>
      <![CDATA[08_04_2017_02_49_46_724 -  Is the Element Displayed on Screen : [[IOSDriver:  on MAC (c660f2ee-e99c-4a5b-820c-a7151cf79f5b)] -> accessibility id: Other]]]>
    </line>
    <line>
      <![CDATA[08_04_2017_02_49_47_198 -  Waiting For Element : [[IOSDriver:  on MAC (c660f2ee-e99c-4a5b-820c-a7151cf79f5b)] -> accessibility id: Text Entry]]]>
    </line>
    <line>
      <![CDATA[08_04_2017_02_49_47_408 -  Is the Element Displayed on Screen : [[IOSDriver:  on MAC (c660f2ee-e99c-4a5b-820c-a7151cf79f5b)] -> accessibility id: Text Entry]]]>
    </line>
    <line>
      <![CDATA[08_04_2017_02_49_47_919 -  Waiting For Element : [[IOSDriver:  on MAC (c660f2ee-e99c-4a5b-820c-a7151cf79f5b)] -> accessibility id: Secure Text Entry]]]>
    </line>
    <line>
      <![CDATA[08_04_2017_02_49_48_157 -  Is the Element Displayed on Screen : [[IOSDriver:  on MAC (c660f2ee-e99c-4a5b-820c-a7151cf79f5b)] -> accessibility id: Secure Text Entry]]]>
    </line>
    <line>
      <![CDATA[08_04_2017_02_49_48_571 -  Waiting For Element : [[IOSDriver:  on MAC (c660f2ee-e99c-4a5b-820c-a7151cf79f5b)] -> accessibility id: Simple]]]>
    </line>
    <line>
      <![CDATA[08_04_2017_02_49_49_323 -  Clicked :  [[IOSDriver:  on MAC (c660f2ee-e99c-4a5b-820c-a7151cf79f5b)] -> accessibility id: Simple]]]>
    </line>
    <line>
      <![CDATA[08_04_2017_02_49_49_324 -  Waiting For alert to be displayed ]]>
    </line>
    <line>
      <![CDATA[08_04_2017_02_49_49_882 -  Waiting for : 1 second(s)]]>
    </line>
    <line>
      <![CDATA[08_04_2017_02_49_50_925 - Capturing Screenshot and Adding to Extent Reports]]>
    </line>
    <line>
      <![CDATA[08_04_2017_02_49_51_178 -  Waiting For Element : [[IOSDriver:  on MAC (c660f2ee-e99c-4a5b-820c-a7151cf79f5b)] -> accessibility id: A Short Title Is Best]]]>
    </line>
    <line>
      <![CDATA[08_04_2017_02_49_51_307 -  Is the Element Displayed on Screen : [[IOSDriver:  on MAC (c660f2ee-e99c-4a5b-820c-a7151cf79f5b)] -> accessibility id: A Short Title Is Best]]]>
    </line>
    <line>
      <![CDATA[08_04_2017_02_49_51_443 -  Waiting For Element : [[IOSDriver:  on MAC (c660f2ee-e99c-4a5b-820c-a7151cf79f5b)] -> accessibility id: A Short Title Is Best]]]>
    </line>
    <line>
      <![CDATA[08_04_2017_02_49_51_577 -  Fetching the text : [[IOSDriver:  on MAC (c660f2ee-e99c-4a5b-820c-a7151cf79f5b)] -> accessibility id: A Short Title Is Best]]]>
    </line>
    <line>
      <![CDATA[08_04_2017_02_49_51_709 -  Waiting For Element : [[IOSDriver:  on MAC (c660f2ee-e99c-4a5b-820c-a7151cf79f5b)] -> accessibility id: A Short Title Is Best]]]>
    </line>
    <line>
      <![CDATA[08_04_2017_02_49_51_834 -  Fetching the text : [[IOSDriver:  on MAC (c660f2ee-e99c-4a5b-820c-a7151cf79f5b)] -> accessibility id: A Short Title Is Best]]]>
    </line>
    <line>
      <![CDATA[08_04_2017_02_49_52_130 -  Waiting For Element : [[IOSDriver:  on MAC (c660f2ee-e99c-4a5b-820c-a7151cf79f5b)] -> accessibility id: A message should be a short, complete sentence.]]]>
    </line>
    <line>
      <![CDATA[08_04_2017_02_49_52_264 -  Is the Element Displayed on Screen : [[IOSDriver:  on MAC (c660f2ee-e99c-4a5b-820c-a7151cf79f5b)] -> accessibility id: A message should be a short, complete sentence.]]]>
    </line>
    <line>
      <![CDATA[08_04_2017_02_49_52_405 -  Waiting For Element : [[IOSDriver:  on MAC (c660f2ee-e99c-4a5b-820c-a7151cf79f5b)] -> accessibility id: A message should be a short, complete sentence.]]]>
    </line>
    <line>
      <![CDATA[08_04_2017_02_49_52_552 -  Fetching the text : [[IOSDriver:  on MAC (c660f2ee-e99c-4a5b-820c-a7151cf79f5b)] -> accessibility id: A message should be a short, complete sentence.]]]>
    </line>
    <line>
      <![CDATA[08_04_2017_02_49_52_693 -  Waiting For Element : [[IOSDriver:  on MAC (c660f2ee-e99c-4a5b-820c-a7151cf79f5b)] -> accessibility id: A message should be a short, complete sentence.]]]>
    </line>
    <line>
      <![CDATA[08_04_2017_02_49_52_833 -  Fetching the text : [[IOSDriver:  on MAC (c660f2ee-e99c-4a5b-820c-a7151cf79f5b)] -> accessibility id: A message should be a short, complete sentence.]]]>
    </line>
    <line>
      <![CDATA[08_04_2017_02_49_53_134 -  Waiting For Element : [[IOSDriver:  on MAC (c660f2ee-e99c-4a5b-820c-a7151cf79f5b)] -> accessibility id: OK]]]>
    </line>
    <line>
      <![CDATA[08_04_2017_02_49_53_268 -  Is the Element Displayed on Screen : [[IOSDriver:  on MAC (c660f2ee-e99c-4a5b-820c-a7151cf79f5b)] -> accessibility id: OK]]]>
    </line>
    <line>
      <![CDATA[08_04_2017_02_49_54_616 -  Accepted Alert]]>
    </line>
    <line>
      <![CDATA[08_04_2017_02_49_55_593 -  Waiting For Element : [[IOSDriver:  on MAC (c660f2ee-e99c-4a5b-820c-a7151cf79f5b)] -> xpath: //XCUIElementTypeStaticText[@name='Okay / Cancel']]]]>
    </line>
    <line>
      <![CDATA[08_04_2017_02_49_56_372 -  Clicked :  [[IOSDriver:  on MAC (c660f2ee-e99c-4a5b-820c-a7151cf79f5b)] -> xpath: //XCUIElementTypeStaticText[@name='Okay / Cancel']]]]>
    </line>
    <line>
      <![CDATA[08_04_2017_02_49_56_372 -  Waiting For alert to be displayed ]]>
    </line>
    <line>
      <![CDATA[08_04_2017_02_49_57_004 -  Waiting for : 1 second(s)]]>
    </line>
    <line>
      <![CDATA[08_04_2017_02_49_58_077 - Capturing Screenshot and Adding to Extent Reports]]>
    </line>
    <line>
      <![CDATA[08_04_2017_02_49_58_160 -  Is the Element Displayed on Screen : [[IOSDriver:  on MAC (c660f2ee-e99c-4a5b-820c-a7151cf79f5b)] -> accessibility id: A Short Title Is Best]]]>
    </line>
    <line>
      <![CDATA[08_04_2017_02_49_58_297 -  Waiting For Element : [[IOSDriver:  on MAC (c660f2ee-e99c-4a5b-820c-a7151cf79f5b)] -> accessibility id: A Short Title Is Best]]]>
    </line>
    <line>
      <![CDATA[08_04_2017_02_49_58_443 -  Fetching the text : [[IOSDriver:  on MAC (c660f2ee-e99c-4a5b-820c-a7151cf79f5b)] -> accessibility id: A Short Title Is Best]]]>
    </line>
    <line>
      <![CDATA[08_04_2017_02_49_58_603 -  Is the Element Displayed on Screen : [[IOSDriver:  on MAC (c660f2ee-e99c-4a5b-820c-a7151cf79f5b)] -> accessibility id: A message should be a short, complete sentence.]]]>
    </line>
    <line>
      <![CDATA[08_04_2017_02_49_58_737 -  Waiting For Element : [[IOSDriver:  on MAC (c660f2ee-e99c-4a5b-820c-a7151cf79f5b)] -> accessibility id: A message should be a short, complete sentence.]]]>
    </line>
    <line>
      <![CDATA[08_04_2017_02_49_58_865 -  Fetching the text : [[IOSDriver:  on MAC (c660f2ee-e99c-4a5b-820c-a7151cf79f5b)] -> accessibility id: A message should be a short, complete sentence.]]]>
    </line>
    <line>
      <![CDATA[08_04_2017_02_50_00_390 -  Accepted Alert]]>
    </line>
    <line>
      <![CDATA[08_04_2017_02_50_01_271 -  Waiting For Element : [[IOSDriver:  on MAC (c660f2ee-e99c-4a5b-820c-a7151cf79f5b)] -> xpath: //XCUIElementTypeStaticText[@name='Okay / Cancel']]]]>
    </line>
    <line>
      <![CDATA[08_04_2017_02_50_02_050 -  Clicked :  [[IOSDriver:  on MAC (c660f2ee-e99c-4a5b-820c-a7151cf79f5b)] -> xpath: //XCUIElementTypeStaticText[@name='Okay / Cancel']]]]>
    </line>
    <line>
      <![CDATA[08_04_2017_02_50_02_050 -  Waiting For alert to be displayed ]]>
    </line>
    <line>
      <![CDATA[08_04_2017_02_50_04_111 -  Dismissed Alert]]>
    </line>
    <line>
      <![CDATA[08_04_2017_02_50_04_355 -  Waiting For Element : [[IOSDriver:  on MAC (c660f2ee-e99c-4a5b-820c-a7151cf79f5b)] -> accessibility id: Other]]]>
    </line>
    <line>
      <![CDATA[08_04_2017_02_50_05_176 -  Clicked :  [[IOSDriver:  on MAC (c660f2ee-e99c-4a5b-820c-a7151cf79f5b)] -> accessibility id: Other]]]>
    </line>
    <line>
      <![CDATA[08_04_2017_02_50_05_178 -  Waiting For alert to be displayed ]]>
    </line>
    <line>
      <![CDATA[08_04_2017_02_50_05_891 -  Is the Element Displayed on Screen : [[IOSDriver:  on MAC (c660f2ee-e99c-4a5b-820c-a7151cf79f5b)] -> accessibility id: A Short Title Is Best]]]>
    </line>
    <line>
      <![CDATA[08_04_2017_02_50_06_040 -  Waiting For Element : [[IOSDriver:  on MAC (c660f2ee-e99c-4a5b-820c-a7151cf79f5b)] -> accessibility id: A Short Title Is Best]]]>
    </line>
    <line>
      <![CDATA[08_04_2017_02_50_06_203 -  Fetching the text : [[IOSDriver:  on MAC (c660f2ee-e99c-4a5b-820c-a7151cf79f5b)] -> accessibility id: A Short Title Is Best]]]>
    </line>
    <line>
      <![CDATA[08_04_2017_02_50_06_339 -  Is the Element Displayed on Screen : [[IOSDriver:  on MAC (c660f2ee-e99c-4a5b-820c-a7151cf79f5b)] -> accessibility id: A message should be a short, complete sentence.]]]>
    </line>
    <line>
      <![CDATA[08_04_2017_02_50_06_489 -  Waiting For Element : [[IOSDriver:  on MAC (c660f2ee-e99c-4a5b-820c-a7151cf79f5b)] -> accessibility id: A message should be a short, complete sentence.]]]>
    </line>
    <line>
      <![CDATA[08_04_2017_02_50_06_625 -  Fetching the text : [[IOSDriver:  on MAC (c660f2ee-e99c-4a5b-820c-a7151cf79f5b)] -> accessibility id: A message should be a short, complete sentence.]]]>
    </line>
    <line>
      <![CDATA[08_04_2017_02_50_06_958 -  Waiting For Element : [[IOSDriver:  on MAC (c660f2ee-e99c-4a5b-820c-a7151cf79f5b)] -> accessibility id: Choice One]]]>
    </line>
    <line>
      <![CDATA[08_04_2017_02_50_07_121 -  Is the Element Displayed on Screen : [[IOSDriver:  on MAC (c660f2ee-e99c-4a5b-820c-a7151cf79f5b)] -> accessibility id: Choice One]]]>
    </line>
    <line>
      <![CDATA[08_04_2017_02_50_08_809 -  Waiting For Element : [[IOSDriver:  on MAC (c660f2ee-e99c-4a5b-820c-a7151cf79f5b)] -> xpath: //XCUIElementTypeButton[@name='Choice Two']]]]>
    </line>
    <line>
      <![CDATA[08_04_2017_02_50_08_954 -  Is the Element Displayed on Screen : [[IOSDriver:  on MAC (c660f2ee-e99c-4a5b-820c-a7151cf79f5b)] -> xpath: //XCUIElementTypeButton[@name='Choice Two']]]]>
    </line>
    <line>
      <![CDATA[08_04_2017_02_50_11_715 -  Single Tap On Element : [[IOSDriver:  on MAC (c660f2ee-e99c-4a5b-820c-a7151cf79f5b)] -> accessibility id: Choice One]]]>
    </line>
    <line>
      <![CDATA[08_04_2017_02_50_11_952 -  Waiting For Element : [[IOSDriver:  on MAC (c660f2ee-e99c-4a5b-820c-a7151cf79f5b)] -> accessibility id: Other]]]>
    </line>
    <line>
      <![CDATA[08_04_2017_02_50_12_765 -  Clicked :  [[IOSDriver:  on MAC (c660f2ee-e99c-4a5b-820c-a7151cf79f5b)] -> accessibility id: Other]]]>
    </line>
    <line>
      <![CDATA[08_04_2017_02_50_12_765 -  Waiting For alert to be displayed ]]>
    </line>
    <line>
      <![CDATA[08_04_2017_02_50_13_573 -  Waiting for : 1 second(s)]]>
    </line>
    <line>
      <![CDATA[08_04_2017_02_50_14_639 - Capturing Screenshot and Adding to Extent Reports]]>
    </line>
    <line>
      <![CDATA[08_04_2017_02_50_18_694 -  Single Tap On Element : [[IOSDriver:  on MAC (c660f2ee-e99c-4a5b-820c-a7151cf79f5b)] -> xpath: //XCUIElementTypeButton[@name='Choice Two']]]]>
    </line>
    <line>
      <![CDATA[08_04_2017_02_50_18_968 -  Waiting For Element : [[IOSDriver:  on MAC (c660f2ee-e99c-4a5b-820c-a7151cf79f5b)] -> accessibility id: Other]]]>
    </line>
    <line>
      <![CDATA[08_04_2017_02_50_19_776 -  Clicked :  [[IOSDriver:  on MAC (c660f2ee-e99c-4a5b-820c-a7151cf79f5b)] -> accessibility id: Other]]]>
    </line>
    <line>
      <![CDATA[08_04_2017_02_50_19_776 -  Waiting For alert to be displayed ]]>
    </line>
    <line>
      <![CDATA[08_04_2017_02_50_22_076 -  Dismissed Alert]]>
    </line>
    <line>
      <![CDATA[08_04_2017_02_50_22_373 -  Waiting For Element : [[IOSDriver:  on MAC (c660f2ee-e99c-4a5b-820c-a7151cf79f5b)] -> accessibility id: Text Entry]]]>
    </line>
    <line>
      <![CDATA[08_04_2017_02_50_23_217 -  Clicked :  [[IOSDriver:  on MAC (c660f2ee-e99c-4a5b-820c-a7151cf79f5b)] -> accessibility id: Text Entry]]]>
    </line>
    <line>
      <![CDATA[08_04_2017_02_50_23_217 -  Waiting For alert to be displayed ]]>
    </line>
    <line>
      <![CDATA[08_04_2017_02_50_24_343 -  Waiting For Element : [[IOSDriver:  on MAC (c660f2ee-e99c-4a5b-820c-a7151cf79f5b)] -> accessibility id: A Short Title Is Best]]]>
    </line>
    <line>
      <![CDATA[08_04_2017_02_50_24_542 -  Fetching the text : [[IOSDriver:  on MAC (c660f2ee-e99c-4a5b-820c-a7151cf79f5b)] -> accessibility id: A Short Title Is Best]]]>
    </line>
    <line>
      <![CDATA[08_04_2017_02_50_24_746 -  Waiting For Element : [[IOSDriver:  on MAC (c660f2ee-e99c-4a5b-820c-a7151cf79f5b)] -> accessibility id: A message should be a short, complete sentence.]]]>
    </line>
    <line>
      <![CDATA[08_04_2017_02_50_24_943 -  Fetching the text : [[IOSDriver:  on MAC (c660f2ee-e99c-4a5b-820c-a7151cf79f5b)] -> accessibility id: A message should be a short, complete sentence.]]]>
    </line>
    <line>
      <![CDATA[08_04_2017_02_50_27_703 -  Waiting For Element : [[IOSDriver:  on MAC (c660f2ee-e99c-4a5b-820c-a7151cf79f5b)] -> xpath: //XCUIElementTypeAlert[@name='A Short Title Is Best']//XCUIElementTypeTextField]]]>
    </line>
    <line>
      <![CDATA[08_04_2017_02_50_27_926 -  Is the Element Displayed on Screen : [[IOSDriver:  on MAC (c660f2ee-e99c-4a5b-820c-a7151cf79f5b)] -> xpath: //XCUIElementTypeAlert[@name='A Short Title Is Best']//XCUIElementTypeTextField]]]>
    </line>
    <line>
      <![CDATA[08_04_2017_02_50_31_945 -  Waiting for : 1 second(s)]]>
    </line>
    <line>
      <![CDATA[08_04_2017_02_50_33_019 - Capturing Screenshot and Adding to Extent Reports]]>
    </line>
    <line>
      <![CDATA[08_04_2017_02_50_35_153 -  Accepted Alert]]>
    </line>
    <line>
      <![CDATA[08_04_2017_02_50_35_567 -  Waiting For Element : [[IOSDriver:  on MAC (c660f2ee-e99c-4a5b-820c-a7151cf79f5b)] -> accessibility id: Text Entry]]]>
    </line>
    <line>
      <![CDATA[08_04_2017_02_50_36_549 -  Clicked :  [[IOSDriver:  on MAC (c660f2ee-e99c-4a5b-820c-a7151cf79f5b)] -> accessibility id: Text Entry]]]>
    </line>
    <line>
      <![CDATA[08_04_2017_02_50_36_549 -  Waiting For alert to be displayed ]]>
    </line>
    <line>
      <![CDATA[08_04_2017_02_50_43_597 -  Dismissed Alert]]>
    </line>
    <line>
      <![CDATA[08_04_2017_02_50_44_025 -  Waiting For Element : [[IOSDriver:  on MAC (c660f2ee-e99c-4a5b-820c-a7151cf79f5b)] -> accessibility id: Secure Text Entry]]]>
    </line>
    <line>
      <![CDATA[08_04_2017_02_50_44_865 -  Clicked :  [[IOSDriver:  on MAC (c660f2ee-e99c-4a5b-820c-a7151cf79f5b)] -> accessibility id: Secure Text Entry]]]>
    </line>
    <line>
      <![CDATA[08_04_2017_02_50_44_865 -  Waiting For alert to be displayed ]]>
    </line>
    <line>
      <![CDATA[08_04_2017_02_50_45_929 -  Waiting For Element : [[IOSDriver:  on MAC (c660f2ee-e99c-4a5b-820c-a7151cf79f5b)] -> accessibility id: A Short Title Is Best]]]>
    </line>
    <line>
      <![CDATA[08_04_2017_02_50_46_196 -  Fetching the text : [[IOSDriver:  on MAC (c660f2ee-e99c-4a5b-820c-a7151cf79f5b)] -> accessibility id: A Short Title Is Best]]]>
    </line>
    <line>
      <![CDATA[08_04_2017_02_50_46_396 -  Waiting For Element : [[IOSDriver:  on MAC (c660f2ee-e99c-4a5b-820c-a7151cf79f5b)] -> accessibility id: A message should be a short, complete sentence.]]]>
    </line>
    <line>
      <![CDATA[08_04_2017_02_50_46_608 -  Fetching the text : [[IOSDriver:  on MAC (c660f2ee-e99c-4a5b-820c-a7151cf79f5b)] -> accessibility id: A message should be a short, complete sentence.]]]>
    </line>
    <line>
      <![CDATA[08_04_2017_02_50_49_270 -  Waiting For Element : [[IOSDriver:  on MAC (c660f2ee-e99c-4a5b-820c-a7151cf79f5b)] -> xpath: //XCUIElementTypeAlert[@name='A Short Title Is Best']//XCUIElementTypeSecureTextField]]]>
    </line>
    <line>
      <![CDATA[08_04_2017_02_50_49_517 -  Is the Element Displayed on Screen : [[IOSDriver:  on MAC (c660f2ee-e99c-4a5b-820c-a7151cf79f5b)] -> xpath: //XCUIElementTypeAlert[@name='A Short Title Is Best']//XCUIElementTypeSecureTextField]]]>
    </line>
    <line>
      <![CDATA[08_04_2017_02_50_53_462 -  Waiting for : 1 second(s)]]>
    </line>
    <line>
      <![CDATA[08_04_2017_02_50_54_536 - Capturing Screenshot and Adding to Extent Reports]]>
    </line>
    <line>
      <![CDATA[08_04_2017_02_50_56_623 -  Accepted Alert]]>
    </line>
    <line>
      <![CDATA[08_04_2017_02_50_57_072 -  Waiting For Element : [[IOSDriver:  on MAC (c660f2ee-e99c-4a5b-820c-a7151cf79f5b)] -> accessibility id: Secure Text Entry]]]>
    </line>
    <line>
      <![CDATA[08_04_2017_02_50_57_971 -  Clicked :  [[IOSDriver:  on MAC (c660f2ee-e99c-4a5b-820c-a7151cf79f5b)] -> accessibility id: Secure Text Entry]]]>
    </line>
    <line>
      <![CDATA[08_04_2017_02_50_57_971 -  Waiting For alert to be displayed ]]>
    </line>
    <line>
      <![CDATA[08_04_2017_02_51_04_828 -  Dismissed Alert]]>
    </line>
    <line>
      <![CDATA[08_04_2017_02_51_06_366 -  Go Back]]>
    </line>
    <line>
      <![CDATA[08_04_2017_02_51_06_367  ***************** Execution Complete : TEST_04_UI_CATALOG_ALERTVIEWS ******************]]>
    </line>
    <line>
      <![CDATA[08_04_2017_02_51_06_369  ********************* IOS.SCRIPTS.TEST_05_UI_CATALOG_BUTTONS *********************]]>
    </line>
    <line>
      <![CDATA[08_04_2017_02_51_06_872 -  Waiting For Element : [[IOSDriver:  on MAC (c660f2ee-e99c-4a5b-820c-a7151cf79f5b)] -> accessibility id: Buttons]]]>
    </line>
    <line>
      <![CDATA[08_04_2017_02_51_07_264 -  Is the Element Displayed on Screen : [[IOSDriver:  on MAC (c660f2ee-e99c-4a5b-820c-a7151cf79f5b)] -> accessibility id: Buttons]]]>
    </line>
    <line>
      <![CDATA[08_04_2017_02_51_07_648 -  Waiting For Element : [[IOSDriver:  on MAC (c660f2ee-e99c-4a5b-820c-a7151cf79f5b)] -> accessibility id: Buttons]]]>
    </line>
    <line>
      <![CDATA[08_04_2017_02_51_08_008 -  Fetching the text : [[IOSDriver:  on MAC (c660f2ee-e99c-4a5b-820c-a7151cf79f5b)] -> accessibility id: Buttons]]]>
    </line>
    <line>
      <![CDATA[08_04_2017_02_51_08_354 -  Waiting For Element : [[IOSDriver:  on MAC (c660f2ee-e99c-4a5b-820c-a7151cf79f5b)] -> accessibility id: Buttons]]]>
    </line>
    <line>
      <![CDATA[08_04_2017_02_51_09_462 -  Clicked :  [[IOSDriver:  on MAC (c660f2ee-e99c-4a5b-820c-a7151cf79f5b)] -> accessibility id: Buttons]]]>
    </line>
    <line>
      <![CDATA[08_04_2017_02_51_09_462 -  Waiting for : 1 second(s)]]>
    </line>
    <line>
      <![CDATA[08_04_2017_02_51_10_538 - Capturing Screenshot and Adding to Extent Reports]]>
    </line>
    <line>
      <![CDATA[08_04_2017_02_51_10_617 -  Is the Element Displayed on Screen : [[IOSDriver:  on MAC (c660f2ee-e99c-4a5b-820c-a7151cf79f5b)] -> accessibility id: Buttons]]]>
    </line>
    <line>
      <![CDATA[08_04_2017_02_51_12_052 -  Waiting For Element : [[IOSDriver:  on MAC (c660f2ee-e99c-4a5b-820c-a7151cf79f5b)] -> xpath: //XCUIElementTypeOther[@label='SYSTEM (TEXT)']]]]>
    </line>
    <line>
      <![CDATA[08_04_2017_02_51_12_298 -  Is the Element Displayed on Screen : [[IOSDriver:  on MAC (c660f2ee-e99c-4a5b-820c-a7151cf79f5b)] -> xpath: //XCUIElementTypeOther[@label='SYSTEM (TEXT)']]]]>
    </line>
    <line>
      <![CDATA[08_04_2017_02_51_13_649 -  Waiting For Element : [[IOSDriver:  on MAC (c660f2ee-e99c-4a5b-820c-a7151cf79f5b)] -> xpath: //XCUIElementTypeButton[@name='Button']]]]>
    </line>
    <line>
      <![CDATA[08_04_2017_02_51_13_900 -  Is the Element Displayed on Screen : [[IOSDriver:  on MAC (c660f2ee-e99c-4a5b-820c-a7151cf79f5b)] -> xpath: //XCUIElementTypeButton[@name='Button']]]]>
    </line>
    <line>
      <![CDATA[08_04_2017_02_51_15_324 -  Waiting For Element : [[IOSDriver:  on MAC (c660f2ee-e99c-4a5b-820c-a7151cf79f5b)] -> xpath: //XCUIElementTypeOther[@label='SYSTEM (CONTACT ADD)']]]]>
    </line>
    <line>
      <![CDATA[08_04_2017_02_51_15_649 -  Is the Element Displayed on Screen : [[IOSDriver:  on MAC (c660f2ee-e99c-4a5b-820c-a7151cf79f5b)] -> xpath: //XCUIElementTypeOther[@label='SYSTEM (CONTACT ADD)']]]]>
    </line>
    <line>
      <![CDATA[08_04_2017_02_51_16_209 -  Waiting For Element : [[IOSDriver:  on MAC (c660f2ee-e99c-4a5b-820c-a7151cf79f5b)] -> accessibility id: SYSTEM (DETAIL DISCLOSURE)]]]>
    </line>
    <line>
      <![CDATA[08_04_2017_02_51_16_449 -  Is the Element Displayed on Screen : [[IOSDriver:  on MAC (c660f2ee-e99c-4a5b-820c-a7151cf79f5b)] -> accessibility id: SYSTEM (DETAIL DISCLOSURE)]]]>
    </line>
    <line>
      <![CDATA[08_04_2017_02_51_16_977 -  Waiting For Element : [[IOSDriver:  on MAC (c660f2ee-e99c-4a5b-820c-a7151cf79f5b)] -> accessibility id: More Info]]]>
    </line>
    <line>
      <![CDATA[08_04_2017_02_51_17_300 -  Is the Element Displayed on Screen : [[IOSDriver:  on MAC (c660f2ee-e99c-4a5b-820c-a7151cf79f5b)] -> accessibility id: More Info]]]>
    </line>
    <line>
      <![CDATA[08_04_2017_02_51_17_818 -  Waiting For Element : [[IOSDriver:  on MAC (c660f2ee-e99c-4a5b-820c-a7151cf79f5b)] -> accessibility id: X Button]]]>
    </line>
    <line>
      <![CDATA[08_04_2017_02_51_18_074 -  Is the Element Displayed on Screen : [[IOSDriver:  on MAC (c660f2ee-e99c-4a5b-820c-a7151cf79f5b)] -> accessibility id: X Button]]]>
    </line>
    <line>
      <![CDATA[08_04_2017_02_51_18_615 -  Waiting For Element : [[IOSDriver:  on MAC (c660f2ee-e99c-4a5b-820c-a7151cf79f5b)] -> accessibility id: IMAGE]]]>
    </line>
    <line>
      <![CDATA[08_04_2017_02_51_18_852 -  Is the Element Displayed on Screen : [[IOSDriver:  on MAC (c660f2ee-e99c-4a5b-820c-a7151cf79f5b)] -> accessibility id: IMAGE]]]>
    </line>
    <line>
      <![CDATA[08_04_2017_02_51_19_454 -  Waiting For Element : [[IOSDriver:  on MAC (c660f2ee-e99c-4a5b-820c-a7151cf79f5b)] -> accessibility id: ATTRIBUTED TEXT]]]>
    </line>
    <line>
      <![CDATA[08_04_2017_02_51_19_759 -  Is the Element Displayed on Screen : [[IOSDriver:  on MAC (c660f2ee-e99c-4a5b-820c-a7151cf79f5b)] -> accessibility id: ATTRIBUTED TEXT]]]>
    </line>
    <line>
      <![CDATA[08_04_2017_02_51_20_200 -  Swiping Vertically Down ]]>
    </line>
    <line>
      <![CDATA[08_04_2017_02_51_30_080 -  Go Back]]>
    </line>
    <line>
      <![CDATA[08_04_2017_02_51_30_081  ***************** Execution Complete : TEST_05_UI_CATALOG_BUTTONS ******************]]>
    </line>
    <line>
      <![CDATA[08_04_2017_02_51_30_082  ********************* IOS.SCRIPTS.TEST_06_UI_CATALOG_DATEPICKER *********************]]>
    </line>
    <line>
      <![CDATA[08_04_2017_02_51_30_558 -  Waiting For Element : [[IOSDriver:  on MAC (c660f2ee-e99c-4a5b-820c-a7151cf79f5b)] -> accessibility id: Date Picker]]]>
    </line>
    <line>
      <![CDATA[08_04_2017_02_51_30_900 -  Is the Element Displayed on Screen : [[IOSDriver:  on MAC (c660f2ee-e99c-4a5b-820c-a7151cf79f5b)] -> accessibility id: Date Picker]]]>
    </line>
    <line>
      <![CDATA[08_04_2017_02_51_31_172 -  Waiting For Element : [[IOSDriver:  on MAC (c660f2ee-e99c-4a5b-820c-a7151cf79f5b)] -> accessibility id: Date Picker]]]>
    </line>
    <line>
      <![CDATA[08_04_2017_02_51_31_514 -  Fetching the text : [[IOSDriver:  on MAC (c660f2ee-e99c-4a5b-820c-a7151cf79f5b)] -> accessibility id: Date Picker]]]>
    </line>
    <line>
      <![CDATA[08_04_2017_02_51_31_802 -  Waiting For Element : [[IOSDriver:  on MAC (c660f2ee-e99c-4a5b-820c-a7151cf79f5b)] -> accessibility id: Date Picker]]]>
    </line>
    <line>
      <![CDATA[08_04_2017_02_51_32_807 -  Clicked :  [[IOSDriver:  on MAC (c660f2ee-e99c-4a5b-820c-a7151cf79f5b)] -> accessibility id: Date Picker]]]>
    </line>
    <line>
      <![CDATA[08_04_2017_02_51_32_807 -  Waiting for : 1 second(s)]]>
    </line>
    <line>
      <![CDATA[08_04_2017_02_51_33_880 - Capturing Screenshot and Adding to Extent Reports]]>
    </line>
    <line>
      <![CDATA[08_04_2017_02_51_34_031 -  Is the Element Displayed on Screen : [[IOSDriver:  on MAC (c660f2ee-e99c-4a5b-820c-a7151cf79f5b)] -> accessibility id: Date Picker]]]>
    </line>
    <line>
      <![CDATA[08_04_2017_02_51_35_061 -  Waiting For Element : [[IOSDriver:  on MAC (c660f2ee-e99c-4a5b-820c-a7151cf79f5b)] -> xpath: //XCUIElementTypeStaticText[contains(@name,'2017')]]]]>
    </line>
    <line>
      <![CDATA[08_04_2017_02_51_35_281 -  Is the Element Displayed on Screen : [[IOSDriver:  on MAC (c660f2ee-e99c-4a5b-820c-a7151cf79f5b)] -> xpath: //XCUIElementTypeStaticText[contains(@name,'2017')]]]]>
    </line>
    <line>
      <![CDATA[08_04_2017_02_51_36_329 -  Waiting For Elements : [[[IOSDriver:  on MAC (c660f2ee-e99c-4a5b-820c-a7151cf79f5b)] -> xpath: //XCUIElementTypeDatePicker/XCUIElementTypeOther/XCUIElementTypePickerWheel], [[IOSDriver:  on MAC (c660f2ee-e99c-4a5b-820c-a7151cf79f5b)] -> xpath: //XCUIElementTypeDatePicker/XCUIElementTypeOther/XCUIElementTypePickerWheel], [[IOSDriver:  on MAC (c660f2ee-e99c-4a5b-820c-a7151cf79f5b)] -> xpath: //XCUIElementTypeDatePicker/XCUIElementTypeOther/XCUIElementTypePickerWheel], [[IOSDriver:  on MAC (c660f2ee-e99c-4a5b-820c-a7151cf79f5b)] -> xpath: //XCUIElementTypeDatePicker/XCUIElementTypeOther/XCUIElementTypePickerWheel]]]]>
    </line>
    <line>
      <![CDATA[08_04_2017_02_51_37_404 -  Is the Element Displayed on Screen : [[IOSDriver:  on MAC (c660f2ee-e99c-4a5b-820c-a7151cf79f5b)] -> xpath: //XCUIElementTypeDatePicker/XCUIElementTypeOther/XCUIElementTypePickerWheel]]]>
    </line>
    <line>
      <![CDATA[08_04_2017_02_51_37_661 - Swiping ]]>
    </line>
    <line>
      <![CDATA[08_04_2017_02_51_40_571 -  Is the Element Displayed on Screen : [[IOSDriver:  on MAC (c660f2ee-e99c-4a5b-820c-a7151cf79f5b)] -> xpath: //XCUIElementTypeDatePicker/XCUIElementTypeOther/XCUIElementTypePickerWheel]]]>
    </line>
    <line>
      <![CDATA[08_04_2017_02_51_40_762 - Swiping ]]>
    </line>
    <line>
      <![CDATA[08_04_2017_02_51_44_231 -  Is the Element Displayed on Screen : [[IOSDriver:  on MAC (c660f2ee-e99c-4a5b-820c-a7151cf79f5b)] -> xpath: //XCUIElementTypeDatePicker/XCUIElementTypeOther/XCUIElementTypePickerWheel]]]>
    </line>
    <line>
      <![CDATA[08_04_2017_02_51_44_455 - Swiping ]]>
    </line>
    <line>
      <![CDATA[08_04_2017_02_51_47_303 -  Is the Element Displayed on Screen : [[IOSDriver:  on MAC (c660f2ee-e99c-4a5b-820c-a7151cf79f5b)] -> xpath: //XCUIElementTypeDatePicker/XCUIElementTypeOther/XCUIElementTypePickerWheel]]]>
    </line>
    <line>
      <![CDATA[08_04_2017_02_51_47_502 - Swiping ]]>
    </line>
    <line>
      <![CDATA[08_04_2017_02_51_50_765 -  Waiting for : 1 second(s)]]>
    </line>
    <line>
      <![CDATA[08_04_2017_02_51_51_833 - Capturing Screenshot and Adding to Extent Reports]]>
    </line>
    <line>
      <![CDATA[08_04_2017_02_51_53_169 -  Go Back]]>
    </line>
    <line>
      <![CDATA[08_04_2017_02_51_53_169  ***************** Execution Complete : TEST_06_UI_CATALOG_DATEPICKER ******************]]>
    </line>
    <line>
      <![CDATA[08_04_2017_02_51_53_179  ********************* IOS.SCRIPTS.TEST_07_UI_CATALOG_SEGMENTEDCONTROLS *********************]]>
    </line>
    <line>
      <![CDATA[08_04_2017_02_51_53_509 -  Swiping Vertically Down ]]>
    </line>
    <line>
      <![CDATA[08_04_2017_02_51_58_080 -  Waiting For Element : [[IOSDriver:  on MAC (c660f2ee-e99c-4a5b-820c-a7151cf79f5b)] -> accessibility id: Segmented Controls]]]>
    </line>
    <line>
      <![CDATA[08_04_2017_02_51_58_356 -  Is the Element Displayed on Screen : [[IOSDriver:  on MAC (c660f2ee-e99c-4a5b-820c-a7151cf79f5b)] -> accessibility id: Segmented Controls]]]>
    </line>
    <line>
      <![CDATA[08_04_2017_02_51_58_650 -  Waiting For Element : [[IOSDriver:  on MAC (c660f2ee-e99c-4a5b-820c-a7151cf79f5b)] -> accessibility id: Segmented Controls]]]>
    </line>
    <line>
      <![CDATA[08_04_2017_02_51_58_922 -  Fetching the text : [[IOSDriver:  on MAC (c660f2ee-e99c-4a5b-820c-a7151cf79f5b)] -> accessibility id: Segmented Controls]]]>
    </line>
    <line>
      <![CDATA[08_04_2017_02_51_59_208 -  Waiting For Element : [[IOSDriver:  on MAC (c660f2ee-e99c-4a5b-820c-a7151cf79f5b)] -> accessibility id: Segmented Controls]]]>
    </line>
    <line>
      <![CDATA[08_04_2017_02_52_00_182 -  Clicked :  [[IOSDriver:  on MAC (c660f2ee-e99c-4a5b-820c-a7151cf79f5b)] -> accessibility id: Segmented Controls]]]>
    </line>
    <line>
      <![CDATA[08_04_2017_02_52_00_182 -  Waiting for : 1 second(s)]]>
    </line>
    <line>
      <![CDATA[08_04_2017_02_52_01_249 - Capturing Screenshot and Adding to Extent Reports]]>
    </line>
    <line>
      <![CDATA[08_04_2017_02_52_01_390 -  Is the Element Displayed on Screen : [[IOSDriver:  on MAC (c660f2ee-e99c-4a5b-820c-a7151cf79f5b)] -> accessibility id: Segmented Controls]]]>
    </line>
    <line>
      <![CDATA[08_04_2017_02_52_02_913 -  Waiting For Element : [[IOSDriver:  on MAC (c660f2ee-e99c-4a5b-820c-a7151cf79f5b)] -> xpath: //XCUIElementTypeOther[@name='DEFAULT']]]]>
    </line>
    <line>
      <![CDATA[08_04_2017_02_52_03_180 -  Fetching the text : [[IOSDriver:  on MAC (c660f2ee-e99c-4a5b-820c-a7151cf79f5b)] -> xpath: //XCUIElementTypeOther[@name='DEFAULT']]]]>
    </line>
    <line>
      <![CDATA[08_04_2017_02_52_04_720 -  Waiting For Element : [[IOSDriver:  on MAC (c660f2ee-e99c-4a5b-820c-a7151cf79f5b)] -> xpath: //XCUIElementTypeCell[1]//XCUIElementTypeButton[@name='Check']]]]>
    </line>
    <line>
      <![CDATA[08_04_2017_02_52_05_016 -  Waiting For Element : [[IOSDriver:  on MAC (c660f2ee-e99c-4a5b-820c-a7151cf79f5b)] -> xpath: //XCUIElementTypeCell[1]//XCUIElementTypeButton[@name='Check']]]]>
    </line>
    <line>
      <![CDATA[08_04_2017_02_52_05_254 -  Fetching the Attribute : name - Element : [[IOSDriver:  on MAC (c660f2ee-e99c-4a5b-820c-a7151cf79f5b)] -> xpath: //XCUIElementTypeCell[1]//XCUIElementTypeButton[@name='Check']]]]>
    </line>
    <line>
      <![CDATA[08_04_2017_02_52_05_520 -  Waiting For Element : [[IOSDriver:  on MAC (c660f2ee-e99c-4a5b-820c-a7151cf79f5b)] -> xpath: //XCUIElementTypeCell[1]//XCUIElementTypeButton[@name='Check']]]]>
    </line>
    <line>
      <![CDATA[08_04_2017_02_52_06_455 -  Clicked :  [[IOSDriver:  on MAC (c660f2ee-e99c-4a5b-820c-a7151cf79f5b)] -> xpath: //XCUIElementTypeCell[1]//XCUIElementTypeButton[@name='Check']]]]>
    </line>
    <line>
      <![CDATA[08_04_2017_02_52_07_766 -  Waiting For Element : [[IOSDriver:  on MAC (c660f2ee-e99c-4a5b-820c-a7151cf79f5b)] -> xpath: //XCUIElementTypeCell[1]//XCUIElementTypeButton[@name='Search']]]]>
    </line>
    <line>
      <![CDATA[08_04_2017_02_52_08_056 -  Waiting For Element : [[IOSDriver:  on MAC (c660f2ee-e99c-4a5b-820c-a7151cf79f5b)] -> xpath: //XCUIElementTypeCell[1]//XCUIElementTypeButton[@name='Search']]]]>
    </line>
    <line>
      <![CDATA[08_04_2017_02_52_08_300 -  Fetching the Attribute : name - Element : [[IOSDriver:  on MAC (c660f2ee-e99c-4a5b-820c-a7151cf79f5b)] -> xpath: //XCUIElementTypeCell[1]//XCUIElementTypeButton[@name='Search']]]]>
    </line>
    <line>
      <![CDATA[08_04_2017_02_52_08_553 -  Waiting For Element : [[IOSDriver:  on MAC (c660f2ee-e99c-4a5b-820c-a7151cf79f5b)] -> xpath: //XCUIElementTypeCell[1]//XCUIElementTypeButton[@name='Search']]]]>
    </line>
    <line>
      <![CDATA[08_04_2017_02_52_09_457 -  Clicked :  [[IOSDriver:  on MAC (c660f2ee-e99c-4a5b-820c-a7151cf79f5b)] -> xpath: //XCUIElementTypeCell[1]//XCUIElementTypeButton[@name='Search']]]]>
    </line>
    <line>
      <![CDATA[08_04_2017_02_52_10_952 -  Waiting For Element : [[IOSDriver:  on MAC (c660f2ee-e99c-4a5b-820c-a7151cf79f5b)] -> xpath: //XCUIElementTypeCell[1]//XCUIElementTypeButton[@name='Tools']]]]>
    </line>
    <line>
      <![CDATA[08_04_2017_02_52_11_251 -  Waiting For Element : [[IOSDriver:  on MAC (c660f2ee-e99c-4a5b-820c-a7151cf79f5b)] -> xpath: //XCUIElementTypeCell[1]//XCUIElementTypeButton[@name='Tools']]]]>
    </line>
    <line>
      <![CDATA[08_04_2017_02_52_11_513 -  Fetching the Attribute : name - Element : [[IOSDriver:  on MAC (c660f2ee-e99c-4a5b-820c-a7151cf79f5b)] -> xpath: //XCUIElementTypeCell[1]//XCUIElementTypeButton[@name='Tools']]]]>
    </line>
    <line>
      <![CDATA[08_04_2017_02_52_11_801 -  Waiting For Element : [[IOSDriver:  on MAC (c660f2ee-e99c-4a5b-820c-a7151cf79f5b)] -> xpath: //XCUIElementTypeCell[1]//XCUIElementTypeButton[@name='Tools']]]]>
    </line>
    <line>
      <![CDATA[08_04_2017_02_52_12_866 -  Clicked :  [[IOSDriver:  on MAC (c660f2ee-e99c-4a5b-820c-a7151cf79f5b)] -> xpath: //XCUIElementTypeCell[1]//XCUIElementTypeButton[@name='Tools']]]]>
    </line>
    <line>
      <![CDATA[08_04_2017_02_52_14_321 -  Waiting For Element : [[IOSDriver:  on MAC (c660f2ee-e99c-4a5b-820c-a7151cf79f5b)] -> xpath: //XCUIElementTypeOther[@name='TINTED']]]]>
    </line>
    <line>
      <![CDATA[08_04_2017_02_52_14_605 -  Fetching the text : [[IOSDriver:  on MAC (c660f2ee-e99c-4a5b-820c-a7151cf79f5b)] -> xpath: //XCUIElementTypeOther[@name='TINTED']]]]>
    </line>
    <line>
      <![CDATA[08_04_2017_02_52_16_318 -  Waiting For Element : [[IOSDriver:  on MAC (c660f2ee-e99c-4a5b-820c-a7151cf79f5b)] -> xpath: //XCUIElementTypeCell[2]//XCUIElementTypeButton[@name='Check']]]]>
    </line>
    <line>
      <![CDATA[08_04_2017_02_52_16_569 -  Waiting For Element : [[IOSDriver:  on MAC (c660f2ee-e99c-4a5b-820c-a7151cf79f5b)] -> xpath: //XCUIElementTypeCell[2]//XCUIElementTypeButton[@name='Check']]]]>
    </line>
    <line>
      <![CDATA[08_04_2017_02_52_16_967 -  Fetching the Attribute : name - Element : [[IOSDriver:  on MAC (c660f2ee-e99c-4a5b-820c-a7151cf79f5b)] -> xpath: //XCUIElementTypeCell[2]//XCUIElementTypeButton[@name='Check']]]]>
    </line>
    <line>
      <![CDATA[08_04_2017_02_52_17_218 -  Waiting For Element : [[IOSDriver:  on MAC (c660f2ee-e99c-4a5b-820c-a7151cf79f5b)] -> xpath: //XCUIElementTypeCell[2]//XCUIElementTypeButton[@name='Check']]]]>
    </line>
    <line>
      <![CDATA[08_04_2017_02_52_18_153 -  Clicked :  [[IOSDriver:  on MAC (c660f2ee-e99c-4a5b-820c-a7151cf79f5b)] -> xpath: //XCUIElementTypeCell[2]//XCUIElementTypeButton[@name='Check']]]]>
    </line>
    <line>
      <![CDATA[08_04_2017_02_52_19_601 -  Waiting For Element : [[IOSDriver:  on MAC (c660f2ee-e99c-4a5b-820c-a7151cf79f5b)] -> xpath: //XCUIElementTypeCell[2]//XCUIElementTypeButton[@name='Search']]]]>
    </line>
    <line>
      <![CDATA[08_04_2017_02_52_19_879 -  Waiting For Element : [[IOSDriver:  on MAC (c660f2ee-e99c-4a5b-820c-a7151cf79f5b)] -> xpath: //XCUIElementTypeCell[2]//XCUIElementTypeButton[@name='Search']]]]>
    </line>
    <line>
      <![CDATA[08_04_2017_02_52_20_160 -  Fetching the Attribute : name - Element : [[IOSDriver:  on MAC (c660f2ee-e99c-4a5b-820c-a7151cf79f5b)] -> xpath: //XCUIElementTypeCell[2]//XCUIElementTypeButton[@name='Search']]]]>
    </line>
    <line>
      <![CDATA[08_04_2017_02_52_20_379 -  Waiting For Element : [[IOSDriver:  on MAC (c660f2ee-e99c-4a5b-820c-a7151cf79f5b)] -> xpath: //XCUIElementTypeCell[2]//XCUIElementTypeButton[@name='Search']]]]>
    </line>
    <line>
      <![CDATA[08_04_2017_02_52_21_302 -  Clicked :  [[IOSDriver:  on MAC (c660f2ee-e99c-4a5b-820c-a7151cf79f5b)] -> xpath: //XCUIElementTypeCell[2]//XCUIElementTypeButton[@name='Search']]]]>
    </line>
    <line>
      <![CDATA[08_04_2017_02_52_21_303 -  Waiting for : 1 second(s)]]>
    </line>
    <line>
      <![CDATA[08_04_2017_02_52_22_375 - Capturing Screenshot and Adding to Extent Reports]]>
    </line>
    <line>
      <![CDATA[08_04_2017_02_52_23_769 -  Waiting For Element : [[IOSDriver:  on MAC (c660f2ee-e99c-4a5b-820c-a7151cf79f5b)] -> xpath: //XCUIElementTypeCell[2]//XCUIElementTypeButton[@name='Tools']]]]>
    </line>
    <line>
      <![CDATA[08_04_2017_02_52_24_027 -  Waiting For Element : [[IOSDriver:  on MAC (c660f2ee-e99c-4a5b-820c-a7151cf79f5b)] -> xpath: //XCUIElementTypeCell[2]//XCUIElementTypeButton[@name='Tools']]]]>
    </line>
    <line>
      <![CDATA[08_04_2017_02_52_24_304 -  Fetching the Attribute : name - Element : [[IOSDriver:  on MAC (c660f2ee-e99c-4a5b-820c-a7151cf79f5b)] -> xpath: //XCUIElementTypeCell[2]//XCUIElementTypeButton[@name='Tools']]]]>
    </line>
    <line>
      <![CDATA[08_04_2017_02_52_24_557 -  Waiting For Element : [[IOSDriver:  on MAC (c660f2ee-e99c-4a5b-820c-a7151cf79f5b)] -> xpath: //XCUIElementTypeCell[2]//XCUIElementTypeButton[@name='Tools']]]]>
    </line>
    <line>
      <![CDATA[08_04_2017_02_52_25_453 -  Clicked :  [[IOSDriver:  on MAC (c660f2ee-e99c-4a5b-820c-a7151cf79f5b)] -> xpath: //XCUIElementTypeCell[2]//XCUIElementTypeButton[@name='Tools']]]]>
    </line>
    <line>
      <![CDATA[08_04_2017_02_52_26_803 -  Waiting For Element : [[IOSDriver:  on MAC (c660f2ee-e99c-4a5b-820c-a7151cf79f5b)] -> xpath: //XCUIElementTypeOther[@name='CUSTOM SEGMENTS']]]]>
    </line>
    <line>
      <![CDATA[08_04_2017_02_52_27_103 -  Fetching the text : [[IOSDriver:  on MAC (c660f2ee-e99c-4a5b-820c-a7151cf79f5b)] -> xpath: //XCUIElementTypeOther[@name='CUSTOM SEGMENTS']]]]>
    </line>
    <line>
      <![CDATA[08_04_2017_02_52_28_702 -  Waiting For Element : [[IOSDriver:  on MAC (c660f2ee-e99c-4a5b-820c-a7151cf79f5b)] -> xpath: //XCUIElementTypeCell[3]//XCUIElementTypeButton[@name='Done']]]]>
    </line>
    <line>
      <![CDATA[08_04_2017_02_52_28_952 -  Waiting For Element : [[IOSDriver:  on MAC (c660f2ee-e99c-4a5b-820c-a7151cf79f5b)] -> xpath: //XCUIElementTypeCell[3]//XCUIElementTypeButton[@name='Done']]]]>
    </line>
    <line>
      <![CDATA[08_04_2017_02_52_29_207 -  Fetching the Attribute : name - Element : [[IOSDriver:  on MAC (c660f2ee-e99c-4a5b-820c-a7151cf79f5b)] -> xpath: //XCUIElementTypeCell[3]//XCUIElementTypeButton[@name='Done']]]]>
    </line>
    <line>
      <![CDATA[08_04_2017_02_52_29_452 -  Waiting For Element : [[IOSDriver:  on MAC (c660f2ee-e99c-4a5b-820c-a7151cf79f5b)] -> xpath: //XCUIElementTypeCell[3]//XCUIElementTypeButton[@name='Done']]]]>
    </line>
    <line>
      <![CDATA[08_04_2017_02_52_30_352 -  Clicked :  [[IOSDriver:  on MAC (c660f2ee-e99c-4a5b-820c-a7151cf79f5b)] -> xpath: //XCUIElementTypeCell[3]//XCUIElementTypeButton[@name='Done']]]]>
    </line>
    <line>
      <![CDATA[08_04_2017_02_52_31_618 -  Waiting For Element : [[IOSDriver:  on MAC (c660f2ee-e99c-4a5b-820c-a7151cf79f5b)] -> xpath: //XCUIElementTypeCell[3]//XCUIElementTypeButton[@name='Search']]]]>
    </line>
    <line>
      <![CDATA[08_04_2017_02_52_31_880 -  Waiting For Element : [[IOSDriver:  on MAC (c660f2ee-e99c-4a5b-820c-a7151cf79f5b)] -> xpath: //XCUIElementTypeCell[3]//XCUIElementTypeButton[@name='Search']]]]>
    </line>
    <line>
      <![CDATA[08_04_2017_02_52_32_204 -  Fetching the Attribute : name - Element : [[IOSDriver:  on MAC (c660f2ee-e99c-4a5b-820c-a7151cf79f5b)] -> xpath: //XCUIElementTypeCell[3]//XCUIElementTypeButton[@name='Search']]]]>
    </line>
    <line>
      <![CDATA[08_04_2017_02_52_32_503 -  Waiting For Element : [[IOSDriver:  on MAC (c660f2ee-e99c-4a5b-820c-a7151cf79f5b)] -> xpath: //XCUIElementTypeCell[3]//XCUIElementTypeButton[@name='Search']]]]>
    </line>
    <line>
      <![CDATA[08_04_2017_02_52_33_454 -  Clicked :  [[IOSDriver:  on MAC (c660f2ee-e99c-4a5b-820c-a7151cf79f5b)] -> xpath: //XCUIElementTypeCell[3]//XCUIElementTypeButton[@name='Search']]]]>
    </line>
    <line>
      <![CDATA[08_04_2017_02_52_34_707 -  Waiting For Element : [[IOSDriver:  on MAC (c660f2ee-e99c-4a5b-820c-a7151cf79f5b)] -> xpath: //XCUIElementTypeCell[3]//XCUIElementTypeButton[@name='Settings']]]]>
    </line>
    <line>
      <![CDATA[08_04_2017_02_52_34_955 -  Waiting For Element : [[IOSDriver:  on MAC (c660f2ee-e99c-4a5b-820c-a7151cf79f5b)] -> xpath: //XCUIElementTypeCell[3]//XCUIElementTypeButton[@name='Settings']]]]>
    </line>
    <line>
      <![CDATA[08_04_2017_02_52_35_252 -  Fetching the Attribute : name - Element : [[IOSDriver:  on MAC (c660f2ee-e99c-4a5b-820c-a7151cf79f5b)] -> xpath: //XCUIElementTypeCell[3]//XCUIElementTypeButton[@name='Settings']]]]>
    </line>
    <line>
      <![CDATA[08_04_2017_02_52_35_503 -  Waiting For Element : [[IOSDriver:  on MAC (c660f2ee-e99c-4a5b-820c-a7151cf79f5b)] -> xpath: //XCUIElementTypeCell[3]//XCUIElementTypeButton[@name='Settings']]]]>
    </line>
    <line>
      <![CDATA[08_04_2017_02_52_36_407 -  Clicked :  [[IOSDriver:  on MAC (c660f2ee-e99c-4a5b-820c-a7151cf79f5b)] -> xpath: //XCUIElementTypeCell[3]//XCUIElementTypeButton[@name='Settings']]]]>
    </line>
    <line>
      <![CDATA[08_04_2017_02_52_36_653 -  Swiping Vertically Down ]]>
    </line>
    <line>
      <![CDATA[08_04_2017_02_52_42_779 -  Is the Element Displayed on Screen : [[IOSDriver:  on MAC (c660f2ee-e99c-4a5b-820c-a7151cf79f5b)] -> xpath: //XCUIElementTypeOther[@name='CUSTOM SEGMENTS']/../following-sibling::XCUIElementTypeOther[1]]]]>
    </line>
    <line>
      <![CDATA[08_04_2017_02_52_44_306 -  Waiting For Element : [[IOSDriver:  on MAC (c660f2ee-e99c-4a5b-820c-a7151cf79f5b)] -> xpath: //XCUIElementTypeCell[4]//XCUIElementTypeButton[@name='Check']]]]>
    </line>
    <line>
      <![CDATA[08_04_2017_02_52_44_612 -  Waiting For Element : [[IOSDriver:  on MAC (c660f2ee-e99c-4a5b-820c-a7151cf79f5b)] -> xpath: //XCUIElementTypeCell[4]//XCUIElementTypeButton[@name='Check']]]]>
    </line>
    <line>
      <![CDATA[08_04_2017_02_52_44_859 -  Fetching the Attribute : name - Element : [[IOSDriver:  on MAC (c660f2ee-e99c-4a5b-820c-a7151cf79f5b)] -> xpath: //XCUIElementTypeCell[4]//XCUIElementTypeButton[@name='Check']]]]>
    </line>
    <line>
      <![CDATA[08_04_2017_02_52_45_107 -  Waiting For Element : [[IOSDriver:  on MAC (c660f2ee-e99c-4a5b-820c-a7151cf79f5b)] -> xpath: //XCUIElementTypeCell[4]//XCUIElementTypeButton[@name='Check']]]]>
    </line>
    <line>
      <![CDATA[08_04_2017_02_52_46_006 -  Clicked :  [[IOSDriver:  on MAC (c660f2ee-e99c-4a5b-820c-a7151cf79f5b)] -> xpath: //XCUIElementTypeCell[4]//XCUIElementTypeButton[@name='Check']]]]>
    </line>
    <line>
      <![CDATA[08_04_2017_02_52_47_214 -  Waiting For Element : [[IOSDriver:  on MAC (c660f2ee-e99c-4a5b-820c-a7151cf79f5b)] -> xpath: //XCUIElementTypeCell[4]//XCUIElementTypeButton[@name='Search']]]]>
    </line>
    <line>
      <![CDATA[08_04_2017_02_52_47_482 -  Waiting For Element : [[IOSDriver:  on MAC (c660f2ee-e99c-4a5b-820c-a7151cf79f5b)] -> xpath: //XCUIElementTypeCell[4]//XCUIElementTypeButton[@name='Search']]]]>
    </line>
    <line>
      <![CDATA[08_04_2017_02_52_47_757 -  Fetching the Attribute : name - Element : [[IOSDriver:  on MAC (c660f2ee-e99c-4a5b-820c-a7151cf79f5b)] -> xpath: //XCUIElementTypeCell[4]//XCUIElementTypeButton[@name='Search']]]]>
    </line>
    <line>
      <![CDATA[08_04_2017_02_52_47_970 -  Waiting For Element : [[IOSDriver:  on MAC (c660f2ee-e99c-4a5b-820c-a7151cf79f5b)] -> xpath: //XCUIElementTypeCell[4]//XCUIElementTypeButton[@name='Search']]]]>
    </line>
    <line>
      <![CDATA[08_04_2017_02_52_48_919 -  Clicked :  [[IOSDriver:  on MAC (c660f2ee-e99c-4a5b-820c-a7151cf79f5b)] -> xpath: //XCUIElementTypeCell[4]//XCUIElementTypeButton[@name='Search']]]]>
    </line>
    <line>
      <![CDATA[08_04_2017_02_52_50_257 -  Waiting For Element : [[IOSDriver:  on MAC (c660f2ee-e99c-4a5b-820c-a7151cf79f5b)] -> xpath: //XCUIElementTypeCell[4]//XCUIElementTypeButton[@name='Tools']]]]>
    </line>
    <line>
      <![CDATA[08_04_2017_02_52_50_524 -  Waiting For Element : [[IOSDriver:  on MAC (c660f2ee-e99c-4a5b-820c-a7151cf79f5b)] -> xpath: //XCUIElementTypeCell[4]//XCUIElementTypeButton[@name='Tools']]]]>
    </line>
    <line>
      <![CDATA[08_04_2017_02_52_50_759 -  Fetching the Attribute : name - Element : [[IOSDriver:  on MAC (c660f2ee-e99c-4a5b-820c-a7151cf79f5b)] -> xpath: //XCUIElementTypeCell[4]//XCUIElementTypeButton[@name='Tools']]]]>
    </line>
    <line>
      <![CDATA[08_04_2017_02_52_51_007 -  Waiting For Element : [[IOSDriver:  on MAC (c660f2ee-e99c-4a5b-820c-a7151cf79f5b)] -> xpath: //XCUIElementTypeCell[4]//XCUIElementTypeButton[@name='Tools']]]]>
    </line>
    <line>
      <![CDATA[08_04_2017_02_52_51_958 -  Clicked :  [[IOSDriver:  on MAC (c660f2ee-e99c-4a5b-820c-a7151cf79f5b)] -> xpath: //XCUIElementTypeCell[4]//XCUIElementTypeButton[@name='Tools']]]]>
    </line>
    <line>
      <![CDATA[08_04_2017_02_52_51_958 -  Waiting for : 1 second(s)]]>
    </line>
    <line>
      <![CDATA[08_04_2017_02_52_53_024 - Capturing Screenshot and Adding to Extent Reports]]>
    </line>
    <line>
      <![CDATA[08_04_2017_02_52_54_708 -  Go Back]]>
    </line>
    <line>
      <![CDATA[08_04_2017_02_52_54_708  ***************** Execution Complete : TEST_07_UI_CATALOG_SEGMENTEDCONTROLS ******************]]>
    </line>
    <line>
      <![CDATA[08_04_2017_02_52_54_709  ********************* IOS.SCRIPTS.TEST_08_UI_CATALOG_SLIDERS *********************]]>
    </line>
    <line>
      <![CDATA[08_04_2017_02_52_55_108 -  Swiping Vertically Down ]]>
    </line>
    <line>
      <![CDATA[08_04_2017_02_53_00_009 -  Waiting For Element : [[IOSDriver:  on MAC (c660f2ee-e99c-4a5b-820c-a7151cf79f5b)] -> accessibility id: Sliders]]]>
    </line>
    <line>
      <![CDATA[08_04_2017_02_53_00_270 -  Is the Element Displayed on Screen : [[IOSDriver:  on MAC (c660f2ee-e99c-4a5b-820c-a7151cf79f5b)] -> accessibility id: Sliders]]]>
    </line>
    <line>
      <![CDATA[08_04_2017_02_53_00_566 -  Waiting For Element : [[IOSDriver:  on MAC (c660f2ee-e99c-4a5b-820c-a7151cf79f5b)] -> accessibility id: Sliders]]]>
    </line>
    <line>
      <![CDATA[08_04_2017_02_53_00_911 -  Fetching the text : [[IOSDriver:  on MAC (c660f2ee-e99c-4a5b-820c-a7151cf79f5b)] -> accessibility id: Sliders]]]>
    </line>
    <line>
      <![CDATA[08_04_2017_02_53_01_273 -  Waiting For Element : [[IOSDriver:  on MAC (c660f2ee-e99c-4a5b-820c-a7151cf79f5b)] -> accessibility id: Sliders]]]>
    </line>
    <line>
      <![CDATA[08_04_2017_02_53_02_311 -  Clicked :  [[IOSDriver:  on MAC (c660f2ee-e99c-4a5b-820c-a7151cf79f5b)] -> accessibility id: Sliders]]]>
    </line>
    <line>
      <![CDATA[08_04_2017_02_53_02_311 -  Waiting for : 1 second(s)]]>
    </line>
    <line>
      <![CDATA[08_04_2017_02_53_03_384 - Capturing Screenshot and Adding to Extent Reports]]>
    </line>
    <line>
      <![CDATA[08_04_2017_02_53_03_469 -  Is the Element Displayed on Screen : [[IOSDriver:  on MAC (c660f2ee-e99c-4a5b-820c-a7151cf79f5b)] -> accessibility id: Sliders]]]>
    </line>
    <line>
      <![CDATA[08_04_2017_02_53_04_615 -  Waiting For Element : [[IOSDriver:  on MAC (c660f2ee-e99c-4a5b-820c-a7151cf79f5b)] -> xpath: //XCUIElementTypeCell[1]/XCUIElementTypeSlider]]]>
    </line>
    <line>
      <![CDATA[08_04_2017_02_53_04_909 -  Is the Element Displayed on Screen : [[IOSDriver:  on MAC (c660f2ee-e99c-4a5b-820c-a7151cf79f5b)] -> xpath: //XCUIElementTypeCell[1]/XCUIElementTypeSlider]]]>
    </line>
    <line>
      <![CDATA[08_04_2017_02_53_06_114 -  Waiting For Element : [[IOSDriver:  on MAC (c660f2ee-e99c-4a5b-820c-a7151cf79f5b)] -> xpath: //XCUIElementTypeCell[2]/XCUIElementTypeSlider]]]>
    </line>
    <line>
      <![CDATA[08_04_2017_02_53_06_359 -  Is the Element Displayed on Screen : [[IOSDriver:  on MAC (c660f2ee-e99c-4a5b-820c-a7151cf79f5b)] -> xpath: //XCUIElementTypeCell[2]/XCUIElementTypeSlider]]]>
    </line>
    <line>
      <![CDATA[08_04_2017_02_53_07_427 -  Waiting For Element : [[IOSDriver:  on MAC (c660f2ee-e99c-4a5b-820c-a7151cf79f5b)] -> xpath: //XCUIElementTypeCell[3]/XCUIElementTypeSlider]]]>
    </line>
    <line>
      <![CDATA[08_04_2017_02_53_07_661 -  Is the Element Displayed on Screen : [[IOSDriver:  on MAC (c660f2ee-e99c-4a5b-820c-a7151cf79f5b)] -> xpath: //XCUIElementTypeCell[3]/XCUIElementTypeSlider]]]>
    </line>
    <line>
      <![CDATA[08_04_2017_02_53_07_926 -  Waiting For Element : [[IOSDriver:  on MAC (c660f2ee-e99c-4a5b-820c-a7151cf79f5b)] -> xpath: //XCUIElementTypeCell[1]/XCUIElementTypeSlider]]]>
    </line>
    <line>
      <![CDATA[08_04_2017_02_53_08_176 -  Fetching the Attribute : value - Element : [[IOSDriver:  on MAC (c660f2ee-e99c-4a5b-820c-a7151cf79f5b)] -> xpath: //XCUIElementTypeCell[1]/XCUIElementTypeSlider]]]>
    </line>
    <line>
      <![CDATA[08_04_2017_02_53_08_411 -  Waiting For Element : [[IOSDriver:  on MAC (c660f2ee-e99c-4a5b-820c-a7151cf79f5b)] -> xpath: //XCUIElementTypeCell[2]/XCUIElementTypeSlider]]]>
    </line>
    <line>
      <![CDATA[08_04_2017_02_53_08_623 -  Fetching the Attribute : value - Element : [[IOSDriver:  on MAC (c660f2ee-e99c-4a5b-820c-a7151cf79f5b)] -> xpath: //XCUIElementTypeCell[2]/XCUIElementTypeSlider]]]>
    </line>
    <line>
      <![CDATA[08_04_2017_02_53_08_821 -  Waiting For Element : [[IOSDriver:  on MAC (c660f2ee-e99c-4a5b-820c-a7151cf79f5b)] -> xpath: //XCUIElementTypeCell[3]/XCUIElementTypeSlider]]]>
    </line>
    <line>
      <![CDATA[08_04_2017_02_53_09_031 -  Fetching the Attribute : value - Element : [[IOSDriver:  on MAC (c660f2ee-e99c-4a5b-820c-a7151cf79f5b)] -> xpath: //XCUIElementTypeCell[3]/XCUIElementTypeSlider]]]>
    </line>
    <line>
      <![CDATA[08_04_2017_02_53_10_615 -  Go Back]]>
    </line>
    <line>
      <![CDATA[08_04_2017_02_53_10_616  ***************** Execution Complete : TEST_08_UI_CATALOG_SLIDERS ******************]]>
    </line>
    <line>
      <![CDATA[08_04_2017_02_53_10_625  ********************* IOS.SCRIPTS.TEST_09_UI_CATALOG_STEPPERS *********************]]>
    </line>
    <line>
      <![CDATA[08_04_2017_02_53_11_066 -  Swiping Vertically Down ]]>
    </line>
    <line>
      <![CDATA[08_04_2017_02_53_15_863 -  Waiting For Element : [[IOSDriver:  on MAC (c660f2ee-e99c-4a5b-820c-a7151cf79f5b)] -> accessibility id: Steppers]]]>
    </line>
    <line>
      <![CDATA[08_04_2017_02_53_16_166 -  Is the Element Displayed on Screen : [[IOSDriver:  on MAC (c660f2ee-e99c-4a5b-820c-a7151cf79f5b)] -> accessibility id: Steppers]]]>
    </line>
    <line>
      <![CDATA[08_04_2017_02_53_16_511 -  Waiting For Element : [[IOSDriver:  on MAC (c660f2ee-e99c-4a5b-820c-a7151cf79f5b)] -> accessibility id: Steppers]]]>
    </line>
    <line>
      <![CDATA[08_04_2017_02_53_16_773 -  Fetching the text : [[IOSDriver:  on MAC (c660f2ee-e99c-4a5b-820c-a7151cf79f5b)] -> accessibility id: Steppers]]]>
    </line>
    <line>
      <![CDATA[08_04_2017_02_53_17_063 -  Waiting For Element : [[IOSDriver:  on MAC (c660f2ee-e99c-4a5b-820c-a7151cf79f5b)] -> accessibility id: Steppers]]]>
    </line>
    <line>
      <![CDATA[08_04_2017_02_53_18_070 -  Clicked :  [[IOSDriver:  on MAC (c660f2ee-e99c-4a5b-820c-a7151cf79f5b)] -> accessibility id: Steppers]]]>
    </line>
    <line>
      <![CDATA[08_04_2017_02_53_18_070 -  Is the Element Displayed on Screen : [[IOSDriver:  on MAC (c660f2ee-e99c-4a5b-820c-a7151cf79f5b)] -> accessibility id: Steppers]]]>
    </line>
    <line>
      <![CDATA[08_04_2017_02_53_18_470 -  Waiting For Element : [[IOSDriver:  on MAC (c660f2ee-e99c-4a5b-820c-a7151cf79f5b)] -> accessibility id: Steppers]]]>
    </line>
    <line>
      <![CDATA[08_04_2017_02_53_18_767 -  Fetching the Attribute : name - Element : [[IOSDriver:  on MAC (c660f2ee-e99c-4a5b-820c-a7151cf79f5b)] -> accessibility id: Steppers]]]>
    </line>
    <line>
      <![CDATA[08_04_2017_02_53_19_963 -  Waiting For Element : [[IOSDriver:  on MAC (c660f2ee-e99c-4a5b-820c-a7151cf79f5b)] -> xpath: //XCUIElementTypeOther[@name='DEFAULT']]]]>
    </line>
    <line>
      <![CDATA[08_04_2017_02_53_20_224 -  Is the Element Displayed on Screen : [[IOSDriver:  on MAC (c660f2ee-e99c-4a5b-820c-a7151cf79f5b)] -> xpath: //XCUIElementTypeOther[@name='DEFAULT']]]]>
    </line>
    <line>
      <![CDATA[08_04_2017_02_53_20_472 -  Waiting For Element : [[IOSDriver:  on MAC (c660f2ee-e99c-4a5b-820c-a7151cf79f5b)] -> xpath: //XCUIElementTypeOther[@name='DEFAULT']]]]>
    </line>
    <line>
      <![CDATA[08_04_2017_02_53_20_682 -  Fetching the text : [[IOSDriver:  on MAC (c660f2ee-e99c-4a5b-820c-a7151cf79f5b)] -> xpath: //XCUIElementTypeOther[@name='DEFAULT']]]]>
    </line>
    <line>
      <![CDATA[08_04_2017_02_53_21_834 -  Waiting For Element : [[IOSDriver:  on MAC (c660f2ee-e99c-4a5b-820c-a7151cf79f5b)] -> xpath: //XCUIElementTypeOther[@name='TINTED']]]]>
    </line>
    <line>
      <![CDATA[08_04_2017_02_53_22_115 -  Is the Element Displayed on Screen : [[IOSDriver:  on MAC (c660f2ee-e99c-4a5b-820c-a7151cf79f5b)] -> xpath: //XCUIElementTypeOther[@name='TINTED']]]]>
    </line>
    <line>
      <![CDATA[08_04_2017_02_53_22_364 -  Waiting For Element : [[IOSDriver:  on MAC (c660f2ee-e99c-4a5b-820c-a7151cf79f5b)] -> xpath: //XCUIElementTypeOther[@name='TINTED']]]]>
    </line>
    <line>
      <![CDATA[08_04_2017_02_53_22_615 -  Fetching the text : [[IOSDriver:  on MAC (c660f2ee-e99c-4a5b-820c-a7151cf79f5b)] -> xpath: //XCUIElementTypeOther[@name='TINTED']]]]>
    </line>
    <line>
      <![CDATA[08_04_2017_02_53_23_920 -  Waiting For Element : [[IOSDriver:  on MAC (c660f2ee-e99c-4a5b-820c-a7151cf79f5b)] -> xpath: //XCUIElementTypeOther[@name='CUSTOM']]]]>
    </line>
    <line>
      <![CDATA[08_04_2017_02_53_24_171 -  Is the Element Displayed on Screen : [[IOSDriver:  on MAC (c660f2ee-e99c-4a5b-820c-a7151cf79f5b)] -> xpath: //XCUIElementTypeOther[@name='CUSTOM']]]]>
    </line>
    <line>
      <![CDATA[08_04_2017_02_53_24_466 -  Waiting For Element : [[IOSDriver:  on MAC (c660f2ee-e99c-4a5b-820c-a7151cf79f5b)] -> xpath: //XCUIElementTypeOther[@name='CUSTOM']]]]>
    </line>
    <line>
      <![CDATA[08_04_2017_02_53_24_675 -  Fetching the text : [[IOSDriver:  on MAC (c660f2ee-e99c-4a5b-820c-a7151cf79f5b)] -> xpath: //XCUIElementTypeOther[@name='CUSTOM']]]]>
    </line>
    <line>
      <![CDATA[08_04_2017_02_53_24_933 -  Waiting For Element : [[IOSDriver:  on MAC (c660f2ee-e99c-4a5b-820c-a7151cf79f5b)] -> xpath: //XCUIElementTypeOther[@name='DEFAULT']]]]>
    </line>
    <line>
      <![CDATA[08_04_2017_02_53_25_266 -  Fetching the text : [[IOSDriver:  on MAC (c660f2ee-e99c-4a5b-820c-a7151cf79f5b)] -> xpath: //XCUIElementTypeOther[@name='DEFAULT']]]]>
    </line>
    <line>
      <![CDATA[08_04_2017_02_53_25_531 -  Waiting For Element : [[IOSDriver:  on MAC (c660f2ee-e99c-4a5b-820c-a7151cf79f5b)] -> xpath: //XCUIElementTypeOther[@name='TINTED']]]]>
    </line>
    <line>
      <![CDATA[08_04_2017_02_53_25_782 -  Fetching the text : [[IOSDriver:  on MAC (c660f2ee-e99c-4a5b-820c-a7151cf79f5b)] -> xpath: //XCUIElementTypeOther[@name='TINTED']]]]>
    </line>
    <line>
      <![CDATA[08_04_2017_02_53_26_022 -  Waiting For Element : [[IOSDriver:  on MAC (c660f2ee-e99c-4a5b-820c-a7151cf79f5b)] -> xpath: //XCUIElementTypeOther[@name='CUSTOM']]]]>
    </line>
    <line>
      <![CDATA[08_04_2017_02_53_26_265 -  Fetching the text : [[IOSDriver:  on MAC (c660f2ee-e99c-4a5b-820c-a7151cf79f5b)] -> xpath: //XCUIElementTypeOther[@name='CUSTOM']]]]>
    </line>
    <line>
      <![CDATA[08_04_2017_02_53_27_466 -  Waiting For Element : [[IOSDriver:  on MAC (c660f2ee-e99c-4a5b-820c-a7151cf79f5b)] -> xpath: //XCUIElementTypeTable/XCUIElementTypeCell[1]/XCUIElementTypeButton[@name='Decrement']]]]>
    </line>
    <line>
      <![CDATA[08_04_2017_02_53_27_718 -  Is the Element Displayed on Screen : [[IOSDriver:  on MAC (c660f2ee-e99c-4a5b-820c-a7151cf79f5b)] -> xpath: //XCUIElementTypeTable/XCUIElementTypeCell[1]/XCUIElementTypeButton[@name='Decrement']]]]>
    </line>
    <line>
      <![CDATA[08_04_2017_02_53_28_919 -  Waiting For Element : [[IOSDriver:  on MAC (c660f2ee-e99c-4a5b-820c-a7151cf79f5b)] -> xpath: //XCUIElementTypeTable/XCUIElementTypeCell[1]/XCUIElementTypeButton[@name='Increment']]]]>
    </line>
    <line>
      <![CDATA[08_04_2017_02_53_29_122 -  Is the Element Displayed on Screen : [[IOSDriver:  on MAC (c660f2ee-e99c-4a5b-820c-a7151cf79f5b)] -> xpath: //XCUIElementTypeTable/XCUIElementTypeCell[1]/XCUIElementTypeButton[@name='Increment']]]]>
    </line>
    <line>
      <![CDATA[08_04_2017_02_53_30_318 -  Waiting For Element : [[IOSDriver:  on MAC (c660f2ee-e99c-4a5b-820c-a7151cf79f5b)] -> xpath: //XCUIElementTypeOther[@label='DEFAULT']/../following-sibling::XCUIElementTypeCell[1]/XCUIElementTypeStaticText]]]>
    </line>
    <line>
      <![CDATA[08_04_2017_02_53_30_527 -  Is the Element Displayed on Screen : [[IOSDriver:  on MAC (c660f2ee-e99c-4a5b-820c-a7151cf79f5b)] -> xpath: //XCUIElementTypeOther[@label='DEFAULT']/../following-sibling::XCUIElementTypeCell[1]/XCUIElementTypeStaticText]]]>
    </line>
    <line>
      <![CDATA[08_04_2017_02_53_31_768 -  Waiting For Element : [[IOSDriver:  on MAC (c660f2ee-e99c-4a5b-820c-a7151cf79f5b)] -> xpath: //XCUIElementTypeTable/XCUIElementTypeCell[2]/XCUIElementTypeButton[@name='Decrement']]]]>
    </line>
    <line>
      <![CDATA[08_04_2017_02_53_32_020 -  Is the Element Displayed on Screen : [[IOSDriver:  on MAC (c660f2ee-e99c-4a5b-820c-a7151cf79f5b)] -> xpath: //XCUIElementTypeTable/XCUIElementTypeCell[2]/XCUIElementTypeButton[@name='Decrement']]]]>
    </line>
    <line>
      <![CDATA[08_04_2017_02_53_33_219 -  Waiting For Element : [[IOSDriver:  on MAC (c660f2ee-e99c-4a5b-820c-a7151cf79f5b)] -> xpath: //XCUIElementTypeTable/XCUIElementTypeCell[2]/XCUIElementTypeButton[@name='Increment']]]]>
    </line>
    <line>
      <![CDATA[08_04_2017_02_53_33_468 -  Is the Element Displayed on Screen : [[IOSDriver:  on MAC (c660f2ee-e99c-4a5b-820c-a7151cf79f5b)] -> xpath: //XCUIElementTypeTable/XCUIElementTypeCell[2]/XCUIElementTypeButton[@name='Increment']]]]>
    </line>
    <line>
      <![CDATA[08_04_2017_02_53_34_727 -  Waiting For Element : [[IOSDriver:  on MAC (c660f2ee-e99c-4a5b-820c-a7151cf79f5b)] -> xpath: //XCUIElementTypeOther[@label='TINTED']/../following-sibling::XCUIElementTypeCell[1]/XCUIElementTypeStaticText]]]>
    </line>
    <line>
      <![CDATA[08_04_2017_02_53_34_969 -  Is the Element Displayed on Screen : [[IOSDriver:  on MAC (c660f2ee-e99c-4a5b-820c-a7151cf79f5b)] -> xpath: //XCUIElementTypeOther[@label='TINTED']/../following-sibling::XCUIElementTypeCell[1]/XCUIElementTypeStaticText]]]>
    </line>
    <line>
      <![CDATA[08_04_2017_02_53_36_274 -  Waiting For Element : [[IOSDriver:  on MAC (c660f2ee-e99c-4a5b-820c-a7151cf79f5b)] -> xpath: //XCUIElementTypeTable/XCUIElementTypeCell[3]/XCUIElementTypeButton[@name='Decrement']]]]>
    </line>
    <line>
      <![CDATA[08_04_2017_02_53_36_520 -  Is the Element Displayed on Screen : [[IOSDriver:  on MAC (c660f2ee-e99c-4a5b-820c-a7151cf79f5b)] -> xpath: //XCUIElementTypeTable/XCUIElementTypeCell[3]/XCUIElementTypeButton[@name='Decrement']]]]>
    </line>
    <line>
      <![CDATA[08_04_2017_02_53_37_821 -  Waiting For Element : [[IOSDriver:  on MAC (c660f2ee-e99c-4a5b-820c-a7151cf79f5b)] -> xpath: //XCUIElementTypeTable/XCUIElementTypeCell[3]/XCUIElementTypeButton[@name='Increment']]]]>
    </line>
    <line>
      <![CDATA[08_04_2017_02_53_38_173 -  Is the Element Displayed on Screen : [[IOSDriver:  on MAC (c660f2ee-e99c-4a5b-820c-a7151cf79f5b)] -> xpath: //XCUIElementTypeTable/XCUIElementTypeCell[3]/XCUIElementTypeButton[@name='Increment']]]]>
    </line>
    <line>
      <![CDATA[08_04_2017_02_53_39_521 -  Waiting For Element : [[IOSDriver:  on MAC (c660f2ee-e99c-4a5b-820c-a7151cf79f5b)] -> xpath: //XCUIElementTypeOther[@label='CUSTOM']/../following-sibling::XCUIElementTypeCell[1]/XCUIElementTypeStaticText]]]>
    </line>
    <line>
[...]
            </line>
            <line>
              <![CDATA[08_04_2017_02_55_25_160 -  Single Tap On Element : [[IOSDriver:  on MAC (c660f2ee-e99c-4a5b-820c-a7151cf79f5b)] -> xpath: //XCUIElementTypeTable/XCUIElementTypeCell[3]/XCUIElementTypeButton[@name='Increment']]]]>
            </line>
            <line>
              <![CDATA[08_04_2017_02_55_27_125 -  Single Tap On Element : [[IOSDriver:  on MAC (c660f2ee-e99c-4a5b-820c-a7151cf79f5b)] -> xpath: //XCUIElementTypeTable/XCUIElementTypeCell[3]/XCUIElementTypeButton[@name='Increment']]]]>
            </line>
            <line>
              <![CDATA[08_04_2017_02_55_29_125 -  Single Tap On Element : [[IOSDriver:  on MAC (c660f2ee-e99c-4a5b-820c-a7151cf79f5b)] -> xpath: //XCUIElementTypeTable/XCUIElementTypeCell[3]/XCUIElementTypeButton[@name='Increment']]]]>
            </line>
            <line>
              <![CDATA[08_04_2017_02_55_31_072 -  Single Tap On Element : [[IOSDriver:  on MAC (c660f2ee-e99c-4a5b-820c-a7151cf79f5b)] -> xpath: //XCUIElementTypeTable/XCUIElementTypeCell[3]/XCUIElementTypeButton[@name='Increment']]]]>
            </line>
            <line>
              <![CDATA[08_04_2017_02_55_33_078 -  Single Tap On Element : [[IOSDriver:  on MAC (c660f2ee-e99c-4a5b-820c-a7151cf79f5b)] -> xpath: //XCUIElementTypeTable/XCUIElementTypeCell[3]/XCUIElementTypeButton[@name='Increment']]]]>
            </line>
            <line>
              <![CDATA[08_04_2017_02_55_34_978 -  Single Tap On Element : [[IOSDriver:  on MAC (c660f2ee-e99c-4a5b-820c-a7151cf79f5b)] -> xpath: //XCUIElementTypeTable/XCUIElementTypeCell[3]/XCUIElementTypeButton[@name='Increment']]]]>
            </line>
            <line>
              <![CDATA[08_04_2017_02_55_34_978 -  Waiting For Element : [[IOSDriver:  on MAC (c660f2ee-e99c-4a5b-820c-a7151cf79f5b)] -> xpath: //XCUIElementTypeTable/XCUIElementTypeCell[3]/XCUIElementTypeButton[@name='Increment']]]]>
            </line>
            <line>
              <![CDATA[08_04_2017_02_55_35_205 -  Fetching the Attribute : name - Element : [[IOSDriver:  on MAC (c660f2ee-e99c-4a5b-820c-a7151cf79f5b)] -> xpath: //XCUIElementTypeTable/XCUIElementTypeCell[3]/XCUIElementTypeButton[@name='Increment']]]]>
            </line>
            <line>
              <![CDATA[Total Tap : Increment = 10]]>
            </line>
            <line>
              <![CDATA[08_04_2017_02_55_36_407 -  Waiting For Element : [[IOSDriver:  on MAC (c660f2ee-e99c-4a5b-820c-a7151cf79f5b)] -> xpath: //XCUIElementTypeOther[@label='CUSTOM']/../following-sibling::XCUIElementTypeCell[1]/XCUIElementTypeStaticText]]]>
            </line>
            <line>
              <![CDATA[08_04_2017_02_55_36_675 -  Waiting For Element : [[IOSDriver:  on MAC (c660f2ee-e99c-4a5b-820c-a7151cf79f5b)] -> xpath: //XCUIElementTypeOther[@label='CUSTOM']/../following-sibling::XCUIElementTypeCell[1]/XCUIElementTypeStaticText]]]>
            </line>
            <line>
              <![CDATA[08_04_2017_02_55_36_885 -  Fetching the Attribute : value - Element : [[IOSDriver:  on MAC (c660f2ee-e99c-4a5b-820c-a7151cf79f5b)] -> xpath: //XCUIElementTypeOther[@label='CUSTOM']/../following-sibling::XCUIElementTypeCell[1]/XCUIElementTypeStaticText]]]>
            </line>
            <line>
              <![CDATA[08_04_2017_02_55_37_105 -  Waiting for : 1 second(s)]]>
            </line>
            <line>
              <![CDATA[08_04_2017_02_55_38_179 - Capturing Screenshot and Adding to Extent Reports]]>
            </line>
            <line>
              <![CDATA[08_04_2017_02_55_42_314 -  Single Tap On Element : [[IOSDriver:  on MAC (c660f2ee-e99c-4a5b-820c-a7151cf79f5b)] -> xpath: //XCUIElementTypeTable/XCUIElementTypeCell[3]/XCUIElementTypeButton[@name='Decrement']]]]>
            </line>
            <line>
              <![CDATA[08_04_2017_02_55_44_269 -  Single Tap On Element : [[IOSDriver:  on MAC (c660f2ee-e99c-4a5b-820c-a7151cf79f5b)] -> xpath: //XCUIElementTypeTable/XCUIElementTypeCell[3]/XCUIElementTypeButton[@name='Decrement']]]]>
            </line>
            <line>
              <![CDATA[08_04_2017_02_55_46_216 -  Single Tap On Element : [[IOSDriver:  on MAC (c660f2ee-e99c-4a5b-820c-a7151cf79f5b)] -> xpath: //XCUIElementTypeTable/XCUIElementTypeCell[3]/XCUIElementTypeButton[@name='Decrement']]]]>
            </line>
            <line>
              <![CDATA[08_04_2017_02_55_48_120 -  Single Tap On Element : [[IOSDriver:  on MAC (c660f2ee-e99c-4a5b-820c-a7151cf79f5b)] -> xpath: //XCUIElementTypeTable/XCUIElementTypeCell[3]/XCUIElementTypeButton[@name='Decrement']]]]>
            </line>
            <line>
              <![CDATA[08_04_2017_02_55_50_029 -  Single Tap On Element : [[IOSDriver:  on MAC (c660f2ee-e99c-4a5b-820c-a7151cf79f5b)] -> xpath: //XCUIElementTypeTable/XCUIElementTypeCell[3]/XCUIElementTypeButton[@name='Decrement']]]]>
            </line>
            <line>
              <![CDATA[08_04_2017_02_55_52_072 -  Single Tap On Element : [[IOSDriver:  on MAC (c660f2ee-e99c-4a5b-820c-a7151cf79f5b)] -> xpath: //XCUIElementTypeTable/XCUIElementTypeCell[3]/XCUIElementTypeButton[@name='Decrement']]]]>
            </line>
            <line>
              <![CDATA[08_04_2017_02_55_54_017 -  Single Tap On Element : [[IOSDriver:  on MAC (c660f2ee-e99c-4a5b-820c-a7151cf79f5b)] -> xpath: //XCUIElementTypeTable/XCUIElementTypeCell[3]/XCUIElementTypeButton[@name='Decrement']]]]>
            </line>
            <line>
              <![CDATA[08_04_2017_02_55_55_906 -  Single Tap On Element : [[IOSDriver:  on MAC (c660f2ee-e99c-4a5b-820c-a7151cf79f5b)] -> xpath: //XCUIElementTypeTable/XCUIElementTypeCell[3]/XCUIElementTypeButton[@name='Decrement']]]]>
            </line>
            <line>
              <![CDATA[08_04_2017_02_55_55_906 -  Waiting For Element : [[IOSDriver:  on MAC (c660f2ee-e99c-4a5b-820c-a7151cf79f5b)] -> xpath: //XCUIElementTypeTable/XCUIElementTypeCell[3]/XCUIElementTypeButton[@name='Decrement']]]]>
            </line>
            <line>
              <![CDATA[08_04_2017_02_55_56_159 -  Fetching the Attribute : name - Element : [[IOSDriver:  on MAC (c660f2ee-e99c-4a5b-820c-a7151cf79f5b)] -> xpath: //XCUIElementTypeTable/XCUIElementTypeCell[3]/XCUIElementTypeButton[@name='Decrement']]]]>
            </line>
            <line>
              <![CDATA[Total Tap : Decrement = 8]]>
            </line>
            <line>
              <![CDATA[08_04_2017_02_55_57_308 -  Waiting For Element : [[IOSDriver:  on MAC (c660f2ee-e99c-4a5b-820c-a7151cf79f5b)] -> xpath: //XCUIElementTypeOther[@label='CUSTOM']/../following-sibling::XCUIElementTypeCell[1]/XCUIElementTypeStaticText]]]>
            </line>
            <line>
              <![CDATA[08_04_2017_02_55_57_570 -  Waiting For Element : [[IOSDriver:  on MAC (c660f2ee-e99c-4a5b-820c-a7151cf79f5b)] -> xpath: //XCUIElementTypeOther[@label='CUSTOM']/../following-sibling::XCUIElementTypeCell[1]/XCUIElementTypeStaticText]]]>
            </line>
            <line>
              <![CDATA[08_04_2017_02_55_57_810 -  Fetching the Attribute : value - Element : [[IOSDriver:  on MAC (c660f2ee-e99c-4a5b-820c-a7151cf79f5b)] -> xpath: //XCUIElementTypeOther[@label='CUSTOM']/../following-sibling::XCUIElementTypeCell[1]/XCUIElementTypeStaticText]]]>
            </line>
            <line>
              <![CDATA[08_04_2017_02_55_59_410 -  Go Back]]>
            </line>
          </reporter-output>
        </test-method> <!-- test_09_UI_Catalog_Steppers -->
        <test-method status="PASS" signature="after_Method(org.testng.ITestResult)[pri:0, instance:ios.scripts.Test_09_UI_Catalog_Steppers@3ac3fd8b]" name="after_Method" is-config="true" duration-ms="1" started-at="2017-08-04T02:55:59Z" finished-at="2017-08-04T02:55:59Z">
          <params>
            <param index="0">
              <value>
                <![CDATA[[TestResult name=test_09_UI_Catalog_Steppers status=SUCCESS method=Test_09_UI_Catalog_Steppers.test_09_UI_Catalog_Steppers(java.util.Map)[pri:0, instance:ios.scripts.Test_09_UI_Catalog_Steppers@3ac3fd8b] output=08_04_2017_02_53_11_066 -  Swiping Vertically Down ]]]>
              </value>
            </param>
          </params>
          <reporter-output>
            <line>
              <![CDATA[08_04_2017_02_55_59_413  ***************** Execution Complete : TEST_09_UI_CATALOG_STEPPERS ******************]]>
            </line>
          </reporter-output>
        </test-method> <!-- after_Method -->
      </class> <!-- ios.scripts.Test_09_UI_Catalog_Steppers -->
      <class name="ios.scripts.Test_15_UI_Catalog_WebView">
        <test-method status="PASS" signature="before_Method()[pri:0, instance:ios.scripts.Test_15_UI_Catalog_WebView@7a79be86]" name="before_Method" is-config="true" duration-ms="1" started-at="2017-08-04T03:00:09Z" finished-at="2017-08-04T03:00:09Z">
          <reporter-output>
            <line>
              <![CDATA[08_04_2017_03_00_09_099  ********************* IOS.SCRIPTS.TEST_15_UI_CATALOG_WEBVIEW *********************]]>
            </line>
          </reporter-output>
        </test-method> <!-- before_Method -->
        <test-method status="PASS" signature="test_15_UI_Catalog_WebView(java.util.Map)[pri:0, instance:ios.scripts.Test_15_UI_Catalog_WebView@7a79be86]" name="test_15_UI_Catalog_WebView" duration-ms="39594" started-at="2017-08-04T03:00:09Z" data-provider="dp_Test_15_UI_Catalog_WebView" finished-at="2017-08-04T03:00:48Z">
          <params>
            <param index="0">
              <value>
                <![CDATA[{Script_name=Test_15_UI_Catalog_WebView, TestData_2=Printed Chiffon Dress, TestData_1=Printed Dress, TestData_10=, TestData_11=, TestData_12=, TestData_13=, TestData_14=, TestData_4=, TestData_3=, TestData_6=, TestData_5=, TestData_8=, TestData_7=, TestData_9=}]]>
              </value>
            </param>
          </params>
          <reporter-output>
            <line>
              <![CDATA[08_04_2017_03_00_09_432 -  Swiping Vertically Down ]]>
            </line>
            <line>
              <![CDATA[08_04_2017_03_00_14_444 -  Waiting For Element : [[IOSDriver:  on MAC (c660f2ee-e99c-4a5b-820c-a7151cf79f5b)] -> accessibility id: Web View]]]>
            </line>
            <line>
              <![CDATA[08_04_2017_03_00_14_748 -  Is the Element Displayed on Screen : [[IOSDriver:  on MAC (c660f2ee-e99c-4a5b-820c-a7151cf79f5b)] -> accessibility id: Web View]]]>
            </line>
            <line>
              <![CDATA[08_04_2017_03_00_15_078 -  Waiting For Element : [[IOSDriver:  on MAC (c660f2ee-e99c-4a5b-820c-a7151cf79f5b)] -> accessibility id: Web View]]]>
            </line>
            <line>
              <![CDATA[08_04_2017_03_00_15_427 -  Fetching the text : [[IOSDriver:  on MAC (c660f2ee-e99c-4a5b-820c-a7151cf79f5b)] -> accessibility id: Web View]]]>
            </line>
            <line>
              <![CDATA[08_04_2017_03_00_15_727 -  Waiting For Element : [[IOSDriver:  on MAC (c660f2ee-e99c-4a5b-820c-a7151cf79f5b)] -> accessibility id: Web View]]]>
            </line>
            <line>
              <![CDATA[08_04_2017_03_00_16_738 -  Clicked :  [[IOSDriver:  on MAC (c660f2ee-e99c-4a5b-820c-a7151cf79f5b)] -> accessibility id: Web View]]]>
            </line>
            <line>
              <![CDATA[08_04_2017_03_00_16_738 -  Is the Element Displayed on Screen : [[IOSDriver:  on MAC (c660f2ee-e99c-4a5b-820c-a7151cf79f5b)] -> accessibility id: Web View]]]>
            </line>
            <line>
              <![CDATA[08_04_2017_03_00_17_878 -  Waiting For Element : [[IOSDriver:  on MAC (c660f2ee-e99c-4a5b-820c-a7151cf79f5b)] -> accessibility id: Web View]]]>
            </line>
            <line>
              <![CDATA[08_04_2017_03_00_18_234 -  Fetching the Attribute : name - Element : [[IOSDriver:  on MAC (c660f2ee-e99c-4a5b-820c-a7151cf79f5b)] -> accessibility id: Web View]]]>
            </line>
            <line>
              <![CDATA[08_04_2017_03_00_21_286 -  Waiting For Element : [[IOSDriver:  on MAC (c660f2ee-e99c-4a5b-820c-a7151cf79f5b)] -> xpath: //XCUIElementTypeNavigationBar[@name='Web View']/following-sibling::XCUIElementTypeOther//XCUIElementTypeTextField[1]]]]>
            </line>
            <line>
              <![CDATA[08_04_2017_03_00_22_277 -  Waiting For Element : [[IOSDriver:  on MAC (c660f2ee-e99c-4a5b-820c-a7151cf79f5b)] -> xpath: //XCUIElementTypeNavigationBar[@name='Web View']/following-sibling::XCUIElementTypeOther//XCUIElementTypeTextField[1]]]]>
            </line>
            <line>
              <![CDATA[08_04_2017_03_00_23_303 -  Fetching the Attribute : value - Element : [[IOSDriver:  on MAC (c660f2ee-e99c-4a5b-820c-a7151cf79f5b)] -> xpath: //XCUIElementTypeNavigationBar[@name='Web View']/following-sibling::XCUIElementTypeOther//XCUIElementTypeTextField[1]]]]>
            </line>
            <line>
              <![CDATA[08_04_2017_03_00_33_186 -  Waiting for : 1 second(s)]]>
            </line>
            <line>
              <![CDATA[08_04_2017_03_00_34_258 - Fetch The App Context Handles - Hybrid App]]>
            </line>
            <line>
              <![CDATA[08_04_2017_03_00_35_880 - Switching to Web View for Hybrid App ]]>
            </line>
            <line>
              <![CDATA[08_04_2017_03_00_35_934 -  Waiting for : 1 second(s)]]>
            </line>
            <line>
              <![CDATA[08_04_2017_03_00_37_008 - Capturing Screenshot and Adding to Extent Reports]]>
            </line>
            <line>
              <![CDATA[08_04_2017_03_00_37_197 -  Waiting For Element : [[IOSDriver:  on MAC (c660f2ee-e99c-4a5b-820c-a7151cf79f5b)] -> id: search_query_top]]]>
            </line>
            <line>
              <![CDATA[08_04_2017_03_00_37_927 -  Send Keys :  [[IOSDriver:  on MAC (c660f2ee-e99c-4a5b-820c-a7151cf79f5b)] -> id: search_query_top]]]>
            </line>
            <line>
              <![CDATA[08_04_2017_03_00_38_083 -  Is the Element Displayed on Screen : [[IOSDriver:  on MAC (c660f2ee-e99c-4a5b-820c-a7151cf79f5b)] -> xpath: //h5[@itemprop='name']//a[normalize-space()='Printed Chiffon Dress'][@class='product-name']]]]>
            </line>
            <line>
              <![CDATA[08_04_2017_03_00_38_240 -  Waiting For Element : [[IOSDriver:  on MAC (c660f2ee-e99c-4a5b-820c-a7151cf79f5b)] -> xpath: //h5[@itemprop='name']//a[normalize-space()='Printed Chiffon Dress'][@class='product-name']]]]>
            </line>
            <line>
              <![CDATA[08_04_2017_03_00_38_428 -  Fetching the text : [[IOSDriver:  on MAC (c660f2ee-e99c-4a5b-820c-a7151cf79f5b)] -> xpath: //h5[@itemprop='name']//a[normalize-space()='Printed Chiffon Dress'][@class='product-name']]]]>
            </line>
            <line>
              <![CDATA[08_04_2017_03_00_38_580 -  Waiting For Element : [[IOSDriver:  on MAC (c660f2ee-e99c-4a5b-820c-a7151cf79f5b)] -> xpath: //h5[@itemprop='name']//a[normalize-space()='Printed Chiffon Dress']/../following-sibling::div/a[@title='Add to cart']]]]>
            </line>
            <line>
              <![CDATA[08_04_2017_03_00_38_836 -  Clicked :  [[IOSDriver:  on MAC (c660f2ee-e99c-4a5b-820c-a7151cf79f5b)] -> xpath: //h5[@itemprop='name']//a[normalize-space()='Printed Chiffon Dress']/../following-sibling::div/a[@title='Add to cart']]]]>
            </line>
            <line>
              <![CDATA[08_04_2017_03_00_38_929 -  Waiting For Element : [[IOSDriver:  on MAC (c660f2ee-e99c-4a5b-820c-a7151cf79f5b)] -> xpath: //div[@id='layer_cart']//span[@title='Close window']]]]>
            </line>
            <line>
              <![CDATA[08_04_2017_03_00_39_977 -  Waiting For Element : [[IOSDriver:  on MAC (c660f2ee-e99c-4a5b-820c-a7151cf79f5b)] -> xpath: //div[@id='layer_cart']//span[@title='Close window']]]]>
            </line>
            <line>
              <![CDATA[08_04_2017_03_00_40_297 -  Clicked :  [[IOSDriver:  on MAC (c660f2ee-e99c-4a5b-820c-a7151cf79f5b)] -> xpath: //div[@id='layer_cart']//span[@title='Close window']]]]>
            </line>
            <line>
              <![CDATA[08_04_2017_03_00_40_379 -  Waiting for : 1 second(s)]]>
            </line>
            <line>
              <![CDATA[08_04_2017_03_00_41_379 - Capturing Screenshot and Adding to Extent Reports]]>
            </line>
            <line>
              <![CDATA[08_04_2017_03_00_41_740 -  Waiting For Element : [[IOSDriver:  on MAC (c660f2ee-e99c-4a5b-820c-a7151cf79f5b)] -> xpath: //a[@title='View my shopping cart']]]]>
            </line>
            <line>
              <![CDATA[08_04_2017_03_00_41_848 -  Is the Element Displayed on Screen : [[IOSDriver:  on MAC (c660f2ee-e99c-4a5b-820c-a7151cf79f5b)] -> xpath: //a[@title='View my shopping cart']]]]>
            </line>
            <line>
              <![CDATA[08_04_2017_03_00_41_942 -  Waiting For Element : [[IOSDriver:  on MAC (c660f2ee-e99c-4a5b-820c-a7151cf79f5b)] -> xpath: //a[@title='View my shopping cart']]]]>
            </line>
            <line>
              <![CDATA[08_04_2017_03_00_42_277 -  Clicked :  [[IOSDriver:  on MAC (c660f2ee-e99c-4a5b-820c-a7151cf79f5b)] -> xpath: //a[@title='View my shopping cart']]]]>
            </line>
            <line>
              <![CDATA[08_04_2017_03_00_42_339 -  Waiting For Element : [[IOSDriver:  on MAC (c660f2ee-e99c-4a5b-820c-a7151cf79f5b)] -> xpath: //a[@id='button_order_cart']]]]>
            </line>
            <line>
              <![CDATA[08_04_2017_03_00_43_930 -  Clicked :  [[IOSDriver:  on MAC (c660f2ee-e99c-4a5b-820c-a7151cf79f5b)] -> xpath: //a[@id='button_order_cart']]]]>
            </line>
            <line>
              <![CDATA[08_04_2017_03_00_43_949 -  Waiting For Element : [[IOSDriver:  on MAC (c660f2ee-e99c-4a5b-820c-a7151cf79f5b)] -> xpath: //h1[@id='cart_title']]]]>
            </line>
            <line>
              <![CDATA[08_04_2017_03_00_46_147 -  Is the Element Displayed on Screen : [[IOSDriver:  on MAC (c660f2ee-e99c-4a5b-820c-a7151cf79f5b)] -> xpath: //h1[@id='cart_title']]]]>
            </line>
            <line>
              <![CDATA[08_04_2017_03_00_46_251 -  Web View : Scrolling Down : ]]>
            </line>
            <line>
              <![CDATA[08_04_2017_03_00_46_340 -  Waiting for : 1 second(s)]]>
            </line>
            <line>
              <![CDATA[08_04_2017_03_00_47_410 -  Waiting for : 1 second(s)]]>
            </line>
            <line>
              <![CDATA[08_04_2017_03_00_48_483 - Capturing Screenshot and Adding to Extent Reports]]>
            </line>
            <line>
              <![CDATA[08_04_2017_03_00_48_693 -  Go Back]]>
            </line>
          </reporter-output>
        </test-method> <!-- test_15_UI_Catalog_WebView -->
        <test-method status="PASS" signature="after_Method(org.testng.ITestResult)[pri:0, instance:ios.scripts.Test_15_UI_Catalog_WebView@7a79be86]" name="after_Method" is-config="true" duration-ms="1" started-at="2017-08-04T03:00:48Z" finished-at="2017-08-04T03:00:48Z">
          <params>
            <param index="0">
              <value>
                <![CDATA[[TestResult name=test_15_UI_Catalog_WebView status=SUCCESS method=Test_15_UI_Catalog_WebView.test_15_UI_Catalog_WebView(java.util.Map)[pri:0, instance:ios.scripts.Test_15_UI_Catalog_WebView@7a79be86] output=08_04_2017_03_00_09_432 -  Swiping Vertically Down ]]]>
              </value>
            </param>
          </params>
          <reporter-output>
            <line>
              <![CDATA[08_04_2017_03_00_48_693  ***************** Execution Complete : TEST_15_UI_CATALOG_WEBVIEW ******************]]>
            </line>
          </reporter-output>
        </test-method> <!-- after_Method -->
      </class> <!-- ios.scripts.Test_15_UI_Catalog_WebView -->
    </test> <!-- iOSTest -->
  </suite> <!-- iOSSuite -->
</testng-results>
