<?xml version="1.0" encoding="UTF-8"?>
<testng-results skipped="0" failed="0" ignored="24" total="37" passed="13">
  <reporter-output>
    <line>
      <![CDATA[07_26_2017_03_39_54_235 ***** Suite Execution Started *****]]>
    </line>
    <line>
      <![CDATA[07_26_2017_03_39_54_744 Set Desired Capabilities - iOS : iPad]]>
    </line>
    <line>
      <![CDATA[07_26_2017_03_39_54_745 Launch iOSDriver : Capabilities [{noReset=true, platformVersion=10.3, bundleId=com.example.apple-samplecode.UICatalogN, platformName=iOS, deviceName=iPad Air 2}]]]>
    </line>
    <line>
      <![CDATA[07_26_2017_03_40_12_347 Rotate iPad to Landscape view for the test]]>
    </line>
    <line>
      <![CDATA[07_26_2017_03_40_13_125 -  Changed Orientation : Landscape]]>
    </line>
    <line>
      <![CDATA[IOS.SCRIPTS.TEST_01_LAUNCH_UI_CATALOG_HOMEPAGE]]>
    </line>
    <line>
      <![CDATA[07_26_2017_03_40_13_541 -  Waiting For Element : [[IOSDriver:  on MAC (4628bfb5-c65c-4ed8-ad9d-8c3d0538d3f8)] -> accessibility id: Action Sheets]]]>
    </line>
    <line>
      <![CDATA[07_26_2017_03_40_13_920 -  Is the Element Displayed on Screen : [[IOSDriver:  on MAC (4628bfb5-c65c-4ed8-ad9d-8c3d0538d3f8)] -> accessibility id: Action Sheets]]]>
    </line>
    <line>
      <![CDATA[07_26_2017_03_40_14_241 -  Waiting For Element : [[IOSDriver:  on MAC (4628bfb5-c65c-4ed8-ad9d-8c3d0538d3f8)] -> accessibility id: Action Sheets]]]>
    </line>
    <line>
      <![CDATA[07_26_2017_03_40_14_610 - Fetching the text : [[IOSDriver:  on MAC (4628bfb5-c65c-4ed8-ad9d-8c3d0538d3f8)] -> accessibility id: Action Sheets]]]>
    </line>
    <line>
      <![CDATA[07_26_2017_03_40_14_961 -  Waiting For Element : [[IOSDriver:  on MAC (4628bfb5-c65c-4ed8-ad9d-8c3d0538d3f8)] -> accessibility id: Action Sheets]]]>
    </line>
    <line>
      <![CDATA[07_26_2017_03_40_16_123 - Clicked :  [[IOSDriver:  on MAC (4628bfb5-c65c-4ed8-ad9d-8c3d0538d3f8)] -> accessibility id: Action Sheets]]]>
    </line>
    <line>
      <![CDATA[07_26_2017_03_40_16_123 - Waiting for : 1 second(s)]]>
    </line>
    <line>
      <![CDATA[07_26_2017_03_40_17_128 Capturing Screenshot and Adding to Extent Reports]]>
    </line>
    <line>
      <![CDATA[07_26_2017_03_40_43_702 -  Is the Element Displayed on Screen : [[IOSDriver:  on MAC (4628bfb5-c65c-4ed8-ad9d-8c3d0538d3f8)] -> accessibility id: Action Sheets]]]>
    </line>
    <line>
      <![CDATA[07_26_2017_03_40_44_113 -  Waiting For Element : [[IOSDriver:  on MAC (4628bfb5-c65c-4ed8-ad9d-8c3d0538d3f8)] -> accessibility id: Action Sheets]]]>
    </line>
    <line>
      <![CDATA[07_26_2017_03_40_44_463 - Fetching the text : [[IOSDriver:  on MAC (4628bfb5-c65c-4ed8-ad9d-8c3d0538d3f8)] -> accessibility id: Action Sheets]]]>
    </line>
    <line>
      <![CDATA[07_26_2017_03_40_45_863 -  Swiping Down to Element[[IOSDriver:  on MAC (4628bfb5-c65c-4ed8-ad9d-8c3d0538d3f8)] -> accessibility id: Toolbars]]]>
    </line>
    <line>
      <![CDATA[07_26_2017_03_40_53_633 -  Single Tap On Element : [[IOSDriver:  on MAC (4628bfb5-c65c-4ed8-ad9d-8c3d0538d3f8)] -> accessibility id: Toolbars]]]>
    </line>
    <line>
      <![CDATA[07_26_2017_03_40_54_061 -  Waiting For Element : [[IOSDriver:  on MAC (4628bfb5-c65c-4ed8-ad9d-8c3d0538d3f8)] -> accessibility id: Toolbars]]]>
    </line>
    <line>
      <![CDATA[07_26_2017_03_40_54_410 - Waiting for : 1 second(s)]]>
    </line>
    <line>
      <![CDATA[07_26_2017_03_40_55_415 Capturing Screenshot and Adding to Extent Reports]]>
    </line>
    <line>
      <![CDATA[07_26_2017_03_41_21_777 -  Waiting For Element : [[IOSDriver:  on MAC (4628bfb5-c65c-4ed8-ad9d-8c3d0538d3f8)] -> accessibility id: Toolbars]]]>
    </line>
    <line>
      <![CDATA[07_26_2017_03_41_22_135 - Fetching the text : [[IOSDriver:  on MAC (4628bfb5-c65c-4ed8-ad9d-8c3d0538d3f8)] -> accessibility id: Toolbars]]]>
    </line>
    <line>
      <![CDATA[07_26_2017_03_41_23_428 -  Swiping Down to Element[[IOSDriver:  on MAC (4628bfb5-c65c-4ed8-ad9d-8c3d0538d3f8)] -> accessibility id: Action Sheets]]]>
    </line>
    <line>
      <![CDATA[07_26_2017_03_41_28_713***************** Execution Complete : TEST_01_LAUNCH_UI_CATALOG_HOMEPAGE ******************]]>
    </line>
    <line>
      <![CDATA[IOS.SCRIPTS.TEST_02_UI_CATALOG_ACTIONSHEETS]]>
    </line>
    <line>
      <![CDATA[07_26_2017_03_41_29_160 -  Waiting For Element : [[IOSDriver:  on MAC (4628bfb5-c65c-4ed8-ad9d-8c3d0538d3f8)] -> accessibility id: Action Sheets]]]>
    </line>
    <line>
      <![CDATA[07_26_2017_03_41_29_512 -  Is the Element Displayed on Screen : [[IOSDriver:  on MAC (4628bfb5-c65c-4ed8-ad9d-8c3d0538d3f8)] -> accessibility id: Action Sheets]]]>
    </line>
    <line>
      <![CDATA[07_26_2017_03_41_29_876 -  Waiting For Element : [[IOSDriver:  on MAC (4628bfb5-c65c-4ed8-ad9d-8c3d0538d3f8)] -> accessibility id: Action Sheets]]]>
    </line>
    <line>
      <![CDATA[07_26_2017_03_41_30_232 - Fetching the text : [[IOSDriver:  on MAC (4628bfb5-c65c-4ed8-ad9d-8c3d0538d3f8)] -> accessibility id: Action Sheets]]]>
    </line>
    <line>
      <![CDATA[07_26_2017_03_41_30_570 -  Waiting For Element : [[IOSDriver:  on MAC (4628bfb5-c65c-4ed8-ad9d-8c3d0538d3f8)] -> accessibility id: Action Sheets]]]>
    </line>
    <line>
      <![CDATA[07_26_2017_03_41_31_697 - Clicked :  [[IOSDriver:  on MAC (4628bfb5-c65c-4ed8-ad9d-8c3d0538d3f8)] -> accessibility id: Action Sheets]]]>
    </line>
    <line>
      <![CDATA[07_26_2017_03_41_32_070 -  Waiting For Element : [[IOSDriver:  on MAC (4628bfb5-c65c-4ed8-ad9d-8c3d0538d3f8)] -> accessibility id: Action Sheets]]]>
    </line>
    <line>
      <![CDATA[07_26_2017_03_41_32_395 -  Is the Element Displayed on Screen : [[IOSDriver:  on MAC (4628bfb5-c65c-4ed8-ad9d-8c3d0538d3f8)] -> accessibility id: Action Sheets]]]>
    </line>
    <line>
      <![CDATA[07_26_2017_03_41_33_622 -  Waiting For Element : [[IOSDriver:  on MAC (4628bfb5-c65c-4ed8-ad9d-8c3d0538d3f8)] -> accessibility id: Okay / Cancel]]]>
    </line>
    <line>
      <![CDATA[07_26_2017_03_41_34_033 -  Is the Element Displayed on Screen : [[IOSDriver:  on MAC (4628bfb5-c65c-4ed8-ad9d-8c3d0538d3f8)] -> accessibility id: Okay / Cancel]]]>
    </line>
    <line>
      <![CDATA[07_26_2017_03_41_34_859 -  Waiting For Element : [[IOSDriver:  on MAC (4628bfb5-c65c-4ed8-ad9d-8c3d0538d3f8)] -> accessibility id: Other]]]>
    </line>
    <line>
      <![CDATA[07_26_2017_03_41_35_275 -  Is the Element Displayed on Screen : [[IOSDriver:  on MAC (4628bfb5-c65c-4ed8-ad9d-8c3d0538d3f8)] -> accessibility id: Other]]]>
    </line>
    <line>
      <![CDATA[07_26_2017_03_41_36_112 -  Waiting For Element : [[IOSDriver:  on MAC (4628bfb5-c65c-4ed8-ad9d-8c3d0538d3f8)] -> accessibility id: Okay / Cancel]]]>
    </line>
    <line>
      <![CDATA[07_26_2017_03_41_37_217 - Clicked :  [[IOSDriver:  on MAC (4628bfb5-c65c-4ed8-ad9d-8c3d0538d3f8)] -> accessibility id: Okay / Cancel]]]>
    </line>
    <line>
      <![CDATA[07_26_2017_03_41_38_231 -  Waiting For Element : [[IOSDriver:  on MAC (4628bfb5-c65c-4ed8-ad9d-8c3d0538d3f8)] -> accessibility id: OK]]]>
    </line>
    <line>
      <![CDATA[07_26_2017_03_41_38_960 -  Is the Element Displayed on Screen : [[IOSDriver:  on MAC (4628bfb5-c65c-4ed8-ad9d-8c3d0538d3f8)] -> accessibility id: OK]]]>
    </line>
    <line>
      <![CDATA[07_26_2017_03_41_40_363 -  Waiting For Element : [[IOSDriver:  on MAC (4628bfb5-c65c-4ed8-ad9d-8c3d0538d3f8)] -> accessibility id: OK]]]>
    </line>
    <line>
      <![CDATA[07_26_2017_03_41_41_239 - Fetching the text : [[IOSDriver:  on MAC (4628bfb5-c65c-4ed8-ad9d-8c3d0538d3f8)] -> accessibility id: OK]]]>
    </line>
    <line>
      <![CDATA[07_26_2017_03_41_41_960 - Waiting for : 1 second(s)]]>
    </line>
    <line>
      <![CDATA[07_26_2017_03_41_42_961 Capturing Screenshot and Adding to Extent Reports]]>
    </line>
    <line>
      <![CDATA[07_26_2017_03_41_44_532 -  Waiting For Element : [[IOSDriver:  on MAC (4628bfb5-c65c-4ed8-ad9d-8c3d0538d3f8)] -> accessibility id: OK]]]>
    </line>
    <line>
      <![CDATA[07_26_2017_03_41_46_475 - Clicked :  [[IOSDriver:  on MAC (4628bfb5-c65c-4ed8-ad9d-8c3d0538d3f8)] -> accessibility id: OK]]]>
    </line>
    <line>
      <![CDATA[07_26_2017_03_41_46_937 -  Waiting For Element : [[IOSDriver:  on MAC (4628bfb5-c65c-4ed8-ad9d-8c3d0538d3f8)] -> accessibility id: Action Sheets]]]>
    </line>
    <line>
      <![CDATA[07_26_2017_03_41_47_311 -  Is the Element Displayed on Screen : [[IOSDriver:  on MAC (4628bfb5-c65c-4ed8-ad9d-8c3d0538d3f8)] -> accessibility id: Action Sheets]]]>
    </line>
    <line>
      <![CDATA[07_26_2017_03_41_51_183 -  Single Tap On Element : [[IOSDriver:  on MAC (4628bfb5-c65c-4ed8-ad9d-8c3d0538d3f8)] -> accessibility id: Other]]]>
    </line>
    <line>
      <![CDATA[07_26_2017_03_41_52_016 -  Waiting For Element : [[IOSDriver:  on MAC (4628bfb5-c65c-4ed8-ad9d-8c3d0538d3f8)] -> accessibility id: Safe Choice]]]>
    </line>
    <line>
      <![CDATA[07_26_2017_03_41_52_735 -  Is the Element Displayed on Screen : [[IOSDriver:  on MAC (4628bfb5-c65c-4ed8-ad9d-8c3d0538d3f8)] -> accessibility id: Safe Choice]]]>
    </line>
    <line>
      <![CDATA[07_26_2017_03_41_54_265 -  Waiting For Element : [[IOSDriver:  on MAC (4628bfb5-c65c-4ed8-ad9d-8c3d0538d3f8)] -> accessibility id: Destructive Choice]]]>
    </line>
    <line>
      <![CDATA[07_26_2017_03_41_55_030 -  Is the Element Displayed on Screen : [[IOSDriver:  on MAC (4628bfb5-c65c-4ed8-ad9d-8c3d0538d3f8)] -> accessibility id: Destructive Choice]]]>
    </line>
    <line>
      <![CDATA[07_26_2017_03_41_56_564 -  Waiting For Element : [[IOSDriver:  on MAC (4628bfb5-c65c-4ed8-ad9d-8c3d0538d3f8)] -> accessibility id: Safe Choice]]]>
    </line>
    <line>
      <![CDATA[07_26_2017_03_41_57_385 - Fetching the text : [[IOSDriver:  on MAC (4628bfb5-c65c-4ed8-ad9d-8c3d0538d3f8)] -> accessibility id: Safe Choice]]]>
    </line>
    <line>
      <![CDATA[07_26_2017_03_41_58_962 -  Waiting For Element : [[IOSDriver:  on MAC (4628bfb5-c65c-4ed8-ad9d-8c3d0538d3f8)] -> accessibility id: Destructive Choice]]]>
    </line>
    <line>
      <![CDATA[07_26_2017_03_41_59_737 - Fetching the text : [[IOSDriver:  on MAC (4628bfb5-c65c-4ed8-ad9d-8c3d0538d3f8)] -> accessibility id: Destructive Choice]]]>
    </line>
    <line>
      <![CDATA[07_26_2017_03_42_00_465 - Waiting for : 1 second(s)]]>
    </line>
    <line>
      <![CDATA[07_26_2017_03_42_01_467 Capturing Screenshot and Adding to Extent Reports]]>
    </line>
    <line>
      <![CDATA[07_26_2017_03_42_06_364 -  Single Tap On Element : [[IOSDriver:  on MAC (4628bfb5-c65c-4ed8-ad9d-8c3d0538d3f8)] -> accessibility id: Safe Choice]]]>
    </line>
    <line>
      <![CDATA[07_26_2017_03_42_09_563 -  Single Tap On Element : [[IOSDriver:  on MAC (4628bfb5-c65c-4ed8-ad9d-8c3d0538d3f8)] -> accessibility id: Other]]]>
    </line>
    <line>
      <![CDATA[07_26_2017_03_42_13_737 -  Single Tap On Element : [[IOSDriver:  on MAC (4628bfb5-c65c-4ed8-ad9d-8c3d0538d3f8)] -> accessibility id: Destructive Choice]]]>
    </line>
    <line>
      <![CDATA[07_26_2017_03_42_36_316***************** Execution Complete : TEST_02_UI_CATALOG_ACTIONSHEETS ******************]]>
    </line>
    <line>
      <![CDATA[IOS.SCRIPTS.TEST_03_UI_CATALOG_ACTIVITYINDICATORS]]>
    </line>
    <line>
      <![CDATA[07_26_2017_03_42_36_813 -  Waiting For Element : [[IOSDriver:  on MAC (4628bfb5-c65c-4ed8-ad9d-8c3d0538d3f8)] -> accessibility id: Activity Indicators]]]>
    </line>
    <line>
      <![CDATA[07_26_2017_03_42_37_165 -  Is the Element Displayed on Screen : [[IOSDriver:  on MAC (4628bfb5-c65c-4ed8-ad9d-8c3d0538d3f8)] -> accessibility id: Activity Indicators]]]>
    </line>
    <line>
      <![CDATA[07_26_2017_03_42_37_514 -  Waiting For Element : [[IOSDriver:  on MAC (4628bfb5-c65c-4ed8-ad9d-8c3d0538d3f8)] -> accessibility id: Activity Indicators]]]>
    </line>
    <line>
      <![CDATA[07_26_2017_03_42_37_850 - Fetching the text : [[IOSDriver:  on MAC (4628bfb5-c65c-4ed8-ad9d-8c3d0538d3f8)] -> accessibility id: Activity Indicators]]]>
    </line>
    <line>
      <![CDATA[07_26_2017_03_42_38_183 -  Waiting For Element : [[IOSDriver:  on MAC (4628bfb5-c65c-4ed8-ad9d-8c3d0538d3f8)] -> accessibility id: Activity Indicators]]]>
    </line>
    <line>
      <![CDATA[07_26_2017_03_42_39_314 - Clicked :  [[IOSDriver:  on MAC (4628bfb5-c65c-4ed8-ad9d-8c3d0538d3f8)] -> accessibility id: Activity Indicators]]]>
    </line>
    <line>
      <![CDATA[07_26_2017_03_42_39_743 -  Waiting For Element : [[IOSDriver:  on MAC (4628bfb5-c65c-4ed8-ad9d-8c3d0538d3f8)] -> accessibility id: Activity Indicators]]]>
    </line>
    <line>
      <![CDATA[07_26_2017_03_42_40_263 -  Is the Element Displayed on Screen : [[IOSDriver:  on MAC (4628bfb5-c65c-4ed8-ad9d-8c3d0538d3f8)] -> accessibility id: Activity Indicators]]]>
    </line>
    <line>
      <![CDATA[07_26_2017_03_42_40_921 -  Waiting For Element : [[IOSDriver:  on MAC (4628bfb5-c65c-4ed8-ad9d-8c3d0538d3f8)] -> accessibility id: GRAY]]]>
    </line>
    <line>
      <![CDATA[07_26_2017_03_42_41_280 -  Is the Element Displayed on Screen : [[IOSDriver:  on MAC (4628bfb5-c65c-4ed8-ad9d-8c3d0538d3f8)] -> accessibility id: GRAY]]]>
    </line>
    <line>
      <![CDATA[07_26_2017_03_42_42_221 -  Waiting For Element : [[IOSDriver:  on MAC (4628bfb5-c65c-4ed8-ad9d-8c3d0538d3f8)] -> accessibility id: TINTED]]]>
    </line>
    <line>
      <![CDATA[07_26_2017_03_42_42_540 -  Is the Element Displayed on Screen : [[IOSDriver:  on MAC (4628bfb5-c65c-4ed8-ad9d-8c3d0538d3f8)] -> accessibility id: TINTED]]]>
    </line>
    <line>
      <![CDATA[07_26_2017_03_42_45_941 -  Waiting For Element : [[IOSDriver:  on MAC (4628bfb5-c65c-4ed8-ad9d-8c3d0538d3f8)] -> xpath: //XCUIElementTypeActivityIndicator[1]]]]>
    </line>
    <line>
      <![CDATA[07_26_2017_03_42_47_040 - Waiting for : 1 second(s)]]>
    </line>
    <line>
      <![CDATA[07_26_2017_03_42_48_045 Capturing Screenshot and Adding to Extent Reports]]>
    </line>
    <line>
      <![CDATA[07_26_2017_03_43_11_745***************** Execution Complete : TEST_03_UI_CATALOG_ACTIVITYINDICATORS ******************]]>
    </line>
    <line>
      <![CDATA[IOS.SCRIPTS.TEST_04_UI_CATALOG_ALERTVIEWS]]>
    </line>
    <line>
      <![CDATA[07_26_2017_03_43_12_116 -  Waiting For Element : [[IOSDriver:  on MAC (4628bfb5-c65c-4ed8-ad9d-8c3d0538d3f8)] -> accessibility id: Alert Views]]]>
    </line>
    <line>
      <![CDATA[07_26_2017_03_43_12_478 -  Is the Element Displayed on Screen : [[IOSDriver:  on MAC (4628bfb5-c65c-4ed8-ad9d-8c3d0538d3f8)] -> accessibility id: Alert Views]]]>
    </line>
    <line>
      <![CDATA[07_26_2017_03_43_12_815 -  Waiting For Element : [[IOSDriver:  on MAC (4628bfb5-c65c-4ed8-ad9d-8c3d0538d3f8)] -> accessibility id: Alert Views]]]>
    </line>
    <line>
      <![CDATA[07_26_2017_03_43_13_135 - Fetching the text : [[IOSDriver:  on MAC (4628bfb5-c65c-4ed8-ad9d-8c3d0538d3f8)] -> accessibility id: Alert Views]]]>
    </line>
    <line>
      <![CDATA[07_26_2017_03_43_13_438 -  Waiting For Element : [[IOSDriver:  on MAC (4628bfb5-c65c-4ed8-ad9d-8c3d0538d3f8)] -> accessibility id: Alert Views]]]>
    </line>
    <line>
      <![CDATA[07_26_2017_03_43_14_523 - Clicked :  [[IOSDriver:  on MAC (4628bfb5-c65c-4ed8-ad9d-8c3d0538d3f8)] -> accessibility id: Alert Views]]]>
    </line>
    <line>
      <![CDATA[07_26_2017_03_43_14_883 -  Waiting For Element : [[IOSDriver:  on MAC (4628bfb5-c65c-4ed8-ad9d-8c3d0538d3f8)] -> accessibility id: Alert Views]]]>
    </line>
    <line>
      <![CDATA[07_26_2017_03_43_15_215 -  Is the Element Displayed on Screen : [[IOSDriver:  on MAC (4628bfb5-c65c-4ed8-ad9d-8c3d0538d3f8)] -> accessibility id: Alert Views]]]>
    </line>
    <line>
      <![CDATA[07_26_2017_03_43_15_894 -  Waiting For Element : [[IOSDriver:  on MAC (4628bfb5-c65c-4ed8-ad9d-8c3d0538d3f8)] -> accessibility id: Simple]]]>
    </line>
    <line>
      <![CDATA[07_26_2017_03_43_16_244 -  Is the Element Displayed on Screen : [[IOSDriver:  on MAC (4628bfb5-c65c-4ed8-ad9d-8c3d0538d3f8)] -> accessibility id: Simple]]]>
    </line>
    <line>
      <![CDATA[07_26_2017_03_43_16_969 -  Waiting For Element : [[IOSDriver:  on MAC (4628bfb5-c65c-4ed8-ad9d-8c3d0538d3f8)] -> accessibility id: Okay / Cancel]]]>
    </line>
    <line>
      <![CDATA[07_26_2017_03_43_17_315 -  Is the Element Displayed on Screen : [[IOSDriver:  on MAC (4628bfb5-c65c-4ed8-ad9d-8c3d0538d3f8)] -> accessibility id: Okay / Cancel]]]>
    </line>
    <line>
      <![CDATA[07_26_2017_03_43_17_951 -  Waiting For Element : [[IOSDriver:  on MAC (4628bfb5-c65c-4ed8-ad9d-8c3d0538d3f8)] -> accessibility id: Other]]]>
    </line>
    <line>
      <![CDATA[07_26_2017_03_43_18_271 -  Is the Element Displayed on Screen : [[IOSDriver:  on MAC (4628bfb5-c65c-4ed8-ad9d-8c3d0538d3f8)] -> accessibility id: Other]]]>
    </line>
    <line>
      <![CDATA[07_26_2017_03_43_18_916 -  Waiting For Element : [[IOSDriver:  on MAC (4628bfb5-c65c-4ed8-ad9d-8c3d0538d3f8)] -> accessibility id: Text Entry]]]>
    </line>
    <line>
      <![CDATA[07_26_2017_03_43_19_249 -  Is the Element Displayed on Screen : [[IOSDriver:  on MAC (4628bfb5-c65c-4ed8-ad9d-8c3d0538d3f8)] -> accessibility id: Text Entry]]]>
    </line>
    <line>
      <![CDATA[07_26_2017_03_43_19_898 -  Waiting For Element : [[IOSDriver:  on MAC (4628bfb5-c65c-4ed8-ad9d-8c3d0538d3f8)] -> accessibility id: Secure Text Entry]]]>
    </line>
    <line>
      <![CDATA[07_26_2017_03_43_20_265 -  Is the Element Displayed on Screen : [[IOSDriver:  on MAC (4628bfb5-c65c-4ed8-ad9d-8c3d0538d3f8)] -> accessibility id: Secure Text Entry]]]>
    </line>
    <line>
      <![CDATA[07_26_2017_03_43_20_947 -  Waiting For Element : [[IOSDriver:  on MAC (4628bfb5-c65c-4ed8-ad9d-8c3d0538d3f8)] -> accessibility id: Simple]]]>
    </line>
    <line>
      <![CDATA[07_26_2017_03_43_22_029 - Clicked :  [[IOSDriver:  on MAC (4628bfb5-c65c-4ed8-ad9d-8c3d0538d3f8)] -> accessibility id: Simple]]]>
    </line>
    <line>
      <![CDATA[07_26_2017_03_43_22_029 -  Waiting For alert to be displayed ]]>
    </line>
    <line>
      <![CDATA[07_26_2017_03_43_22_867 - Waiting for : 1 second(s)]]>
    </line>
    <line>
      <![CDATA[07_26_2017_03_43_23_868 Capturing Screenshot and Adding to Extent Reports]]>
    </line>
    <line>
      <![CDATA[07_26_2017_03_43_24_316 -  Waiting For Element : [[IOSDriver:  on MAC (4628bfb5-c65c-4ed8-ad9d-8c3d0538d3f8)] -> accessibility id: A Short Title Is Best]]]>
    </line>
    <line>
      <![CDATA[07_26_2017_03_43_24_516 -  Is the Element Displayed on Screen : [[IOSDriver:  on MAC (4628bfb5-c65c-4ed8-ad9d-8c3d0538d3f8)] -> accessibility id: A Short Title Is Best]]]>
    </line>
    <line>
      <![CDATA[07_26_2017_03_43_24_721 -  Waiting For Element : [[IOSDriver:  on MAC (4628bfb5-c65c-4ed8-ad9d-8c3d0538d3f8)] -> accessibility id: A Short Title Is Best]]]>
    </line>
    <line>
      <![CDATA[07_26_2017_03_43_24_922 - Fetching the text : [[IOSDriver:  on MAC (4628bfb5-c65c-4ed8-ad9d-8c3d0538d3f8)] -> accessibility id: A Short Title Is Best]]]>
    </line>
    <line>
      <![CDATA[07_26_2017_03_43_25_130 -  Waiting For Element : [[IOSDriver:  on MAC (4628bfb5-c65c-4ed8-ad9d-8c3d0538d3f8)] -> accessibility id: A Short Title Is Best]]]>
    </line>
    <line>
      <![CDATA[07_26_2017_03_43_25_391 - Fetching the text : [[IOSDriver:  on MAC (4628bfb5-c65c-4ed8-ad9d-8c3d0538d3f8)] -> accessibility id: A Short Title Is Best]]]>
    </line>
    <line>
      <![CDATA[07_26_2017_03_43_25_816 -  Waiting For Element : [[IOSDriver:  on MAC (4628bfb5-c65c-4ed8-ad9d-8c3d0538d3f8)] -> accessibility id: A message should be a short, complete sentence.]]]>
    </line>
    <line>
      <![CDATA[07_26_2017_03_43_26_025 -  Is the Element Displayed on Screen : [[IOSDriver:  on MAC (4628bfb5-c65c-4ed8-ad9d-8c3d0538d3f8)] -> accessibility id: A message should be a short, complete sentence.]]]>
    </line>
    <line>
      <![CDATA[07_26_2017_03_43_26_242 -  Waiting For Element : [[IOSDriver:  on MAC (4628bfb5-c65c-4ed8-ad9d-8c3d0538d3f8)] -> accessibility id: A message should be a short, complete sentence.]]]>
    </line>
    <line>
      <![CDATA[07_26_2017_03_43_26_470 - Fetching the text : [[IOSDriver:  on MAC (4628bfb5-c65c-4ed8-ad9d-8c3d0538d3f8)] -> accessibility id: A message should be a short, complete sentence.]]]>
    </line>
    <line>
      <![CDATA[07_26_2017_03_43_26_675 -  Waiting For Element : [[IOSDriver:  on MAC (4628bfb5-c65c-4ed8-ad9d-8c3d0538d3f8)] -> accessibility id: A message should be a short, complete sentence.]]]>
    </line>
    <line>
      <![CDATA[07_26_2017_03_43_26_931 - Fetching the text : [[IOSDriver:  on MAC (4628bfb5-c65c-4ed8-ad9d-8c3d0538d3f8)] -> accessibility id: A message should be a short, complete sentence.]]]>
    </line>
    <line>
      <![CDATA[07_26_2017_03_43_27_322 -  Waiting For Element : [[IOSDriver:  on MAC (4628bfb5-c65c-4ed8-ad9d-8c3d0538d3f8)] -> accessibility id: OK]]]>
    </line>
    <line>
      <![CDATA[07_26_2017_03_43_27_515 -  Is the Element Displayed on Screen : [[IOSDriver:  on MAC (4628bfb5-c65c-4ed8-ad9d-8c3d0538d3f8)] -> accessibility id: OK]]]>
    </line>
    <line>
      <![CDATA[Accept Alert]]>
    </line>
    <line>
      <![CDATA[07_26_2017_03_43_32_484 -  Waiting For Element : [[IOSDriver:  on MAC (4628bfb5-c65c-4ed8-ad9d-8c3d0538d3f8)] -> xpath: //XCUIElementTypeStaticText[@name='Okay / Cancel']]]]>
    </line>
    <line>
      <![CDATA[07_26_2017_03_43_33_547 - Clicked :  [[IOSDriver:  on MAC (4628bfb5-c65c-4ed8-ad9d-8c3d0538d3f8)] -> xpath: //XCUIElementTypeStaticText[@name='Okay / Cancel']]]]>
    </line>
    <line>
      <![CDATA[07_26_2017_03_43_33_548 -  Waiting For alert to be displayed ]]>
    </line>
    <line>
      <![CDATA[07_26_2017_03_43_34_437 - Waiting for : 1 second(s)]]>
    </line>
    <line>
      <![CDATA[07_26_2017_03_43_35_441 Capturing Screenshot and Adding to Extent Reports]]>
    </line>
    <line>
      <![CDATA[07_26_2017_03_43_35_686 -  Is the Element Displayed on Screen : [[IOSDriver:  on MAC (4628bfb5-c65c-4ed8-ad9d-8c3d0538d3f8)] -> accessibility id: A Short Title Is Best]]]>
    </line>
    <line>
      <![CDATA[07_26_2017_03_43_35_901 -  Waiting For Element : [[IOSDriver:  on MAC (4628bfb5-c65c-4ed8-ad9d-8c3d0538d3f8)] -> accessibility id: A Short Title Is Best]]]>
    </line>
    <line>
      <![CDATA[07_26_2017_03_43_36_127 - Fetching the text : [[IOSDriver:  on MAC (4628bfb5-c65c-4ed8-ad9d-8c3d0538d3f8)] -> accessibility id: A Short Title Is Best]]]>
    </line>
    <line>
      <![CDATA[07_26_2017_03_43_36_341 -  Is the Element Displayed on Screen : [[IOSDriver:  on MAC (4628bfb5-c65c-4ed8-ad9d-8c3d0538d3f8)] -> accessibility id: A message should be a short, complete sentence.]]]>
    </line>
    <line>
      <![CDATA[07_26_2017_03_43_36_581 -  Waiting For Element : [[IOSDriver:  on MAC (4628bfb5-c65c-4ed8-ad9d-8c3d0538d3f8)] -> accessibility id: A message should be a short, complete sentence.]]]>
    </line>
    <line>
      <![CDATA[07_26_2017_03_43_36_800 - Fetching the text : [[IOSDriver:  on MAC (4628bfb5-c65c-4ed8-ad9d-8c3d0538d3f8)] -> accessibility id: A message should be a short, complete sentence.]]]>
    </line>
    <line>
      <![CDATA[Accept Alert]]>
    </line>
    <line>
      <![CDATA[07_26_2017_03_43_42_001 -  Waiting For Element : [[IOSDriver:  on MAC (4628bfb5-c65c-4ed8-ad9d-8c3d0538d3f8)] -> xpath: //XCUIElementTypeStaticText[@name='Okay / Cancel']]]]>
    </line>
    <line>
      <![CDATA[07_26_2017_03_43_43_201 - Clicked :  [[IOSDriver:  on MAC (4628bfb5-c65c-4ed8-ad9d-8c3d0538d3f8)] -> xpath: //XCUIElementTypeStaticText[@name='Okay / Cancel']]]]>
    </line>
    <line>
      <![CDATA[07_26_2017_03_43_43_201 -  Waiting For alert to be displayed ]]>
    </line>
    <line>
      <![CDATA[07_26_2017_03_43_46_573 - Dismiss Alert]]>
    </line>
    <line>
      <![CDATA[07_26_2017_03_43_47_098 -  Waiting For Element : [[IOSDriver:  on MAC (4628bfb5-c65c-4ed8-ad9d-8c3d0538d3f8)] -> accessibility id: Other]]]>
    </line>
    <line>
      <![CDATA[07_26_2017_03_43_48_203 - Clicked :  [[IOSDriver:  on MAC (4628bfb5-c65c-4ed8-ad9d-8c3d0538d3f8)] -> accessibility id: Other]]]>
    </line>
    <line>
      <![CDATA[07_26_2017_03_43_48_203 -  Waiting For alert to be displayed ]]>
    </line>
    <line>
      <![CDATA[07_26_2017_03_43_49_220 -  Is the Element Displayed on Screen : [[IOSDriver:  on MAC (4628bfb5-c65c-4ed8-ad9d-8c3d0538d3f8)] -> accessibility id: A Short Title Is Best]]]>
    </line>
    <line>
      <![CDATA[07_26_2017_03_43_49_418 -  Waiting For Element : [[IOSDriver:  on MAC (4628bfb5-c65c-4ed8-ad9d-8c3d0538d3f8)] -> accessibility id: A Short Title Is Best]]]>
    </line>
    <line>
      <![CDATA[07_26_2017_03_43_49_634 - Fetching the text : [[IOSDriver:  on MAC (4628bfb5-c65c-4ed8-ad9d-8c3d0538d3f8)] -> accessibility id: A Short Title Is Best]]]>
    </line>
    <line>
      <![CDATA[07_26_2017_03_43_49_873 -  Is the Element Displayed on Screen : [[IOSDriver:  on MAC (4628bfb5-c65c-4ed8-ad9d-8c3d0538d3f8)] -> accessibility id: A message should be a short, complete sentence.]]]>
    </line>
    <line>
      <![CDATA[07_26_2017_03_43_50_087 -  Waiting For Element : [[IOSDriver:  on MAC (4628bfb5-c65c-4ed8-ad9d-8c3d0538d3f8)] -> accessibility id: A message should be a short, complete sentence.]]]>
    </line>
    <line>
      <![CDATA[07_26_2017_03_43_50_281 - Fetching the text : [[IOSDriver:  on MAC (4628bfb5-c65c-4ed8-ad9d-8c3d0538d3f8)] -> accessibility id: A message should be a short, complete sentence.]]]>
    </line>
    <line>
      <![CDATA[07_26_2017_03_43_50_797 -  Waiting For Element : [[IOSDriver:  on MAC (4628bfb5-c65c-4ed8-ad9d-8c3d0538d3f8)] -> accessibility id: Choice One]]]>
    </line>
    <line>
      <![CDATA[07_26_2017_03_43_51_024 -  Is the Element Displayed on Screen : [[IOSDriver:  on MAC (4628bfb5-c65c-4ed8-ad9d-8c3d0538d3f8)] -> accessibility id: Choice One]]]>
    </line>
    <line>
      <![CDATA[07_26_2017_03_43_54_635 -  Waiting For Element : [[IOSDriver:  on MAC (4628bfb5-c65c-4ed8-ad9d-8c3d0538d3f8)] -> xpath: //XCUIElementTypeButton[@name='Choice Two']]]]>
    </line>
    <line>
      <![CDATA[07_26_2017_03_43_54_941 -  Is the Element Displayed on Screen : [[IOSDriver:  on MAC (4628bfb5-c65c-4ed8-ad9d-8c3d0538d3f8)] -> xpath: //XCUIElementTypeButton[@name='Choice Two']]]]>
    </line>
    <line>
      <![CDATA[07_26_2017_03_43_58_438 -  Single Tap On Element : [[IOSDriver:  on MAC (4628bfb5-c65c-4ed8-ad9d-8c3d0538d3f8)] -> accessibility id: Choice One]]]>
    </line>
    <line>
      <![CDATA[07_26_2017_03_43_58_792 -  Waiting For Element : [[IOSDriver:  on MAC (4628bfb5-c65c-4ed8-ad9d-8c3d0538d3f8)] -> accessibility id: Other]]]>
    </line>
    <line>
      <![CDATA[07_26_2017_03_44_00_023 - Clicked :  [[IOSDriver:  on MAC (4628bfb5-c65c-4ed8-ad9d-8c3d0538d3f8)] -> accessibility id: Other]]]>
    </line>
    <line>
      <![CDATA[07_26_2017_03_44_00_023 -  Waiting For alert to be displayed ]]>
    </line>
    <line>
      <![CDATA[07_26_2017_03_44_01_402 - Waiting for : 1 second(s)]]>
    </line>
    <line>
      <![CDATA[07_26_2017_03_44_02_412 Capturing Screenshot and Adding to Extent Reports]]>
    </line>
    <line>
      <![CDATA[07_26_2017_03_44_08_551 -  Single Tap On Element : [[IOSDriver:  on MAC (4628bfb5-c65c-4ed8-ad9d-8c3d0538d3f8)] -> xpath: //XCUIElementTypeButton[@name='Choice Two']]]]>
    </line>
    <line>
      <![CDATA[07_26_2017_03_44_08_948 -  Waiting For Element : [[IOSDriver:  on MAC (4628bfb5-c65c-4ed8-ad9d-8c3d0538d3f8)] -> accessibility id: Other]]]>
    </line>
    <line>
      <![CDATA[07_26_2017_03_44_10_125 - Clicked :  [[IOSDriver:  on MAC (4628bfb5-c65c-4ed8-ad9d-8c3d0538d3f8)] -> accessibility id: Other]]]>
    </line>
    <line>
      <![CDATA[07_26_2017_03_44_10_126 -  Waiting For alert to be displayed ]]>
    </line>
    <line>
      <![CDATA[07_26_2017_03_44_13_277 - Dismiss Alert]]>
    </line>
    <line>
      <![CDATA[07_26_2017_03_44_13_728 -  Waiting For Element : [[IOSDriver:  on MAC (4628bfb5-c65c-4ed8-ad9d-8c3d0538d3f8)] -> accessibility id: Text Entry]]]>
    </line>
    <line>
      <![CDATA[07_26_2017_03_44_14_843 - Clicked :  [[IOSDriver:  on MAC (4628bfb5-c65c-4ed8-ad9d-8c3d0538d3f8)] -> accessibility id: Text Entry]]]>
    </line>
    <line>
      <![CDATA[07_26_2017_03_44_14_843 -  Waiting For alert to be displayed ]]>
    </line>
    <line>
      <![CDATA[07_26_2017_03_44_16_387 -  Waiting For Element : [[IOSDriver:  on MAC (4628bfb5-c65c-4ed8-ad9d-8c3d0538d3f8)] -> accessibility id: A Short Title Is Best]]]>
    </line>
    <line>
      <![CDATA[07_26_2017_03_44_16_677 - Fetching the text : [[IOSDriver:  on MAC (4628bfb5-c65c-4ed8-ad9d-8c3d0538d3f8)] -> accessibility id: A Short Title Is Best]]]>
    </line>
    <line>
      <![CDATA[07_26_2017_03_44_16_940 -  Waiting For Element : [[IOSDriver:  on MAC (4628bfb5-c65c-4ed8-ad9d-8c3d0538d3f8)] -> accessibility id: A message should be a short, complete sentence.]]]>
    </line>
    <line>
      <![CDATA[07_26_2017_03_44_17_244 - Fetching the text : [[IOSDriver:  on MAC (4628bfb5-c65c-4ed8-ad9d-8c3d0538d3f8)] -> accessibility id: A message should be a short, complete sentence.]]]>
    </line>
    <line>
      <![CDATA[07_26_2017_03_44_23_081 -  Waiting For Element : [[IOSDriver:  on MAC (4628bfb5-c65c-4ed8-ad9d-8c3d0538d3f8)] -> xpath: //XCUIElementTypeAlert[@name='A Short Title Is Best']//XCUIElementTypeTextField]]]>
    </line>
    <line>
      <![CDATA[07_26_2017_03_44_23_396 -  Is the Element Displayed on Screen : [[IOSDriver:  on MAC (4628bfb5-c65c-4ed8-ad9d-8c3d0538d3f8)] -> xpath: //XCUIElementTypeAlert[@name='A Short Title Is Best']//XCUIElementTypeTextField]]]>
    </line>
    <line>
      <![CDATA[07_26_2017_03_44_30_777 - Waiting for : 1 second(s)]]>
    </line>
    <line>
      <![CDATA[07_26_2017_03_44_31_787 Capturing Screenshot and Adding to Extent Reports]]>
    </line>
    <line>
      <![CDATA[Accept Alert]]>
    </line>
    <line>
      <![CDATA[07_26_2017_03_44_35_835 -  Waiting For Element : [[IOSDriver:  on MAC (4628bfb5-c65c-4ed8-ad9d-8c3d0538d3f8)] -> accessibility id: Text Entry]]]>
    </line>
    <line>
      <![CDATA[07_26_2017_03_44_37_074 - Clicked :  [[IOSDriver:  on MAC (4628bfb5-c65c-4ed8-ad9d-8c3d0538d3f8)] -> accessibility id: Text Entry]]]>
    </line>
    <line>
      <![CDATA[07_26_2017_03_44_37_074 -  Waiting For alert to be displayed ]]>
    </line>
    <line>
      <![CDATA[07_26_2017_03_44_48_095 - Dismiss Alert]]>
    </line>
    <line>
      <![CDATA[07_26_2017_03_44_48_698 -  Waiting For Element : [[IOSDriver:  on MAC (4628bfb5-c65c-4ed8-ad9d-8c3d0538d3f8)] -> accessibility id: Secure Text Entry]]]>
    </line>
    <line>
      <![CDATA[07_26_2017_03_44_49_797 - Clicked :  [[IOSDriver:  on MAC (4628bfb5-c65c-4ed8-ad9d-8c3d0538d3f8)] -> accessibility id: Secure Text Entry]]]>
    </line>
    <line>
      <![CDATA[07_26_2017_03_44_49_798 -  Waiting For alert to be displayed ]]>
    </line>
    <line>
      <![CDATA[07_26_2017_03_44_51_295 -  Waiting For Element : [[IOSDriver:  on MAC (4628bfb5-c65c-4ed8-ad9d-8c3d0538d3f8)] -> accessibility id: A Short Title Is Best]]]>
    </line>
    <line>
      <![CDATA[07_26_2017_03_44_51_588 - Fetching the text : [[IOSDriver:  on MAC (4628bfb5-c65c-4ed8-ad9d-8c3d0538d3f8)] -> accessibility id: A Short Title Is Best]]]>
    </line>
    <line>
      <![CDATA[07_26_2017_03_44_51_878 -  Waiting For Element : [[IOSDriver:  on MAC (4628bfb5-c65c-4ed8-ad9d-8c3d0538d3f8)] -> accessibility id: A message should be a short, complete sentence.]]]>
    </line>
    <line>
      <![CDATA[07_26_2017_03_44_52_280 - Fetching the text : [[IOSDriver:  on MAC (4628bfb5-c65c-4ed8-ad9d-8c3d0538d3f8)] -> accessibility id: A message should be a short, complete sentence.]]]>
    </line>
    <line>
      <![CDATA[07_26_2017_03_44_57_780 -  Waiting For Element : [[IOSDriver:  on MAC (4628bfb5-c65c-4ed8-ad9d-8c3d0538d3f8)] -> xpath: //XCUIElementTypeAlert[@name='A Short Title Is Best']//XCUIElementTypeSecureTextField]]]>
    </line>
    <line>
      <![CDATA[07_26_2017_03_44_58_191 -  Is the Element Displayed on Screen : [[IOSDriver:  on MAC (4628bfb5-c65c-4ed8-ad9d-8c3d0538d3f8)] -> xpath: //XCUIElementTypeAlert[@name='A Short Title Is Best']//XCUIElementTypeSecureTextField]]]>
    </line>
    <line>
      <![CDATA[07_26_2017_03_45_04_151 - Waiting for : 1 second(s)]]>
    </line>
    <line>
      <![CDATA[07_26_2017_03_45_05_155 Capturing Screenshot and Adding to Extent Reports]]>
    </line>
    <line>
      <![CDATA[Accept Alert]]>
    </line>
    <line>
      <![CDATA[07_26_2017_03_45_08_733 -  Waiting For Element : [[IOSDriver:  on MAC (4628bfb5-c65c-4ed8-ad9d-8c3d0538d3f8)] -> accessibility id: Secure Text Entry]]]>
    </line>
    <line>
      <![CDATA[07_26_2017_03_45_09_846 - Clicked :  [[IOSDriver:  on MAC (4628bfb5-c65c-4ed8-ad9d-8c3d0538d3f8)] -> accessibility id: Secure Text Entry]]]>
    </line>
    <line>
      <![CDATA[07_26_2017_03_45_09_846 -  Waiting For alert to be displayed ]]>
    </line>
    <line>
      <![CDATA[07_26_2017_03_45_20_995 - Dismiss Alert]]>
    </line>
    <line>
      <![CDATA[07_26_2017_03_45_42_581***************** Execution Complete : TEST_04_UI_CATALOG_ALERTVIEWS ******************]]>
    </line>
    <line>
      <![CDATA[IOS.SCRIPTS.TEST_05_UI_CATALOG_BUTTONS]]>
    </line>
    <line>
      <![CDATA[07_26_2017_03_45_42_934 -  Waiting For Element : [[IOSDriver:  on MAC (4628bfb5-c65c-4ed8-ad9d-8c3d0538d3f8)] -> accessibility id: Buttons]]]>
    </line>
    <line>
      <![CDATA[07_26_2017_03_45_43_289 -  Is the Element Displayed on Screen : [[IOSDriver:  on MAC (4628bfb5-c65c-4ed8-ad9d-8c3d0538d3f8)] -> accessibility id: Buttons]]]>
    </line>
    <line>
      <![CDATA[07_26_2017_03_45_43_596 -  Waiting For Element : [[IOSDriver:  on MAC (4628bfb5-c65c-4ed8-ad9d-8c3d0538d3f8)] -> accessibility id: Buttons]]]>
    </line>
    <line>
      <![CDATA[07_26_2017_03_45_43_931 - Fetching the text : [[IOSDriver:  on MAC (4628bfb5-c65c-4ed8-ad9d-8c3d0538d3f8)] -> accessibility id: Buttons]]]>
    </line>
    <line>
      <![CDATA[07_26_2017_03_45_44_279 -  Waiting For Element : [[IOSDriver:  on MAC (4628bfb5-c65c-4ed8-ad9d-8c3d0538d3f8)] -> accessibility id: Buttons]]]>
    </line>
    <line>
      <![CDATA[07_26_2017_03_45_45_402 - Clicked :  [[IOSDriver:  on MAC (4628bfb5-c65c-4ed8-ad9d-8c3d0538d3f8)] -> accessibility id: Buttons]]]>
    </line>
    <line>
      <![CDATA[07_26_2017_03_45_45_403 - Waiting for : 1 second(s)]]>
    </line>
    <line>
      <![CDATA[07_26_2017_03_45_46_412 Capturing Screenshot and Adding to Extent Reports]]>
    </line>
    <line>
      <![CDATA[07_26_2017_03_45_47_006 -  Is the Element Displayed on Screen : [[IOSDriver:  on MAC (4628bfb5-c65c-4ed8-ad9d-8c3d0538d3f8)] -> accessibility id: Buttons]]]>
    </line>
    <line>
      <![CDATA[07_26_2017_03_45_50_186 -  Waiting For Element : [[IOSDriver:  on MAC (4628bfb5-c65c-4ed8-ad9d-8c3d0538d3f8)] -> xpath: //XCUIElementTypeOther[@label='SYSTEM (TEXT)']]]]>
    </line>
    <line>
      <![CDATA[07_26_2017_03_45_50_578 -  Is the Element Displayed on Screen : [[IOSDriver:  on MAC (4628bfb5-c65c-4ed8-ad9d-8c3d0538d3f8)] -> xpath: //XCUIElementTypeOther[@label='SYSTEM (TEXT)']]]]>
    </line>
    <line>
      <![CDATA[07_26_2017_03_45_53_484 -  Waiting For Element : [[IOSDriver:  on MAC (4628bfb5-c65c-4ed8-ad9d-8c3d0538d3f8)] -> xpath: //XCUIElementTypeButton[@name='Button']]]]>
    </line>
    <line>
      <![CDATA[07_26_2017_03_45_53_856 -  Is the Element Displayed on Screen : [[IOSDriver:  on MAC (4628bfb5-c65c-4ed8-ad9d-8c3d0538d3f8)] -> xpath: //XCUIElementTypeButton[@name='Button']]]]>
    </line>
    <line>
      <![CDATA[07_26_2017_03_45_57_280 -  Waiting For Element : [[IOSDriver:  on MAC (4628bfb5-c65c-4ed8-ad9d-8c3d0538d3f8)] -> xpath: //XCUIElementTypeOther[@label='SYSTEM (CONTACT ADD)']]]]>
    </line>
    <line>
      <![CDATA[07_26_2017_03_45_57_631 -  Is the Element Displayed on Screen : [[IOSDriver:  on MAC (4628bfb5-c65c-4ed8-ad9d-8c3d0538d3f8)] -> xpath: //XCUIElementTypeOther[@label='SYSTEM (CONTACT ADD)']]]]>
    </line>
    <line>
      <![CDATA[07_26_2017_03_45_58_396 -  Waiting For Element : [[IOSDriver:  on MAC (4628bfb5-c65c-4ed8-ad9d-8c3d0538d3f8)] -> accessibility id: SYSTEM (DETAIL DISCLOSURE)]]]>
    </line>
    <line>
      <![CDATA[07_26_2017_03_45_58_779 -  Is the Element Displayed on Screen : [[IOSDriver:  on MAC (4628bfb5-c65c-4ed8-ad9d-8c3d0538d3f8)] -> accessibility id: SYSTEM (DETAIL DISCLOSURE)]]]>
    </line>
    <line>
      <![CDATA[07_26_2017_03_45_59_545 -  Waiting For Element : [[IOSDriver:  on MAC (4628bfb5-c65c-4ed8-ad9d-8c3d0538d3f8)] -> accessibility id: More Info]]]>
    </line>
    <line>
      <![CDATA[07_26_2017_03_45_59_901 -  Is the Element Displayed on Screen : [[IOSDriver:  on MAC (4628bfb5-c65c-4ed8-ad9d-8c3d0538d3f8)] -> accessibility id: More Info]]]>
    </line>
    <line>
      <![CDATA[07_26_2017_03_46_00_681 -  Waiting For Element : [[IOSDriver:  on MAC (4628bfb5-c65c-4ed8-ad9d-8c3d0538d3f8)] -> accessibility id: X Button]]]>
    </line>
    <line>
      <![CDATA[07_26_2017_03_46_01_046 -  Is the Element Displayed on Screen : [[IOSDriver:  on MAC (4628bfb5-c65c-4ed8-ad9d-8c3d0538d3f8)] -> accessibility id: X Button]]]>
    </line>
    <line>
      <![CDATA[07_26_2017_03_46_01_781 -  Waiting For Element : [[IOSDriver:  on MAC (4628bfb5-c65c-4ed8-ad9d-8c3d0538d3f8)] -> accessibility id: IMAGE]]]>
    </line>
    <line>
      <![CDATA[07_26_2017_03_46_02_152 -  Is the Element Displayed on Screen : [[IOSDriver:  on MAC (4628bfb5-c65c-4ed8-ad9d-8c3d0538d3f8)] -> accessibility id: IMAGE]]]>
    </line>
    <line>
      <![CDATA[07_26_2017_03_46_02_943 -  Waiting For Element : [[IOSDriver:  on MAC (4628bfb5-c65c-4ed8-ad9d-8c3d0538d3f8)] -> accessibility id: ATTRIBUTED TEXT]]]>
    </line>
    <line>
      <![CDATA[07_26_2017_03_46_03_307 -  Is the Element Displayed on Screen : [[IOSDriver:  on MAC (4628bfb5-c65c-4ed8-ad9d-8c3d0538d3f8)] -> accessibility id: ATTRIBUTED TEXT]]]>
    </line>
    <line>
      <![CDATA[07_26_2017_03_46_03_981 - Swiping Vertically Down ]]>
    </line>
    <line>
      <![CDATA[07_26_2017_03_46_39_182***************** Execution Complete : TEST_05_UI_CATALOG_BUTTONS ******************]]>
    </line>
    <line>
      <![CDATA[IOS.SCRIPTS.TEST_06_UI_CATALOG_DATEPICKER]]>
    </line>
    <line>
      <![CDATA[07_26_2017_03_46_39_599 -  Waiting For Element : [[IOSDriver:  on MAC (4628bfb5-c65c-4ed8-ad9d-8c3d0538d3f8)] -> accessibility id: Date Picker]]]>
    </line>
    <line>
      <![CDATA[07_26_2017_03_46_39_981 -  Is the Element Displayed on Screen : [[IOSDriver:  on MAC (4628bfb5-c65c-4ed8-ad9d-8c3d0538d3f8)] -> accessibility id: Date Picker]]]>
    </line>
    <line>
      <![CDATA[07_26_2017_03_46_40_357 -  Waiting For Element : [[IOSDriver:  on MAC (4628bfb5-c65c-4ed8-ad9d-8c3d0538d3f8)] -> accessibility id: Date Picker]]]>
    </line>
    <line>
      <![CDATA[07_26_2017_03_46_40_750 - Fetching the text : [[IOSDriver:  on MAC (4628bfb5-c65c-4ed8-ad9d-8c3d0538d3f8)] -> accessibility id: Date Picker]]]>
    </line>
    <line>
      <![CDATA[07_26_2017_03_46_41_105 -  Waiting For Element : [[IOSDriver:  on MAC (4628bfb5-c65c-4ed8-ad9d-8c3d0538d3f8)] -> accessibility id: Date Picker]]]>
    </line>
    <line>
      <![CDATA[07_26_2017_03_46_42_351 - Clicked :  [[IOSDriver:  on MAC (4628bfb5-c65c-4ed8-ad9d-8c3d0538d3f8)] -> accessibility id: Date Picker]]]>
    </line>
    <line>
      <![CDATA[07_26_2017_03_46_42_351 - Waiting for : 1 second(s)]]>
    </line>
    <line>
      <![CDATA[07_26_2017_03_46_43_359 Capturing Screenshot and Adding to Extent Reports]]>
    </line>
    <line>
      <![CDATA[07_26_2017_03_46_43_608 -  Is the Element Displayed on Screen : [[IOSDriver:  on MAC (4628bfb5-c65c-4ed8-ad9d-8c3d0538d3f8)] -> accessibility id: Date Picker]]]>
    </line>
    <line>
      <![CDATA[07_26_2017_03_46_46_745 -  Waiting For Element : [[IOSDriver:  on MAC (4628bfb5-c65c-4ed8-ad9d-8c3d0538d3f8)] -> xpath: //XCUIElementTypeStaticText[contains(@name,'2017')]]]]>
    </line>
    <line>
      <![CDATA[07_26_2017_03_46_47_085 -  Is the Element Displayed on Screen : [[IOSDriver:  on MAC (4628bfb5-c65c-4ed8-ad9d-8c3d0538d3f8)] -> xpath: //XCUIElementTypeStaticText[contains(@name,'2017')]]]]>
    </line>
    <line>
      <![CDATA[07_26_2017_03_46_50_260 -  Waiting For Elements : [[[IOSDriver:  on MAC (4628bfb5-c65c-4ed8-ad9d-8c3d0538d3f8)] -> xpath: //XCUIElementTypeDatePicker/XCUIElementTypeOther/XCUIElementTypePickerWheel], [[IOSDriver:  on MAC (4628bfb5-c65c-4ed8-ad9d-8c3d0538d3f8)] -> xpath: //XCUIElementTypeDatePicker/XCUIElementTypeOther/XCUIElementTypePickerWheel], [[IOSDriver:  on MAC (4628bfb5-c65c-4ed8-ad9d-8c3d0538d3f8)] -> xpath: //XCUIElementTypeDatePicker/XCUIElementTypeOther/XCUIElementTypePickerWheel], [[IOSDriver:  on MAC (4628bfb5-c65c-4ed8-ad9d-8c3d0538d3f8)] -> xpath: //XCUIElementTypeDatePicker/XCUIElementTypeOther/XCUIElementTypePickerWheel]]]]>
    </line>
    <line>
      <![CDATA[07_26_2017_03_46_51_981 -  Is the Element Displayed on Screen : [[IOSDriver:  on MAC (4628bfb5-c65c-4ed8-ad9d-8c3d0538d3f8)] -> xpath: //XCUIElementTypeDatePicker/XCUIElementTypeOther/XCUIElementTypePickerWheel]]]>
    </line>
    <line>
      <![CDATA[07_26_2017_03_46_52_307 - Swiping ]]>
    </line>
    <line>
      <![CDATA[07_26_2017_03_46_56_347 -  Is the Element Displayed on Screen : [[IOSDriver:  on MAC (4628bfb5-c65c-4ed8-ad9d-8c3d0538d3f8)] -> xpath: //XCUIElementTypeDatePicker/XCUIElementTypeOther/XCUIElementTypePickerWheel]]]>
    </line>
    <line>
      <![CDATA[07_26_2017_03_46_56_682 - Swiping ]]>
    </line>
    <line>
      <![CDATA[07_26_2017_03_47_00_397 -  Is the Element Displayed on Screen : [[IOSDriver:  on MAC (4628bfb5-c65c-4ed8-ad9d-8c3d0538d3f8)] -> xpath: //XCUIElementTypeDatePicker/XCUIElementTypeOther/XCUIElementTypePickerWheel]]]>
    </line>
    <line>
      <![CDATA[07_26_2017_03_47_00_734 - Swiping ]]>
    </line>
    <line>
      <![CDATA[07_26_2017_03_47_04_485 -  Is the Element Displayed on Screen : [[IOSDriver:  on MAC (4628bfb5-c65c-4ed8-ad9d-8c3d0538d3f8)] -> xpath: //XCUIElementTypeDatePicker/XCUIElementTypeOther/XCUIElementTypePickerWheel]]]>
    </line>
    <line>
      <![CDATA[07_26_2017_03_47_04_903 - Swiping ]]>
    </line>
    <line>
      <![CDATA[07_26_2017_03_47_09_030 - Waiting for : 1 second(s)]]>
    </line>
    <line>
      <![CDATA[07_26_2017_03_47_10_037 Capturing Screenshot and Adding to Extent Reports]]>
    </line>
    <line>
      <![CDATA[07_26_2017_03_47_47_646***************** Execution Complete : TEST_06_UI_CATALOG_DATEPICKER ******************]]>
    </line>
    <line>
      <![CDATA[IOS.SCRIPTS.TEST_07_UI_CATALOG_SEGMENTEDCONTROLS]]>
    </line>
    <line>
      <![CDATA[07_26_2017_03_47_48_033 -  Waiting For Element : [[IOSDriver:  on MAC (4628bfb5-c65c-4ed8-ad9d-8c3d0538d3f8)] -> accessibility id: Segmented Controls]]]>
    </line>
    <line>
      <![CDATA[07_26_2017_03_47_48_359 -  Is the Element Displayed on Screen : [[IOSDriver:  on MAC (4628bfb5-c65c-4ed8-ad9d-8c3d0538d3f8)] -> accessibility id: Segmented Controls]]]>
    </line>
    <line>
      <![CDATA[07_26_2017_03_47_48_694 -  Waiting For Element : [[IOSDriver:  on MAC (4628bfb5-c65c-4ed8-ad9d-8c3d0538d3f8)] -> accessibility id: Segmented Controls]]]>
    </line>
    <line>
      <![CDATA[07_26_2017_03_47_49_034 - Fetching the text : [[IOSDriver:  on MAC (4628bfb5-c65c-4ed8-ad9d-8c3d0538d3f8)] -> accessibility id: Segmented Controls]]]>
    </line>
    <line>
      <![CDATA[07_26_2017_03_47_49_338 -  Waiting For Element : [[IOSDriver:  on MAC (4628bfb5-c65c-4ed8-ad9d-8c3d0538d3f8)] -> accessibility id: Segmented Controls]]]>
    </line>
    <line>
      <![CDATA[07_26_2017_03_47_50_432 - Clicked :  [[IOSDriver:  on MAC (4628bfb5-c65c-4ed8-ad9d-8c3d0538d3f8)] -> accessibility id: Segmented Controls]]]>
    </line>
    <line>
      <![CDATA[07_26_2017_03_47_50_432 - Waiting for : 1 second(s)]]>
    </line>
    <line>
      <![CDATA[07_26_2017_03_47_51_442 Capturing Screenshot and Adding to Extent Reports]]>
    </line>
    <line>
      <![CDATA[07_26_2017_03_47_51_663 -  Is the Element Displayed on Screen : [[IOSDriver:  on MAC (4628bfb5-c65c-4ed8-ad9d-8c3d0538d3f8)] -> accessibility id: Segmented Controls]]]>
    </line>
    <line>
      <![CDATA[07_26_2017_03_47_55_037 -  Waiting For Element : [[IOSDriver:  on MAC (4628bfb5-c65c-4ed8-ad9d-8c3d0538d3f8)] -> xpath: //XCUIElementTypeOther[@name='DEFAULT']]]]>
    </line>
    <line>
      <![CDATA[07_26_2017_03_47_55_432 - Fetching the text : [[IOSDriver:  on MAC (4628bfb5-c65c-4ed8-ad9d-8c3d0538d3f8)] -> xpath: //XCUIElementTypeOther[@name='DEFAULT']]]]>
    </line>
    <line>
      <![CDATA[07_26_2017_03_47_58_856 -  Waiting For Element : [[IOSDriver:  on MAC (4628bfb5-c65c-4ed8-ad9d-8c3d0538d3f8)] -> xpath: //XCUIElementTypeCell[1]//XCUIElementTypeButton[@name='Check']]]]>
    </line>
    <line>
      <![CDATA[07_26_2017_03_47_59_282 -  Waiting For Element : [[IOSDriver:  on MAC (4628bfb5-c65c-4ed8-ad9d-8c3d0538d3f8)] -> xpath: //XCUIElementTypeCell[1]//XCUIElementTypeButton[@name='Check']]]]>
    </line>
    <line>
      <![CDATA[07_26_2017_03_47_59_647 - Fetching the Attribute : name - Element : [[IOSDriver:  on MAC (4628bfb5-c65c-4ed8-ad9d-8c3d0538d3f8)] -> xpath: //XCUIElementTypeCell[1]//XCUIElementTypeButton[@name='Check']]]]>
    </line>
    <line>
      <![CDATA[07_26_2017_03_47_59_988 -  Waiting For Element : [[IOSDriver:  on MAC (4628bfb5-c65c-4ed8-ad9d-8c3d0538d3f8)] -> xpath: //XCUIElementTypeCell[1]//XCUIElementTypeButton[@name='Check']]]]>
    </line>
    <line>
      <![CDATA[07_26_2017_03_48_01_196 - Clicked :  [[IOSDriver:  on MAC (4628bfb5-c65c-4ed8-ad9d-8c3d0538d3f8)] -> xpath: //XCUIElementTypeCell[1]//XCUIElementTypeButton[@name='Check']]]]>
    </line>
    <line>
      <![CDATA[07_26_2017_03_48_03_705 -  Waiting For Element : [[IOSDriver:  on MAC (4628bfb5-c65c-4ed8-ad9d-8c3d0538d3f8)] -> xpath: //XCUIElementTypeCell[1]//XCUIElementTypeButton[@name='Search']]]]>
    </line>
    <line>
      <![CDATA[07_26_2017_03_48_04_092 -  Waiting For Element : [[IOSDriver:  on MAC (4628bfb5-c65c-4ed8-ad9d-8c3d0538d3f8)] -> xpath: //XCUIElementTypeCell[1]//XCUIElementTypeButton[@name='Search']]]]>
    </line>
    <line>
      <![CDATA[07_26_2017_03_48_04_482 - Fetching the Attribute : name - Element : [[IOSDriver:  on MAC (4628bfb5-c65c-4ed8-ad9d-8c3d0538d3f8)] -> xpath: //XCUIElementTypeCell[1]//XCUIElementTypeButton[@name='Search']]]]>
    </line>
    <line>
      <![CDATA[07_26_2017_03_48_04_838 -  Waiting For Element : [[IOSDriver:  on MAC (4628bfb5-c65c-4ed8-ad9d-8c3d0538d3f8)] -> xpath: //XCUIElementTypeCell[1]//XCUIElementTypeButton[@name='Search']]]]>
    </line>
    <line>
      <![CDATA[07_26_2017_03_48_06_041 - Clicked :  [[IOSDriver:  on MAC (4628bfb5-c65c-4ed8-ad9d-8c3d0538d3f8)] -> xpath: //XCUIElementTypeCell[1]//XCUIElementTypeButton[@name='Search']]]]>
    </line>
    <line>
      <![CDATA[07_26_2017_03_48_09_408 -  Waiting For Element : [[IOSDriver:  on MAC (4628bfb5-c65c-4ed8-ad9d-8c3d0538d3f8)] -> xpath: //XCUIElementTypeCell[1]//XCUIElementTypeButton[@name='Tools']]]]>
    </line>
    <line>
      <![CDATA[07_26_2017_03_48_09_833 -  Waiting For Element : [[IOSDriver:  on MAC (4628bfb5-c65c-4ed8-ad9d-8c3d0538d3f8)] -> xpath: //XCUIElementTypeCell[1]//XCUIElementTypeButton[@name='Tools']]]]>
    </line>
    <line>
      <![CDATA[07_26_2017_03_48_10_234 - Fetching the Attribute : name - Element : [[IOSDriver:  on MAC (4628bfb5-c65c-4ed8-ad9d-8c3d0538d3f8)] -> xpath: //XCUIElementTypeCell[1]//XCUIElementTypeButton[@name='Tools']]]]>
    </line>
    <line>
      <![CDATA[07_26_2017_03_48_10_633 -  Waiting For Element : [[IOSDriver:  on MAC (4628bfb5-c65c-4ed8-ad9d-8c3d0538d3f8)] -> xpath: //XCUIElementTypeCell[1]//XCUIElementTypeButton[@name='Tools']]]]>
    </line>
    <line>
      <![CDATA[07_26_2017_03_48_11_840 - Clicked :  [[IOSDriver:  on MAC (4628bfb5-c65c-4ed8-ad9d-8c3d0538d3f8)] -> xpath: //XCUIElementTypeCell[1]//XCUIElementTypeButton[@name='Tools']]]]>
    </line>
    <line>
      <![CDATA[07_26_2017_03_48_15_484 -  Waiting For Element : [[IOSDriver:  on MAC (4628bfb5-c65c-4ed8-ad9d-8c3d0538d3f8)] -> xpath: //XCUIElementTypeOther[@name='TINTED']]]]>
    </line>
    <line>
      <![CDATA[07_26_2017_03_48_15_884 - Fetching the text : [[IOSDriver:  on MAC (4628bfb5-c65c-4ed8-ad9d-8c3d0538d3f8)] -> xpath: //XCUIElementTypeOther[@name='TINTED']]]]>
    </line>
    <line>
      <![CDATA[07_26_2017_03_48_19_451 -  Waiting For Element : [[IOSDriver:  on MAC (4628bfb5-c65c-4ed8-ad9d-8c3d0538d3f8)] -> xpath: //XCUIElementTypeCell[2]//XCUIElementTypeButton[@name='Check']]]]>
    </line>
    <line>
      <![CDATA[07_26_2017_03_48_19_852 -  Waiting For Element : [[IOSDriver:  on MAC (4628bfb5-c65c-4ed8-ad9d-8c3d0538d3f8)] -> xpath: //XCUIElementTypeCell[2]//XCUIElementTypeButton[@name='Check']]]]>
    </line>
    <line>
      <![CDATA[07_26_2017_03_48_20_248 - Fetching the Attribute : name - Element : [[IOSDriver:  on MAC (4628bfb5-c65c-4ed8-ad9d-8c3d0538d3f8)] -> xpath: //XCUIElementTypeCell[2]//XCUIElementTypeButton[@name='Check']]]]>
    </line>
    <line>
      <![CDATA[07_26_2017_03_48_20_647 -  Waiting For Element : [[IOSDriver:  on MAC (4628bfb5-c65c-4ed8-ad9d-8c3d0538d3f8)] -> xpath: //XCUIElementTypeCell[2]//XCUIElementTypeButton[@name='Check']]]]>
    </line>
    <line>
      <![CDATA[07_26_2017_03_48_21_861 - Clicked :  [[IOSDriver:  on MAC (4628bfb5-c65c-4ed8-ad9d-8c3d0538d3f8)] -> xpath: //XCUIElementTypeCell[2]//XCUIElementTypeButton[@name='Check']]]]>
    </line>
    <line>
      <![CDATA[07_26_2017_03_48_25_484 -  Waiting For Element : [[IOSDriver:  on MAC (4628bfb5-c65c-4ed8-ad9d-8c3d0538d3f8)] -> xpath: //XCUIElementTypeCell[2]//XCUIElementTypeButton[@name='Search']]]]>
    </line>
    <line>
      <![CDATA[07_26_2017_03_48_25_884 -  Waiting For Element : [[IOSDriver:  on MAC (4628bfb5-c65c-4ed8-ad9d-8c3d0538d3f8)] -> xpath: //XCUIElementTypeCell[2]//XCUIElementTypeButton[@name='Search']]]]>
    </line>
    <line>
      <![CDATA[07_26_2017_03_48_26_284 - Fetching the Attribute : name - Element : [[IOSDriver:  on MAC (4628bfb5-c65c-4ed8-ad9d-8c3d0538d3f8)] -> xpath: //XCUIElementTypeCell[2]//XCUIElementTypeButton[@name='Search']]]]>
    </line>
    <line>
      <![CDATA[07_26_2017_03_48_26_643 -  Waiting For Element : [[IOSDriver:  on MAC (4628bfb5-c65c-4ed8-ad9d-8c3d0538d3f8)] -> xpath: //XCUIElementTypeCell[2]//XCUIElementTypeButton[@name='Search']]]]>
    </line>
    <line>
      <![CDATA[07_26_2017_03_48_27_834 - Clicked :  [[IOSDriver:  on MAC (4628bfb5-c65c-4ed8-ad9d-8c3d0538d3f8)] -> xpath: //XCUIElementTypeCell[2]//XCUIElementTypeButton[@name='Search']]]]>
    </line>
    <line>
      <![CDATA[07_26_2017_03_48_27_835 - Waiting for : 1 second(s)]]>
    </line>
    <line>
      <![CDATA[07_26_2017_03_48_28_837 Capturing Screenshot and Adding to Extent Reports]]>
    </line>
    <line>
      <![CDATA[07_26_2017_03_48_31_685 -  Waiting For Element : [[IOSDriver:  on MAC (4628bfb5-c65c-4ed8-ad9d-8c3d0538d3f8)] -> xpath: //XCUIElementTypeCell[2]//XCUIElementTypeButton[@name='Tools']]]]>
    </line>
    <line>
      <![CDATA[07_26_2017_03_48_32_132 -  Waiting For Element : [[IOSDriver:  on MAC (4628bfb5-c65c-4ed8-ad9d-8c3d0538d3f8)] -> xpath: //XCUIElementTypeCell[2]//XCUIElementTypeButton[@name='Tools']]]]>
    </line>
    <line>
      <![CDATA[07_26_2017_03_48_32_558 - Fetching the Attribute : name - Element : [[IOSDriver:  on MAC (4628bfb5-c65c-4ed8-ad9d-8c3d0538d3f8)] -> xpath: //XCUIElementTypeCell[2]//XCUIElementTypeButton[@name='Tools']]]]>
    </line>
    <line>
      <![CDATA[07_26_2017_03_48_32_986 -  Waiting For Element : [[IOSDriver:  on MAC (4628bfb5-c65c-4ed8-ad9d-8c3d0538d3f8)] -> xpath: //XCUIElementTypeCell[2]//XCUIElementTypeButton[@name='Tools']]]]>
    </line>
    <line>
      <![CDATA[07_26_2017_03_48_34_234 - Clicked :  [[IOSDriver:  on MAC (4628bfb5-c65c-4ed8-ad9d-8c3d0538d3f8)] -> xpath: //XCUIElementTypeCell[2]//XCUIElementTypeButton[@name='Tools']]]]>
    </line>
    <line>
      <![CDATA[07_26_2017_03_48_37_986 -  Waiting For Element : [[IOSDriver:  on MAC (4628bfb5-c65c-4ed8-ad9d-8c3d0538d3f8)] -> xpath: //XCUIElementTypeOther[@name='CUSTOM SEGMENTS']]]]>
    </line>
    <line>
      <![CDATA[07_26_2017_03_48_38_388 - Fetching the text : [[IOSDriver:  on MAC (4628bfb5-c65c-4ed8-ad9d-8c3d0538d3f8)] -> xpath: //XCUIElementTypeOther[@name='CUSTOM SEGMENTS']]]]>
    </line>
    <line>
      <![CDATA[07_26_2017_03_48_42_135 -  Waiting For Element : [[IOSDriver:  on MAC (4628bfb5-c65c-4ed8-ad9d-8c3d0538d3f8)] -> xpath: //XCUIElementTypeCell[3]//XCUIElementTypeButton[@name='Done']]]]>
    </line>
    <line>
      <![CDATA[07_26_2017_03_48_42_541 -  Waiting For Element : [[IOSDriver:  on MAC (4628bfb5-c65c-4ed8-ad9d-8c3d0538d3f8)] -> xpath: //XCUIElementTypeCell[3]//XCUIElementTypeButton[@name='Done']]]]>
    </line>
    <line>
      <![CDATA[07_26_2017_03_48_42_910 - Fetching the Attribute : name - Element : [[IOSDriver:  on MAC (4628bfb5-c65c-4ed8-ad9d-8c3d0538d3f8)] -> xpath: //XCUIElementTypeCell[3]//XCUIElementTypeButton[@name='Done']]]]>
    </line>
    <line>
      <![CDATA[07_26_2017_03_48_43_302 -  Waiting For Element : [[IOSDriver:  on MAC (4628bfb5-c65c-4ed8-ad9d-8c3d0538d3f8)] -> xpath: //XCUIElementTypeCell[3]//XCUIElementTypeButton[@name='Done']]]]>
    </line>
    <line>
      <![CDATA[07_26_2017_03_48_44_492 - Clicked :  [[IOSDriver:  on MAC (4628bfb5-c65c-4ed8-ad9d-8c3d0538d3f8)] -> xpath: //XCUIElementTypeCell[3]//XCUIElementTypeButton[@name='Done']]]]>
    </line>
    <line>
      <![CDATA[07_26_2017_03_48_48_410 -  Waiting For Element : [[IOSDriver:  on MAC (4628bfb5-c65c-4ed8-ad9d-8c3d0538d3f8)] -> xpath: //XCUIElementTypeCell[3]//XCUIElementTypeButton[@name='Search']]]]>
    </line>
    <line>
      <![CDATA[07_26_2017_03_48_48_837 -  Waiting For Element : [[IOSDriver:  on MAC (4628bfb5-c65c-4ed8-ad9d-8c3d0538d3f8)] -> xpath: //XCUIElementTypeCell[3]//XCUIElementTypeButton[@name='Search']]]]>
    </line>
    <line>
      <![CDATA[07_26_2017_03_48_49_238 - Fetching the Attribute : name - Element : [[IOSDriver:  on MAC (4628bfb5-c65c-4ed8-ad9d-8c3d0538d3f8)] -> xpath: //XCUIElementTypeCell[3]//XCUIElementTypeButton[@name='Search']]]]>
    </line>
    <line>
      <![CDATA[07_26_2017_03_48_49_601 -  Waiting For Element : [[IOSDriver:  on MAC (4628bfb5-c65c-4ed8-ad9d-8c3d0538d3f8)] -> xpath: //XCUIElementTypeCell[3]//XCUIElementTypeButton[@name='Search']]]]>
    </line>
    <line>
      <![CDATA[07_26_2017_03_48_50_896 - Clicked :  [[IOSDriver:  on MAC (4628bfb5-c65c-4ed8-ad9d-8c3d0538d3f8)] -> xpath: //XCUIElementTypeCell[3]//XCUIElementTypeButton[@name='Search']]]]>
    </line>
    <line>
      <![CDATA[07_26_2017_03_48_53_901 -  Waiting For Element : [[IOSDriver:  on MAC (4628bfb5-c65c-4ed8-ad9d-8c3d0538d3f8)] -> xpath: //XCUIElementTypeCell[3]//XCUIElementTypeButton[@name='Settings']]]]>
    </line>
    <line>
      <![CDATA[07_26_2017_03_48_54_435 -  Waiting For Element : [[IOSDriver:  on MAC (4628bfb5-c65c-4ed8-ad9d-8c3d0538d3f8)] -> xpath: //XCUIElementTypeCell[3]//XCUIElementTypeButton[@name='Settings']]]]>
    </line>
    <line>
      <![CDATA[07_26_2017_03_48_54_835 - Fetching the Attribute : name - Element : [[IOSDriver:  on MAC (4628bfb5-c65c-4ed8-ad9d-8c3d0538d3f8)] -> xpath: //XCUIElementTypeCell[3]//XCUIElementTypeButton[@name='Settings']]]]>
    </line>
    <line>
      <![CDATA[07_26_2017_03_48_55_209 -  Waiting For Element : [[IOSDriver:  on MAC (4628bfb5-c65c-4ed8-ad9d-8c3d0538d3f8)] -> xpath: //XCUIElementTypeCell[3]//XCUIElementTypeButton[@name='Settings']]]]>
    </line>
    <line>
      <![CDATA[07_26_2017_03_48_56_451 - Clicked :  [[IOSDriver:  on MAC (4628bfb5-c65c-4ed8-ad9d-8c3d0538d3f8)] -> xpath: //XCUIElementTypeCell[3]//XCUIElementTypeButton[@name='Settings']]]]>
    </line>
    <line>
      <![CDATA[07_26_2017_03_49_00_038 -  Is the Element Displayed on Screen : [[IOSDriver:  on MAC (4628bfb5-c65c-4ed8-ad9d-8c3d0538d3f8)] -> xpath: //XCUIElementTypeOther[@name='CUSTOM BACKGROUND']]]]>
    </line>
    <line>
      <![CDATA[07_26_2017_03_49_03_388 -  Waiting For Element : [[IOSDriver:  on MAC (4628bfb5-c65c-4ed8-ad9d-8c3d0538d3f8)] -> xpath: //XCUIElementTypeCell[4]//XCUIElementTypeButton[@name='Check']]]]>
    </line>
    <line>
      <![CDATA[07_26_2017_03_49_03_786 -  Waiting For Element : [[IOSDriver:  on MAC (4628bfb5-c65c-4ed8-ad9d-8c3d0538d3f8)] -> xpath: //XCUIElementTypeCell[4]//XCUIElementTypeButton[@name='Check']]]]>
    </line>
    <line>
      <![CDATA[07_26_2017_03_49_04_208 - Fetching the Attribute : name - Element : [[IOSDriver:  on MAC (4628bfb5-c65c-4ed8-ad9d-8c3d0538d3f8)] -> xpath: //XCUIElementTypeCell[4]//XCUIElementTypeButton[@name='Check']]]]>
    </line>
    <line>
      <![CDATA[07_26_2017_03_49_04_558 -  Waiting For Element : [[IOSDriver:  on MAC (4628bfb5-c65c-4ed8-ad9d-8c3d0538d3f8)] -> xpath: //XCUIElementTypeCell[4]//XCUIElementTypeButton[@name='Check']]]]>
    </line>
    <line>
      <![CDATA[07_26_2017_03_49_05_740 - Clicked :  [[IOSDriver:  on MAC (4628bfb5-c65c-4ed8-ad9d-8c3d0538d3f8)] -> xpath: //XCUIElementTypeCell[4]//XCUIElementTypeButton[@name='Check']]]]>
    </line>
    <line>
      <![CDATA[07_26_2017_03_49_09_257 -  Waiting For Element : [[IOSDriver:  on MAC (4628bfb5-c65c-4ed8-ad9d-8c3d0538d3f8)] -> xpath: //XCUIElementTypeCell[4]//XCUIElementTypeButton[@name='Search']]]]>
    </line>
    <line>
      <![CDATA[07_26_2017_03_49_09_786 -  Waiting For Element : [[IOSDriver:  on MAC (4628bfb5-c65c-4ed8-ad9d-8c3d0538d3f8)] -> xpath: //XCUIElementTypeCell[4]//XCUIElementTypeButton[@name='Search']]]]>
    </line>
    <line>
      <![CDATA[07_26_2017_03_49_10_186 - Fetching the Attribute : name - Element : [[IOSDriver:  on MAC (4628bfb5-c65c-4ed8-ad9d-8c3d0538d3f8)] -> xpath: //XCUIElementTypeCell[4]//XCUIElementTypeButton[@name='Search']]]]>
    </line>
    <line>
      <![CDATA[07_26_2017_03_49_10_587 -  Waiting For Element : [[IOSDriver:  on MAC (4628bfb5-c65c-4ed8-ad9d-8c3d0538d3f8)] -> xpath: //XCUIElementTypeCell[4]//XCUIElementTypeButton[@name='Search']]]]>
    </line>
    <line>
      <![CDATA[07_26_2017_03_49_11_786 - Clicked :  [[IOSDriver:  on MAC (4628bfb5-c65c-4ed8-ad9d-8c3d0538d3f8)] -> xpath: //XCUIElementTypeCell[4]//XCUIElementTypeButton[@name='Search']]]]>
    </line>
    <line>
      <![CDATA[07_26_2017_03_49_14_964 -  Waiting For Element : [[IOSDriver:  on MAC (4628bfb5-c65c-4ed8-ad9d-8c3d0538d3f8)] -> xpath: //XCUIElementTypeCell[4]//XCUIElementTypeButton[@name='Tools']]]]>
    </line>
    <line>
      <![CDATA[07_26_2017_03_49_15_387 -  Waiting For Element : [[IOSDriver:  on MAC (4628bfb5-c65c-4ed8-ad9d-8c3d0538d3f8)] -> xpath: //XCUIElementTypeCell[4]//XCUIElementTypeButton[@name='Tools']]]]>
    </line>
    <line>
      <![CDATA[07_26_2017_03_49_15_787 - Fetching the Attribute : name - Element : [[IOSDriver:  on MAC (4628bfb5-c65c-4ed8-ad9d-8c3d0538d3f8)] -> xpath: //XCUIElementTypeCell[4]//XCUIElementTypeButton[@name='Tools']]]]>
    </line>
    <line>
      <![CDATA[07_26_2017_03_49_16_158 -  Waiting For Element : [[IOSDriver:  on MAC (4628bfb5-c65c-4ed8-ad9d-8c3d0538d3f8)] -> xpath: //XCUIElementTypeCell[4]//XCUIElementTypeButton[@name='Tools']]]]>
    </line>
    <line>
      <![CDATA[07_26_2017_03_49_17_358 - Clicked :  [[IOSDriver:  on MAC (4628bfb5-c65c-4ed8-ad9d-8c3d0538d3f8)] -> xpath: //XCUIElementTypeCell[4]//XCUIElementTypeButton[@name='Tools']]]]>
    </line>
    <line>
      <![CDATA[07_26_2017_03_49_17_358 - Waiting for : 1 second(s)]]>
    </line>
    <line>
      <![CDATA[07_26_2017_03_49_18_366 Capturing Screenshot and Adding to Extent Reports]]>
    </line>
    <line>
      <![CDATA[07_26_2017_03_49_45_040***************** Execution Complete : TEST_07_UI_CATALOG_SEGMENTEDCONTROLS ******************]]>
    </line>
    <line>
      <![CDATA[IOS.SCRIPTS.TEST_08_UI_CATALOG_SLIDERS]]>
    </line>
    <line>
      <![CDATA[07_26_2017_03_49_45_386 - Swiping Vertically Down ]]>
    </line>
    <line>
      <![CDATA[07_26_2017_03_49_50_912 -  Waiting For Element : [[IOSDriver:  on MAC (4628bfb5-c65c-4ed8-ad9d-8c3d0538d3f8)] -> accessibility id: Sliders]]]>
    </line>
    <line>
      <![CDATA[07_26_2017_03_49_51_337 -  Is the Element Displayed on Screen : [[IOSDriver:  on MAC (4628bfb5-c65c-4ed8-ad9d-8c3d0538d3f8)] -> accessibility id: Sliders]]]>
    </line>
    <line>
      <![CDATA[07_26_2017_03_49_51_698 -  Waiting For Element : [[IOSDriver:  on MAC (4628bfb5-c65c-4ed8-ad9d-8c3d0538d3f8)] -> accessibility id: Sliders]]]>
    </line>
    <line>
      <![CDATA[07_26_2017_03_49_52_088 - Fetching the text : [[IOSDriver:  on MAC (4628bfb5-c65c-4ed8-ad9d-8c3d0538d3f8)] -> accessibility id: Sliders]]]>
    </line>
    <line>
      <![CDATA[07_26_2017_03_49_52_438 -  Waiting For Element : [[IOSDriver:  on MAC (4628bfb5-c65c-4ed8-ad9d-8c3d0538d3f8)] -> accessibility id: Sliders]]]>
    </line>
    <line>
      <![CDATA[07_26_2017_03_49_53_693 - Clicked :  [[IOSDriver:  on MAC (4628bfb5-c65c-4ed8-ad9d-8c3d0538d3f8)] -> accessibility id: Sliders]]]>
    </line>
    <line>
      <![CDATA[07_26_2017_03_49_53_693 - Waiting for : 1 second(s)]]>
    </line>
    <line>
      <![CDATA[07_26_2017_03_49_54_703 Capturing Screenshot and Adding to Extent Reports]]>
    </line>
    <line>
      <![CDATA[07_26_2017_03_49_54_920 -  Is the Element Displayed on Screen : [[IOSDriver:  on MAC (4628bfb5-c65c-4ed8-ad9d-8c3d0538d3f8)] -> accessibility id: Sliders]]]>
    </line>
    <line>
      <![CDATA[07_26_2017_03_49_57_513 -  Waiting For Element : [[IOSDriver:  on MAC (4628bfb5-c65c-4ed8-ad9d-8c3d0538d3f8)] -> xpath: //XCUIElementTypeCell[1]/XCUIElementTypeSlider]]]>
    </line>
    <line>
      <![CDATA[07_26_2017_03_49_57_891 -  Is the Element Displayed on Screen : [[IOSDriver:  on MAC (4628bfb5-c65c-4ed8-ad9d-8c3d0538d3f8)] -> xpath: //XCUIElementTypeCell[1]/XCUIElementTypeSlider]]]>
    </line>
    <line>
      <![CDATA[07_26_2017_03_50_01_008 -  Waiting For Element : [[IOSDriver:  on MAC (4628bfb5-c65c-4ed8-ad9d-8c3d0538d3f8)] -> xpath: //XCUIElementTypeCell[2]/XCUIElementTypeSlider]]]>
    </line>
    <line>
      <![CDATA[07_26_2017_03_50_01_388 -  Is the Element Displayed on Screen : [[IOSDriver:  on MAC (4628bfb5-c65c-4ed8-ad9d-8c3d0538d3f8)] -> xpath: //XCUIElementTypeCell[2]/XCUIElementTypeSlider]]]>
    </line>
    <line>
      <![CDATA[07_26_2017_03_50_04_439 -  Waiting For Element : [[IOSDriver:  on MAC (4628bfb5-c65c-4ed8-ad9d-8c3d0538d3f8)] -> xpath: //XCUIElementTypeCell[3]/XCUIElementTypeSlider]]]>
    </line>
    <line>
      <![CDATA[07_26_2017_03_50_04_806 -  Is the Element Displayed on Screen : [[IOSDriver:  on MAC (4628bfb5-c65c-4ed8-ad9d-8c3d0538d3f8)] -> xpath: //XCUIElementTypeCell[3]/XCUIElementTypeSlider]]]>
    </line>
    <line>
      <![CDATA[07_26_2017_03_50_05_143 -  Waiting For Element : [[IOSDriver:  on MAC (4628bfb5-c65c-4ed8-ad9d-8c3d0538d3f8)] -> xpath: //XCUIElementTypeCell[1]/XCUIElementTypeSlider]]]>
    </line>
    <line>
      <![CDATA[07_26_2017_03_50_05_489 - Fetching the Attribute : value - Element : [[IOSDriver:  on MAC (4628bfb5-c65c-4ed8-ad9d-8c3d0538d3f8)] -> xpath: //XCUIElementTypeCell[1]/XCUIElementTypeSlider]]]>
    </line>
    <line>
      <![CDATA[07_26_2017_03_50_05_838 -  Waiting For Element : [[IOSDriver:  on MAC (4628bfb5-c65c-4ed8-ad9d-8c3d0538d3f8)] -> xpath: //XCUIElementTypeCell[2]/XCUIElementTypeSlider]]]>
    </line>
    <line>
      <![CDATA[07_26_2017_03_50_06_186 - Fetching the Attribute : value - Element : [[IOSDriver:  on MAC (4628bfb5-c65c-4ed8-ad9d-8c3d0538d3f8)] -> xpath: //XCUIElementTypeCell[2]/XCUIElementTypeSlider]]]>
    </line>
    <line>
      <![CDATA[07_26_2017_03_50_06_488 -  Waiting For Element : [[IOSDriver:  on MAC (4628bfb5-c65c-4ed8-ad9d-8c3d0538d3f8)] -> xpath: //XCUIElementTypeCell[3]/XCUIElementTypeSlider]]]>
    </line>
    <line>
      <![CDATA[07_26_2017_03_50_06_837 - Fetching the Attribute : value - Element : [[IOSDriver:  on MAC (4628bfb5-c65c-4ed8-ad9d-8c3d0538d3f8)] -> xpath: //XCUIElementTypeCell[3]/XCUIElementTypeSlider]]]>
    </line>
    <line>
      <![CDATA[07_26_2017_03_50_46_189***************** Execution Complete : TEST_05_UI_CATALOG_SLIDERS ******************]]>
    </line>
    <line>
      <![CDATA[IOS.SCRIPTS.TEST_09_UI_CATALOG_STEPPERS]]>
    </line>
    <line>
      <![CDATA[07_26_2017_03_50_46_489 - Swiping Vertically Down ]]>
    </line>
    <line>
      <![CDATA[07_26_2017_03_50_51_810 -  Waiting For Element : [[IOSDriver:  on MAC (4628bfb5-c65c-4ed8-ad9d-8c3d0538d3f8)] -> accessibility id: Steppers]]]>
    </line>
    <line>
      <![CDATA[07_26_2017_03_50_52_189 -  Is the Element Displayed on Screen : [[IOSDriver:  on MAC (4628bfb5-c65c-4ed8-ad9d-8c3d0538d3f8)] -> accessibility id: Steppers]]]>
    </line>
    <line>
      <![CDATA[07_26_2017_03_50_52_538 -  Waiting For Element : [[IOSDriver:  on MAC (4628bfb5-c65c-4ed8-ad9d-8c3d0538d3f8)] -> accessibility id: Steppers]]]>
    </line>
    <line>
      <![CDATA[07_26_2017_03_50_52_866 - Fetching the text : [[IOSDriver:  on MAC (4628bfb5-c65c-4ed8-ad9d-8c3d0538d3f8)] -> accessibility id: Steppers]]]>
    </line>
    <line>
      <![CDATA[07_26_2017_03_50_53_212 -  Waiting For Element : [[IOSDriver:  on MAC (4628bfb5-c65c-4ed8-ad9d-8c3d0538d3f8)] -> accessibility id: Steppers]]]>
    </line>
    <line>
      <![CDATA[07_26_2017_03_50_54_295 - Clicked :  [[IOSDriver:  on MAC (4628bfb5-c65c-4ed8-ad9d-8c3d0538d3f8)] -> accessibility id: Steppers]]]>
    </line>
    <line>
      <![CDATA[07_26_2017_03_50_54_295 -  Is the Element Displayed on Screen : [[IOSDriver:  on MAC (4628bfb5-c65c-4ed8-ad9d-8c3d0538d3f8)] -> accessibility id: Steppers]]]>
    </line>
    <line>
      <![CDATA[07_26_2017_03_50_54_704 -  Waiting For Element : [[IOSDriver:  on MAC (4628bfb5-c65c-4ed8-ad9d-8c3d0538d3f8)] -> accessibility id: Steppers]]]>
    </line>
    <line>
      <![CDATA[07_26_2017_03_50_55_064 - Fetching the Attribute : name - Element : [[IOSDriver:  on MAC (4628bfb5-c65c-4ed8-ad9d-8c3d0538d3f8)] -> accessibility id: Steppers]]]>
    </line>
    <line>
      <![CDATA[07_26_2017_03_50_58_217 -  Waiting For Element : [[IOSDriver:  on MAC (4628bfb5-c65c-4ed8-ad9d-8c3d0538d3f8)] -> xpath: //XCUIElementTypeOther[@name='DEFAULT']]]]>
    </line>
    <line>
      <![CDATA[07_26_2017_03_50_58_589 -  Is the Element Displayed on Screen : [[IOSDriver:  on MAC (4628bfb5-c65c-4ed8-ad9d-8c3d0538d3f8)] -> xpath: //XCUIElementTypeOther[@name='DEFAULT']]]]>
    </line>
    <line>
      <![CDATA[07_26_2017_03_50_58_966 -  Waiting For Element : [[IOSDriver:  on MAC (4628bfb5-c65c-4ed8-ad9d-8c3d0538d3f8)] -> xpath: //XCUIElementTypeOther[@name='DEFAULT']]]]>
    </line>
    <line>
      <![CDATA[07_26_2017_03_50_59_339 - Fetching the text : [[IOSDriver:  on MAC (4628bfb5-c65c-4ed8-ad9d-8c3d0538d3f8)] -> xpath: //XCUIElementTypeOther[@name='DEFAULT']]]]>
    </line>
    <line>
      <![CDATA[07_26_2017_03_51_03_001 -  Waiting For Element : [[IOSDriver:  on MAC (4628bfb5-c65c-4ed8-ad9d-8c3d0538d3f8)] -> xpath: //XCUIElementTypeOther[@name='TINTED']]]]>
    </line>
    <line>
      <![CDATA[07_26_2017_03_51_03_390 -  Is the Element Displayed on Screen : [[IOSDriver:  on MAC (4628bfb5-c65c-4ed8-ad9d-8c3d0538d3f8)] -> xpath: //XCUIElementTypeOther[@name='TINTED']]]]>
    </line>
    <line>
      <![CDATA[07_26_2017_03_51_03_739 -  Waiting For Element : [[IOSDriver:  on MAC (4628bfb5-c65c-4ed8-ad9d-8c3d0538d3f8)] -> xpath: //XCUIElementTypeOther[@name='TINTED']]]]>
    </line>
    <line>
      <![CDATA[07_26_2017_03_51_04_139 - Fetching the text : [[IOSDriver:  on MAC (4628bfb5-c65c-4ed8-ad9d-8c3d0538d3f8)] -> xpath: //XCUIElementTypeOther[@name='TINTED']]]]>
    </line>
    <line>
      <![CDATA[07_26_2017_03_51_07_447 -  Waiting For Element : [[IOSDriver:  on MAC (4628bfb5-c65c-4ed8-ad9d-8c3d0538d3f8)] -> xpath: //XCUIElementTypeOther[@name='CUSTOM']]]]>
    </line>
    <line>
      <![CDATA[07_26_2017_03_51_07_798 -  Is the Element Displayed on Screen : [[IOSDriver:  on MAC (4628bfb5-c65c-4ed8-ad9d-8c3d0538d3f8)] -> xpath: //XCUIElementTypeOther[@name='CUSTOM']]]]>
    </line>
    <line>
      <![CDATA[07_26_2017_03_51_08_239 -  Waiting For Element : [[IOSDriver:  on MAC (4628bfb5-c65c-4ed8-ad9d-8c3d0538d3f8)] -> xpath: //XCUIElementTypeOther[@name='CUSTOM']]]]>
    </line>
    <line>
      <![CDATA[07_26_2017_03_51_08_589 - Fetching the text : [[IOSDriver:  on MAC (4628bfb5-c65c-4ed8-ad9d-8c3d0538d3f8)] -> xpath: //XCUIElementTypeOther[@name='CUSTOM']]]]>
    </line>
    <line>
      <![CDATA[07_26_2017_03_51_08_896 -  Waiting For Element : [[IOSDriver:  on MAC (4628bfb5-c65c-4ed8-ad9d-8c3d0538d3f8)] -> xpath: //XCUIElementTypeOther[@name='DEFAULT']]]]>
    </line>
    <line>
      <![CDATA[07_26_2017_03_51_09_291 - Fetching the text : [[IOSDriver:  on MAC (4628bfb5-c65c-4ed8-ad9d-8c3d0538d3f8)] -> xpath: //XCUIElementTypeOther[@name='DEFAULT']]]]>
    </line>
    <line>
      <![CDATA[07_26_2017_03_51_09_614 -  Waiting For Element : [[IOSDriver:  on MAC (4628bfb5-c65c-4ed8-ad9d-8c3d0538d3f8)] -> xpath: //XCUIElementTypeOther[@name='TINTED']]]]>
    </line>
    <line>
      <![CDATA[07_26_2017_03_51_09_990 - Fetching the text : [[IOSDriver:  on MAC (4628bfb5-c65c-4ed8-ad9d-8c3d0538d3f8)] -> xpath: //XCUIElementTypeOther[@name='TINTED']]]]>
    </line>
    <line>
      <![CDATA[07_26_2017_03_51_10_341 -  Waiting For Element : [[IOSDriver:  on MAC (4628bfb5-c65c-4ed8-ad9d-8c3d0538d3f8)] -> xpath: //XCUIElementTypeOther[@name='CUSTOM']]]]>
    </line>
    <line>
      <![CDATA[07_26_2017_03_51_10_690 - Fetching the text : [[IOSDriver:  on MAC (4628bfb5-c65c-4ed8-ad9d-8c3d0538d3f8)] -> xpath: //XCUIElementTypeOther[@name='CUSTOM']]]]>
    </line>
    <line>
      <![CDATA[07_26_2017_03_51_13_540 -  Waiting For Element : [[IOSDriver:  on MAC (4628bfb5-c65c-4ed8-ad9d-8c3d0538d3f8)] -> xpath: //XCUIElementTypeTable/XCUIElementTypeCell[1]/XCUIElementTypeButton[@name='Decrement']]]]>
    </line>
    <line>
      <![CDATA[07_26_2017_03_51_13_889 -  Is the Element Displayed on Screen : [[IOSDriver:  on MAC (4628bfb5-c65c-4ed8-ad9d-8c3d0538d3f8)] -> xpath: //XCUIElementTypeTable/XCUIElementTypeCell[1]/XCUIElementTypeButton[@name='Decrement']]]]>
    </line>
    <line>
      <![CDATA[07_26_2017_03_51_17_246 -  Waiting For Element : [[IOSDriver:  on MAC (4628bfb5-c65c-4ed8-ad9d-8c3d0538d3f8)] -> xpath: //XCUIElementTypeTable/XCUIElementTypeCell[1]/XCUIElementTypeButton[@name='Increment']]]]>
    </line>
    <line>
      <![CDATA[07_26_2017_03_51_17_739 -  Is the Element Displayed on Screen : [[IOSDriver:  on MAC (4628bfb5-c65c-4ed8-ad9d-8c3d0538d3f8)] -> xpath: //XCUIElementTypeTable/XCUIElementTypeCell[1]/XCUIElementTypeButton[@name='Increment']]]]>
    </line>
    <line>
      <![CDATA[07_26_2017_03_51_21_547 -  Waiting For Element : [[IOSDriver:  on MAC (4628bfb5-c65c-4ed8-ad9d-8c3d0538d3f8)] -> xpath: //XCUIElementTypeOther[@label='DEFAULT']/../following-sibling::XCUIElementTypeCell[1]/XCUIElementTypeStaticText]]]>
    </line>
    <line>
      <![CDATA[07_26_2017_03_51_21_910 -  Is the Element Displayed on Screen : [[IOSDriver:  on MAC (4628bfb5-c65c-4ed8-ad9d-8c3d0538d3f8)] -> xpath: //XCUIElementTypeOther[@label='DEFAULT']/../following-sibling::XCUIElementTypeCell[1]/XCUIElementTypeStaticText]]]>
    </line>
    <line>
      <![CDATA[07_26_2017_03_51_25_093 -  Waiting For Element : [[IOSDriver:  on MAC (4628bfb5-c65c-4ed8-ad9d-8c3d0538d3f8)] -> xpath: //XCUIElementTypeTable/XCUIElementTypeCell[2]/XCUIElementTypeButton[@name='Decrement']]]]>
    </line>
    <line>
      <![CDATA[07_26_2017_03_51_25_440 -  Is the Element Displayed on Screen : [[IOSDriver:  on MAC (4628bfb5-c65c-4ed8-ad9d-8c3d0538d3f8)] -> xpath: //XCUIElementTypeTable/XCUIElementTypeCell[2]/XCUIElementTypeButton[@name='Decrement']]]]>
    </line>
    <line>
      <![CDATA[07_26_2017_03_51_28_990 -  Waiting For Element : [[IOSDriver:  on MAC (4628bfb5-c65c-4ed8-ad9d-8c3d0538d3f8)] -> xpath: //XCUIElementTypeTable/XCUIElementTypeCell[2]/XCUIElementTypeButton[@name='Increment']]]]>
    </line>
    <line>
      <![CDATA[07_26_2017_03_51_29_360 -  Is the Element Displayed on Screen : [[IOSDriver:  on MAC (4628bfb5-c65c-4ed8-ad9d-8c3d0538d3f8)] -> xpath: //XCUIElementTypeTable/XCUIElementTypeCell[2]/XCUIElementTypeButton[@name='Increment']]]]>
    </line>
    <line>
      <![CDATA[07_26_2017_03_51_33_091 -  Waiting For Element : [[IOSDriver:  on MAC (4628bfb5-c65c-4ed8-ad9d-8c3d0538d3f8)] -> xpath: //XCUIElementTypeOther[@label='TINTED']/../following-sibling::XCUIElementTypeCell[1]/XCUIElementTypeStaticText]]]>
    </line>
    <line>
      <![CDATA[07_26_2017_03_51_33_446 -  Is the Element Displayed on Screen : [[IOSDriver:  on MAC (4628bfb5-c65c-4ed8-ad9d-8c3d0538d3f8)] -> xpath: //XCUIElementTypeOther[@label='TINTED']/../following-sibling::XCUIElementTypeCell[1]/XCUIElementTypeStaticText]]]>
    </line>
    <line>
      <![CDATA[07_26_2017_03_51_37_297 -  Waiting For Element : [[IOSDriver:  on MAC (4628bfb5-c65c-4ed8-ad9d-8c3d0538d3f8)] -> xpath: //XCUIElementTypeTable/XCUIElementTypeCell[3]/XCUIElementTypeButton[@name='Decrement']]]]>
    </line>
    <line>
      <![CDATA[07_26_2017_03_51_37_661 -  Is the Element Displayed on Screen : [[IOSDriver:  on MAC (4628bfb5-c65c-4ed8-ad9d-8c3d0538d3f8)] -> xpath: //XCUIElementTypeTable/XCUIElementTypeCell[3]/XCUIElementTypeButton[@name='Decrement']]]]>
    </line>
    <line>
      <![CDATA[07_26_2017_03_51_40_243 -  Waiting For Element : [[IOSDriver:  on MAC (4628bfb5-c65c-4ed8-ad9d-8c3d0538d3f8)] -> xpath: //XCUIElementTypeTable/XCUIElementTypeCell[3]/XCUIElementTypeButton[@name='Increment']]]]>
    </line>
    <line>
      <![CDATA[07_26_2017_03_51_40_617 -  Is the Element Displayed on Screen : [[IOSDriver:  on MAC (4628bfb5-c65c-4ed8-ad9d-8c3d0538d3f8)] -> xpath: //XCUIElementTypeTable/XCUIElementTypeCell[3]/XCUIElementTypeButton[@name='Increment']]]]>
    </line>
    <line>
      <![CDATA[07_26_2017_03_51_44_547 -  Waiting For Element : [[IOSDriver:  on MAC (4628bfb5-c65c-4ed8-ad9d-8c3d0538d3f8)] -> xpath: //XCUIElementTypeOther[@label='CUSTOM']/../following-sibling::XCUIElementTypeCell[1]/XCUIElementTypeStaticText]]]>
    </line>
    <line>
      <![CDATA[07_26_2017_03_51_44_902 -  Is the Element Displayed on Screen : [[IOSDriver:  on MAC (4628bfb5-c65c-4ed8-ad9d-8c3d0538d3f8)] -> xpath: //XCUIElementTypeOther[@label='CUSTOM']/../following-sibling::XCUIElementTypeCell[1]/XCUIElementTypeStaticText]]]>
    </line>
    <line>
      <![CDATA[07_26_2017_03_51_48_268 -  Waiting For Element : [[IOSDriver:  on MAC (4628bfb5-c65c-4ed8-ad9d-8c3d0538d3f8)] -> xpath: //XCUIElementTypeTable/XCUIElementTypeCell[1]/XCUIElementTypeButton[@name='Decrement']]]]>
    </line>
    <line>
      <![CDATA[07_26_2017_03_51_48_656 - Fetching the Attribute : name - Element : [[IOSDriver:  on MAC (4628bfb5-c65c-4ed8-ad9d-8c3d0538d3f8)] -> xpath: //XCUIElementTypeTable/XCUIElementTypeCell[1]/XCUIElementTypeButton[@name='Decrement']]]]>
    </line>
    <line>
      <![CDATA[07_26_2017_03_51_52_493 -  Waiting For Element : [[IOSDriver:  on MAC (4628bfb5-c65c-4ed8-ad9d-8c3d0538d3f8)] -> xpath: //XCUIElementTypeTable/XCUIElementTypeCell[3]/XCUIElementTypeButton[@name='Increment']]]]>
    </line>
    <line>
      <![CDATA[07_26_2017_03_51_52_847 - Fetching the Attribute : name - Element : [[IOSDriver:  on MAC (4628bfb5-c65c-4ed8-ad9d-8c3d0538d3f8)] -> xpath: //XCUIElementTypeTable/XCUIElementTypeCell[3]/XCUIElementTypeButton[@name='Increment']]]]>
    </line>
    <line>
      <![CDATA[07_26_2017_03_51_53_160 -  Waiting For Element : [[IOSDriver:  on MAC (4628bfb5-c65c-4ed8-ad9d-8c3d0538d3f8)] -> xpath: //XCUIElementTypeTable/XCUIElementTypeCell[1]/XCUIElementTypeButton[@name='Decrement']]]]>
    </line>
    <line>
      <![CDATA[07_26_2017_03_51_53_503 - Fetching the Attribute : name - Element : [[IOSDriver:  on MAC (4628bfb5-c65c-4ed8-ad9d-8c3d0538d3f8)] -> xpath: //XCUIElementTypeTable/XCUIElementTypeCell[1]/XCUIElementTypeButton[@name='Decrement']]]]>
    </line>
    <line>
      <![CDATA[07_26_2017_03_51_53_842 -  Waiting For Element : [[IOSDriver:  on MAC (4628bfb5-c65c-4ed8-ad9d-8c3d0538d3f8)] -> xpath: //XCUIElementTypeTable/XCUIElementTypeCell[3]/XCUIElementTypeButton[@name='Increment']]]]>
    </line>
    <line>
      <![CDATA[07_26_2017_03_51_54_209 - Fetching the Attribute : name - Element : [[IOSDriver:  on MAC (4628bfb5-c65c-4ed8-ad9d-8c3d0538d3f8)] -> xpath: //XCUIElementTypeTable/XCUIElementTypeCell[3]/XCUIElementTypeButton[@name='Increment']]]]>
    </line>
    <line>
      <![CDATA[07_26_2017_03_51_59_706 -  Single Tap On Element : [[IOSDriver:  on MAC (4628bfb5-c65c-4ed8-ad9d-8c3d0538d3f8)] -> xpath: //XCUIElementTypeTable/XCUIElementTypeCell[1]/XCUIElementTypeButton[@name='Increment']]]]>
    </line>
    <line>
      <![CDATA[07_26_2017_03_52_02_244 -  Single Tap On Element : [[IOSDriver:  on MAC (4628bfb5-c65c-4ed8-ad9d-8c3d0538d3f8)] -> xpath: //XCUIElementTypeTable/XCUIElementTypeCell[1]/XCUIElementTypeButton[@name='Increment']]]]>
    </line>
    <line>
      <![CDATA[07_26_2017_03_52_04_755 -  Single Tap On Element : [[IOSDriver:  on MAC (4628bfb5-c65c-4ed8-ad9d-8c3d0538d3f8)] -> xpath: //XCUIElementTypeTable/XCUIElementTypeCell[1]/XCUIElementTypeButton[@name='Increment']]]]>
    </line>
    <line>
      <![CDATA[07_26_2017_03_52_07_292 -  Single Tap On Element : [[IOSDriver:  on MAC (4628bfb5-c65c-4ed8-ad9d-8c3d0538d3f8)] -> xpath: //XCUIElementTypeTable/XCUIElementTypeCell[1]/XCUIElementTypeButton[@name='Increment']]]]>
    </line>
    <line>
      <![CDATA[07_26_2017_03_52_09_804 -  Single Tap On Element : [[IOSDriver:  on MAC (4628bfb5-c65c-4ed8-ad9d-8c3d0538d3f8)] -> xpath: //XCUIElementTypeTable/XCUIElementTypeCell[1]/XCUIElementTypeButton[@name='Increment']]]]>
    </line>
    <line>
      <![CDATA[07_26_2017_03_52_12_293 -  Single Tap On Element : [[IOSDriver:  on MAC (4628bfb5-c65c-4ed8-ad9d-8c3d0538d3f8)] -> xpath: //XCUIElementTypeTable/XCUIElementTypeCell[1]/XCUIElementTypeButton[@name='Increment']]]]>
    </line>
    <line>
      <![CDATA[07_26_2017_03_52_14_817 -  Single Tap On Element : [[IOSDriver:  on MAC (4628bfb5-c65c-4ed8-ad9d-8c3d0538d3f8)] -> xpath: //XCUIElementTypeTable/XCUIElementTypeCell[1]/XCUIElementTypeButton[@name='Increment']]]]>
    </line>
    <line>
      <![CDATA[07_26_2017_03_52_17_320 -  Single Tap On Element : [[IOSDriver:  on MAC (4628bfb5-c65c-4ed8-ad9d-8c3d0538d3f8)] -> xpath: //XCUIElementTypeTable/XCUIElementTypeCell[1]/XCUIElementTypeButton[@name='Increment']]]]>
    </line>
    <line>
      <![CDATA[07_26_2017_03_52_19_859 -  Single Tap On Element : [[IOSDriver:  on MAC (4628bfb5-c65c-4ed8-ad9d-8c3d0538d3f8)] -> xpath: //XCUIElementTypeTable/XCUIElementTypeCell[1]/XCUIElementTypeButton[@name='Increment']]]]>
    </line>
    <line>
      <![CDATA[07_26_2017_03_52_22_313 -  Single Tap On Element : [[IOSDriver:  on MAC (4628bfb5-c65c-4ed8-ad9d-8c3d0538d3f8)] -> xpath: //XCUIElementTypeTable/XCUIElementTypeCell[1]/XCUIElementTypeButton[@name='Increment']]]]>
    </line>
    <line>
      <![CDATA[07_26_2017_03_52_22_313 -  Waiting For Element : [[IOSDriver:  on MAC (4628bfb5-c65c-4ed8-ad9d-8c3d0538d3f8)] -> xpath: //XCUIElementTypeTable/XCUIElementTypeCell[1]/XCUIElementTypeButton[@name='Increment']]]]>
    </line>
    <line>
      <![CDATA[07_26_2017_03_52_22_666 - Fetching the Attribute : name - Element : [[IOSDriver:  on MAC (4628bfb5-c65c-4ed8-ad9d-8c3d0538d3f8)] -> xpath: //XCUIElementTypeTable/XCUIElementTypeCell[1]/XCUIElementTypeButton[@name='Increment']]]]>
    </line>
    <line>
      <![CDATA[Total Tap : Increment = 10]]>
[...]
              <![CDATA[07_26_2017_03_52_54_513 -  Single Tap On Element : [[IOSDriver:  on MAC (4628bfb5-c65c-4ed8-ad9d-8c3d0538d3f8)] -> xpath: //XCUIElementTypeTable/XCUIElementTypeCell[1]/XCUIElementTypeButton[@name='Decrement']]]]>
            </line>
            <line>
              <![CDATA[07_26_2017_03_52_54_513 -  Waiting For Element : [[IOSDriver:  on MAC (4628bfb5-c65c-4ed8-ad9d-8c3d0538d3f8)] -> xpath: //XCUIElementTypeTable/XCUIElementTypeCell[1]/XCUIElementTypeButton[@name='Decrement']]]]>
            </line>
            <line>
              <![CDATA[07_26_2017_03_52_54_895 - Fetching the Attribute : name - Element : [[IOSDriver:  on MAC (4628bfb5-c65c-4ed8-ad9d-8c3d0538d3f8)] -> xpath: //XCUIElementTypeTable/XCUIElementTypeCell[1]/XCUIElementTypeButton[@name='Decrement']]]]>
            </line>
            <line>
              <![CDATA[Total Tap : Decrement = 9]]>
            </line>
            <line>
              <![CDATA[07_26_2017_03_52_58_648 -  Waiting For Element : [[IOSDriver:  on MAC (4628bfb5-c65c-4ed8-ad9d-8c3d0538d3f8)] -> xpath: //XCUIElementTypeOther[@label='DEFAULT']/../following-sibling::XCUIElementTypeCell[1]/XCUIElementTypeStaticText]]]>
            </line>
            <line>
              <![CDATA[07_26_2017_03_52_59_149 -  Waiting For Element : [[IOSDriver:  on MAC (4628bfb5-c65c-4ed8-ad9d-8c3d0538d3f8)] -> xpath: //XCUIElementTypeOther[@label='DEFAULT']/../following-sibling::XCUIElementTypeCell[1]/XCUIElementTypeStaticText]]]>
            </line>
            <line>
              <![CDATA[07_26_2017_03_52_59_494 - Fetching the Attribute : value - Element : [[IOSDriver:  on MAC (4628bfb5-c65c-4ed8-ad9d-8c3d0538d3f8)] -> xpath: //XCUIElementTypeOther[@label='DEFAULT']/../following-sibling::XCUIElementTypeCell[1]/XCUIElementTypeStaticText]]]>
            </line>
            <line>
              <![CDATA[07_26_2017_03_53_05_314 -  Single Tap On Element : [[IOSDriver:  on MAC (4628bfb5-c65c-4ed8-ad9d-8c3d0538d3f8)] -> xpath: //XCUIElementTypeTable/XCUIElementTypeCell[2]/XCUIElementTypeButton[@name='Increment']]]]>
            </line>
            <line>
              <![CDATA[07_26_2017_03_53_07_860 -  Single Tap On Element : [[IOSDriver:  on MAC (4628bfb5-c65c-4ed8-ad9d-8c3d0538d3f8)] -> xpath: //XCUIElementTypeTable/XCUIElementTypeCell[2]/XCUIElementTypeButton[@name='Increment']]]]>
            </line>
            <line>
              <![CDATA[07_26_2017_03_53_10_395 -  Single Tap On Element : [[IOSDriver:  on MAC (4628bfb5-c65c-4ed8-ad9d-8c3d0538d3f8)] -> xpath: //XCUIElementTypeTable/XCUIElementTypeCell[2]/XCUIElementTypeButton[@name='Increment']]]]>
            </line>
            <line>
              <![CDATA[07_26_2017_03_53_12_922 -  Single Tap On Element : [[IOSDriver:  on MAC (4628bfb5-c65c-4ed8-ad9d-8c3d0538d3f8)] -> xpath: //XCUIElementTypeTable/XCUIElementTypeCell[2]/XCUIElementTypeButton[@name='Increment']]]]>
            </line>
            <line>
              <![CDATA[07_26_2017_03_53_15_456 -  Single Tap On Element : [[IOSDriver:  on MAC (4628bfb5-c65c-4ed8-ad9d-8c3d0538d3f8)] -> xpath: //XCUIElementTypeTable/XCUIElementTypeCell[2]/XCUIElementTypeButton[@name='Increment']]]]>
            </line>
            <line>
              <![CDATA[07_26_2017_03_53_17_959 -  Single Tap On Element : [[IOSDriver:  on MAC (4628bfb5-c65c-4ed8-ad9d-8c3d0538d3f8)] -> xpath: //XCUIElementTypeTable/XCUIElementTypeCell[2]/XCUIElementTypeButton[@name='Increment']]]]>
            </line>
            <line>
              <![CDATA[07_26_2017_03_53_20_519 -  Single Tap On Element : [[IOSDriver:  on MAC (4628bfb5-c65c-4ed8-ad9d-8c3d0538d3f8)] -> xpath: //XCUIElementTypeTable/XCUIElementTypeCell[2]/XCUIElementTypeButton[@name='Increment']]]]>
            </line>
            <line>
              <![CDATA[07_26_2017_03_53_23_023 -  Single Tap On Element : [[IOSDriver:  on MAC (4628bfb5-c65c-4ed8-ad9d-8c3d0538d3f8)] -> xpath: //XCUIElementTypeTable/XCUIElementTypeCell[2]/XCUIElementTypeButton[@name='Increment']]]]>
            </line>
            <line>
              <![CDATA[07_26_2017_03_53_25_546 -  Single Tap On Element : [[IOSDriver:  on MAC (4628bfb5-c65c-4ed8-ad9d-8c3d0538d3f8)] -> xpath: //XCUIElementTypeTable/XCUIElementTypeCell[2]/XCUIElementTypeButton[@name='Increment']]]]>
            </line>
            <line>
              <![CDATA[07_26_2017_03_53_28_046 -  Single Tap On Element : [[IOSDriver:  on MAC (4628bfb5-c65c-4ed8-ad9d-8c3d0538d3f8)] -> xpath: //XCUIElementTypeTable/XCUIElementTypeCell[2]/XCUIElementTypeButton[@name='Increment']]]]>
            </line>
            <line>
              <![CDATA[07_26_2017_03_53_28_046 -  Waiting For Element : [[IOSDriver:  on MAC (4628bfb5-c65c-4ed8-ad9d-8c3d0538d3f8)] -> xpath: //XCUIElementTypeTable/XCUIElementTypeCell[2]/XCUIElementTypeButton[@name='Increment']]]]>
            </line>
            <line>
              <![CDATA[07_26_2017_03_53_28_396 - Fetching the Attribute : name - Element : [[IOSDriver:  on MAC (4628bfb5-c65c-4ed8-ad9d-8c3d0538d3f8)] -> xpath: //XCUIElementTypeTable/XCUIElementTypeCell[2]/XCUIElementTypeButton[@name='Increment']]]]>
            </line>
            <line>
              <![CDATA[Total Tap : Increment = 10]]>
            </line>
            <line>
              <![CDATA[07_26_2017_03_53_31_796 -  Waiting For Element : [[IOSDriver:  on MAC (4628bfb5-c65c-4ed8-ad9d-8c3d0538d3f8)] -> xpath: //XCUIElementTypeOther[@label='TINTED']/../following-sibling::XCUIElementTypeCell[1]/XCUIElementTypeStaticText]]]>
            </line>
            <line>
              <![CDATA[07_26_2017_03_53_32_161 -  Waiting For Element : [[IOSDriver:  on MAC (4628bfb5-c65c-4ed8-ad9d-8c3d0538d3f8)] -> xpath: //XCUIElementTypeOther[@label='TINTED']/../following-sibling::XCUIElementTypeCell[1]/XCUIElementTypeStaticText]]]>
            </line>
            <line>
              <![CDATA[07_26_2017_03_53_32_496 - Fetching the Attribute : value - Element : [[IOSDriver:  on MAC (4628bfb5-c65c-4ed8-ad9d-8c3d0538d3f8)] -> xpath: //XCUIElementTypeOther[@label='TINTED']/../following-sibling::XCUIElementTypeCell[1]/XCUIElementTypeStaticText]]]>
            </line>
            <line>
              <![CDATA[07_26_2017_03_53_32_896 - Waiting for : 1 second(s)]]>
            </line>
            <line>
              <![CDATA[07_26_2017_03_53_33_905 Capturing Screenshot and Adding to Extent Reports]]>
            </line>
            <line>
              <![CDATA[07_26_2017_03_53_39_797 -  Single Tap On Element : [[IOSDriver:  on MAC (4628bfb5-c65c-4ed8-ad9d-8c3d0538d3f8)] -> xpath: //XCUIElementTypeTable/XCUIElementTypeCell[2]/XCUIElementTypeButton[@name='Decrement']]]]>
            </line>
            <line>
              <![CDATA[07_26_2017_03_53_42_305 -  Single Tap On Element : [[IOSDriver:  on MAC (4628bfb5-c65c-4ed8-ad9d-8c3d0538d3f8)] -> xpath: //XCUIElementTypeTable/XCUIElementTypeCell[2]/XCUIElementTypeButton[@name='Decrement']]]]>
            </line>
            <line>
              <![CDATA[07_26_2017_03_53_44_806 -  Single Tap On Element : [[IOSDriver:  on MAC (4628bfb5-c65c-4ed8-ad9d-8c3d0538d3f8)] -> xpath: //XCUIElementTypeTable/XCUIElementTypeCell[2]/XCUIElementTypeButton[@name='Decrement']]]]>
            </line>
            <line>
              <![CDATA[07_26_2017_03_53_47_298 -  Single Tap On Element : [[IOSDriver:  on MAC (4628bfb5-c65c-4ed8-ad9d-8c3d0538d3f8)] -> xpath: //XCUIElementTypeTable/XCUIElementTypeCell[2]/XCUIElementTypeButton[@name='Decrement']]]]>
            </line>
            <line>
              <![CDATA[07_26_2017_03_53_49_815 -  Single Tap On Element : [[IOSDriver:  on MAC (4628bfb5-c65c-4ed8-ad9d-8c3d0538d3f8)] -> xpath: //XCUIElementTypeTable/XCUIElementTypeCell[2]/XCUIElementTypeButton[@name='Decrement']]]]>
            </line>
            <line>
              <![CDATA[07_26_2017_03_53_52_506 -  Single Tap On Element : [[IOSDriver:  on MAC (4628bfb5-c65c-4ed8-ad9d-8c3d0538d3f8)] -> xpath: //XCUIElementTypeTable/XCUIElementTypeCell[2]/XCUIElementTypeButton[@name='Decrement']]]]>
            </line>
            <line>
              <![CDATA[07_26_2017_03_53_54_996 -  Single Tap On Element : [[IOSDriver:  on MAC (4628bfb5-c65c-4ed8-ad9d-8c3d0538d3f8)] -> xpath: //XCUIElementTypeTable/XCUIElementTypeCell[2]/XCUIElementTypeButton[@name='Decrement']]]]>
            </line>
            <line>
              <![CDATA[07_26_2017_03_53_57_511 -  Single Tap On Element : [[IOSDriver:  on MAC (4628bfb5-c65c-4ed8-ad9d-8c3d0538d3f8)] -> xpath: //XCUIElementTypeTable/XCUIElementTypeCell[2]/XCUIElementTypeButton[@name='Decrement']]]]>
            </line>
            <line>
              <![CDATA[07_26_2017_03_54_00_015 -  Single Tap On Element : [[IOSDriver:  on MAC (4628bfb5-c65c-4ed8-ad9d-8c3d0538d3f8)] -> xpath: //XCUIElementTypeTable/XCUIElementTypeCell[2]/XCUIElementTypeButton[@name='Decrement']]]]>
            </line>
            <line>
              <![CDATA[07_26_2017_03_54_00_015 -  Waiting For Element : [[IOSDriver:  on MAC (4628bfb5-c65c-4ed8-ad9d-8c3d0538d3f8)] -> xpath: //XCUIElementTypeTable/XCUIElementTypeCell[2]/XCUIElementTypeButton[@name='Decrement']]]]>
            </line>
            <line>
              <![CDATA[07_26_2017_03_54_00_446 - Fetching the Attribute : name - Element : [[IOSDriver:  on MAC (4628bfb5-c65c-4ed8-ad9d-8c3d0538d3f8)] -> xpath: //XCUIElementTypeTable/XCUIElementTypeCell[2]/XCUIElementTypeButton[@name='Decrement']]]]>
            </line>
            <line>
              <![CDATA[Total Tap : Decrement = 9]]>
            </line>
            <line>
              <![CDATA[07_26_2017_03_54_03_956 -  Waiting For Element : [[IOSDriver:  on MAC (4628bfb5-c65c-4ed8-ad9d-8c3d0538d3f8)] -> xpath: //XCUIElementTypeOther[@label='TINTED']/../following-sibling::XCUIElementTypeCell[1]/XCUIElementTypeStaticText]]]>
            </line>
            <line>
              <![CDATA[07_26_2017_03_54_04_308 -  Waiting For Element : [[IOSDriver:  on MAC (4628bfb5-c65c-4ed8-ad9d-8c3d0538d3f8)] -> xpath: //XCUIElementTypeOther[@label='TINTED']/../following-sibling::XCUIElementTypeCell[1]/XCUIElementTypeStaticText]]]>
            </line>
            <line>
              <![CDATA[07_26_2017_03_54_04_658 - Fetching the Attribute : value - Element : [[IOSDriver:  on MAC (4628bfb5-c65c-4ed8-ad9d-8c3d0538d3f8)] -> xpath: //XCUIElementTypeOther[@label='TINTED']/../following-sibling::XCUIElementTypeCell[1]/XCUIElementTypeStaticText]]]>
            </line>
            <line>
              <![CDATA[07_26_2017_03_54_10_715 -  Single Tap On Element : [[IOSDriver:  on MAC (4628bfb5-c65c-4ed8-ad9d-8c3d0538d3f8)] -> xpath: //XCUIElementTypeTable/XCUIElementTypeCell[3]/XCUIElementTypeButton[@name='Increment']]]]>
            </line>
            <line>
              <![CDATA[07_26_2017_03_54_13_272 -  Single Tap On Element : [[IOSDriver:  on MAC (4628bfb5-c65c-4ed8-ad9d-8c3d0538d3f8)] -> xpath: //XCUIElementTypeTable/XCUIElementTypeCell[3]/XCUIElementTypeButton[@name='Increment']]]]>
            </line>
            <line>
              <![CDATA[07_26_2017_03_54_15_774 -  Single Tap On Element : [[IOSDriver:  on MAC (4628bfb5-c65c-4ed8-ad9d-8c3d0538d3f8)] -> xpath: //XCUIElementTypeTable/XCUIElementTypeCell[3]/XCUIElementTypeButton[@name='Increment']]]]>
            </line>
            <line>
              <![CDATA[07_26_2017_03_54_18_360 -  Single Tap On Element : [[IOSDriver:  on MAC (4628bfb5-c65c-4ed8-ad9d-8c3d0538d3f8)] -> xpath: //XCUIElementTypeTable/XCUIElementTypeCell[3]/XCUIElementTypeButton[@name='Increment']]]]>
            </line>
            <line>
              <![CDATA[07_26_2017_03_54_20_861 -  Single Tap On Element : [[IOSDriver:  on MAC (4628bfb5-c65c-4ed8-ad9d-8c3d0538d3f8)] -> xpath: //XCUIElementTypeTable/XCUIElementTypeCell[3]/XCUIElementTypeButton[@name='Increment']]]]>
            </line>
            <line>
              <![CDATA[07_26_2017_03_54_23_448 -  Single Tap On Element : [[IOSDriver:  on MAC (4628bfb5-c65c-4ed8-ad9d-8c3d0538d3f8)] -> xpath: //XCUIElementTypeTable/XCUIElementTypeCell[3]/XCUIElementTypeButton[@name='Increment']]]]>
            </line>
            <line>
              <![CDATA[07_26_2017_03_54_25_974 -  Single Tap On Element : [[IOSDriver:  on MAC (4628bfb5-c65c-4ed8-ad9d-8c3d0538d3f8)] -> xpath: //XCUIElementTypeTable/XCUIElementTypeCell[3]/XCUIElementTypeButton[@name='Increment']]]]>
            </line>
            <line>
              <![CDATA[07_26_2017_03_54_28_563 -  Single Tap On Element : [[IOSDriver:  on MAC (4628bfb5-c65c-4ed8-ad9d-8c3d0538d3f8)] -> xpath: //XCUIElementTypeTable/XCUIElementTypeCell[3]/XCUIElementTypeButton[@name='Increment']]]]>
            </line>
            <line>
              <![CDATA[07_26_2017_03_54_31_049 -  Single Tap On Element : [[IOSDriver:  on MAC (4628bfb5-c65c-4ed8-ad9d-8c3d0538d3f8)] -> xpath: //XCUIElementTypeTable/XCUIElementTypeCell[3]/XCUIElementTypeButton[@name='Increment']]]]>
            </line>
            <line>
              <![CDATA[07_26_2017_03_54_33_613 -  Single Tap On Element : [[IOSDriver:  on MAC (4628bfb5-c65c-4ed8-ad9d-8c3d0538d3f8)] -> xpath: //XCUIElementTypeTable/XCUIElementTypeCell[3]/XCUIElementTypeButton[@name='Increment']]]]>
            </line>
            <line>
              <![CDATA[07_26_2017_03_54_33_613 -  Waiting For Element : [[IOSDriver:  on MAC (4628bfb5-c65c-4ed8-ad9d-8c3d0538d3f8)] -> xpath: //XCUIElementTypeTable/XCUIElementTypeCell[3]/XCUIElementTypeButton[@name='Increment']]]]>
            </line>
            <line>
              <![CDATA[07_26_2017_03_54_33_963 - Fetching the Attribute : name - Element : [[IOSDriver:  on MAC (4628bfb5-c65c-4ed8-ad9d-8c3d0538d3f8)] -> xpath: //XCUIElementTypeTable/XCUIElementTypeCell[3]/XCUIElementTypeButton[@name='Increment']]]]>
            </line>
            <line>
              <![CDATA[Total Tap : Increment = 10]]>
            </line>
            <line>
              <![CDATA[07_26_2017_03_54_37_612 -  Waiting For Element : [[IOSDriver:  on MAC (4628bfb5-c65c-4ed8-ad9d-8c3d0538d3f8)] -> xpath: //XCUIElementTypeOther[@label='CUSTOM']/../following-sibling::XCUIElementTypeCell[1]/XCUIElementTypeStaticText]]]>
            </line>
            <line>
              <![CDATA[07_26_2017_03_54_38_050 -  Waiting For Element : [[IOSDriver:  on MAC (4628bfb5-c65c-4ed8-ad9d-8c3d0538d3f8)] -> xpath: //XCUIElementTypeOther[@label='CUSTOM']/../following-sibling::XCUIElementTypeCell[1]/XCUIElementTypeStaticText]]]>
            </line>
            <line>
              <![CDATA[07_26_2017_03_54_38_499 - Fetching the Attribute : value - Element : [[IOSDriver:  on MAC (4628bfb5-c65c-4ed8-ad9d-8c3d0538d3f8)] -> xpath: //XCUIElementTypeOther[@label='CUSTOM']/../following-sibling::XCUIElementTypeCell[1]/XCUIElementTypeStaticText]]]>
            </line>
            <line>
              <![CDATA[07_26_2017_03_54_38_899 - Waiting for : 1 second(s)]]>
            </line>
            <line>
              <![CDATA[07_26_2017_03_54_39_909 Capturing Screenshot and Adding to Extent Reports]]>
            </line>
            <line>
              <![CDATA[07_26_2017_03_54_44_949 -  Single Tap On Element : [[IOSDriver:  on MAC (4628bfb5-c65c-4ed8-ad9d-8c3d0538d3f8)] -> xpath: //XCUIElementTypeTable/XCUIElementTypeCell[3]/XCUIElementTypeButton[@name='Decrement']]]]>
            </line>
            <line>
              <![CDATA[07_26_2017_03_54_47_500 -  Single Tap On Element : [[IOSDriver:  on MAC (4628bfb5-c65c-4ed8-ad9d-8c3d0538d3f8)] -> xpath: //XCUIElementTypeTable/XCUIElementTypeCell[3]/XCUIElementTypeButton[@name='Decrement']]]]>
            </line>
            <line>
              <![CDATA[07_26_2017_03_54_49_999 -  Single Tap On Element : [[IOSDriver:  on MAC (4628bfb5-c65c-4ed8-ad9d-8c3d0538d3f8)] -> xpath: //XCUIElementTypeTable/XCUIElementTypeCell[3]/XCUIElementTypeButton[@name='Decrement']]]]>
            </line>
            <line>
              <![CDATA[07_26_2017_03_54_52_617 -  Single Tap On Element : [[IOSDriver:  on MAC (4628bfb5-c65c-4ed8-ad9d-8c3d0538d3f8)] -> xpath: //XCUIElementTypeTable/XCUIElementTypeCell[3]/XCUIElementTypeButton[@name='Decrement']]]]>
            </line>
            <line>
              <![CDATA[07_26_2017_03_54_55_114 -  Single Tap On Element : [[IOSDriver:  on MAC (4628bfb5-c65c-4ed8-ad9d-8c3d0538d3f8)] -> xpath: //XCUIElementTypeTable/XCUIElementTypeCell[3]/XCUIElementTypeButton[@name='Decrement']]]]>
            </line>
            <line>
              <![CDATA[07_26_2017_03_54_57_625 -  Single Tap On Element : [[IOSDriver:  on MAC (4628bfb5-c65c-4ed8-ad9d-8c3d0538d3f8)] -> xpath: //XCUIElementTypeTable/XCUIElementTypeCell[3]/XCUIElementTypeButton[@name='Decrement']]]]>
            </line>
            <line>
              <![CDATA[07_26_2017_03_55_00_201 -  Single Tap On Element : [[IOSDriver:  on MAC (4628bfb5-c65c-4ed8-ad9d-8c3d0538d3f8)] -> xpath: //XCUIElementTypeTable/XCUIElementTypeCell[3]/XCUIElementTypeButton[@name='Decrement']]]]>
            </line>
            <line>
              <![CDATA[07_26_2017_03_55_02_716 -  Single Tap On Element : [[IOSDriver:  on MAC (4628bfb5-c65c-4ed8-ad9d-8c3d0538d3f8)] -> xpath: //XCUIElementTypeTable/XCUIElementTypeCell[3]/XCUIElementTypeButton[@name='Decrement']]]]>
            </line>
            <line>
              <![CDATA[07_26_2017_03_55_02_716 -  Waiting For Element : [[IOSDriver:  on MAC (4628bfb5-c65c-4ed8-ad9d-8c3d0538d3f8)] -> xpath: //XCUIElementTypeTable/XCUIElementTypeCell[3]/XCUIElementTypeButton[@name='Decrement']]]]>
            </line>
            <line>
              <![CDATA[07_26_2017_03_55_03_100 - Fetching the Attribute : name - Element : [[IOSDriver:  on MAC (4628bfb5-c65c-4ed8-ad9d-8c3d0538d3f8)] -> xpath: //XCUIElementTypeTable/XCUIElementTypeCell[3]/XCUIElementTypeButton[@name='Decrement']]]]>
            </line>
            <line>
              <![CDATA[Total Tap : Decrement = 8]]>
            </line>
            <line>
              <![CDATA[07_26_2017_03_55_06_662 -  Waiting For Element : [[IOSDriver:  on MAC (4628bfb5-c65c-4ed8-ad9d-8c3d0538d3f8)] -> xpath: //XCUIElementTypeOther[@label='CUSTOM']/../following-sibling::XCUIElementTypeCell[1]/XCUIElementTypeStaticText]]]>
            </line>
            <line>
              <![CDATA[07_26_2017_03_55_07_107 -  Waiting For Element : [[IOSDriver:  on MAC (4628bfb5-c65c-4ed8-ad9d-8c3d0538d3f8)] -> xpath: //XCUIElementTypeOther[@label='CUSTOM']/../following-sibling::XCUIElementTypeCell[1]/XCUIElementTypeStaticText]]]>
            </line>
            <line>
              <![CDATA[07_26_2017_03_55_07_459 - Fetching the Attribute : value - Element : [[IOSDriver:  on MAC (4628bfb5-c65c-4ed8-ad9d-8c3d0538d3f8)] -> xpath: //XCUIElementTypeOther[@label='CUSTOM']/../following-sibling::XCUIElementTypeCell[1]/XCUIElementTypeStaticText]]]>
            </line>
          </reporter-output>
        </test-method> <!-- test_09_UI_Catalog_Steppers -->
        <test-method status="PASS" signature="after_Method(org.testng.ITestResult)[pri:0, instance:ios.scripts.Test_09_UI_Catalog_Steppers@7c30a502]" name="after_Method" is-config="true" duration-ms="1" started-at="2017-07-26T03:55:43Z" finished-at="2017-07-26T03:55:43Z">
          <params>
            <param index="0">
              <value>
                <![CDATA[[TestResult name=test_09_UI_Catalog_Steppers status=SUCCESS method=Test_09_UI_Catalog_Steppers.test_09_UI_Catalog_Steppers(java.util.Map)[pri:0, instance:ios.scripts.Test_09_UI_Catalog_Steppers@7c30a502] output=07_26_2017_03_50_46_489 - Swiping Vertically Down ]]]>
              </value>
            </param>
          </params>
          <reporter-output>
            <line>
              <![CDATA[07_26_2017_03_55_43_156***************** Execution Complete : TEST_09_UI_CATALOG_STEPPERS ******************]]>
            </line>
          </reporter-output>
        </test-method> <!-- after_Method -->
      </class> <!-- ios.scripts.Test_09_UI_Catalog_Steppers -->
    </test> <!-- iOSTest -->
  </suite> <!-- iOSSuite -->
</testng-results>
